[I 2024-06-26 17:01:26,205] Trial 15 finished with value: 318.95788828581806 and parameters: {'learning_rate': 0.0008022695692992619, 'n_steps': 627, 'batch_size': 154, 'n_epochs': 3, 'clip_range': 0.33170840695004744, 'ent_coef': 0.07537691149327991, 'vf_coef': 0.20392044990647767, 'max_grad_norm': 0.396694353601585, 'gae_lambda': 0.9998881327820917, 'env_reward_weight': 0.23532558094994632}. Best is trial 4 with value: 394.16505318492176.
/Users/kacper/micromamba/envs/stackelberg/lib/python3.10/site-packages/stable_baselines3/ppo/ppo.py:155: UserWarning: You have specified a mini-batch size of 248, but because the `RolloutBuffer` is of size `n_steps * n_envs = 259`, after every 1 untruncated mini-batches, there will be a truncated mini-batch of size 11
We recommend using a `batch_size` that is a factor of `n_steps * n_envs`.
Info: (n_steps=259 and n_envs=1)
  warnings.warn(
mean mean reward: 17.87164361559568, mean last reward: 22.08999999932945, score: 238.77164360889017
[I 2024-06-26 17:02:34,035] Trial 16 finished with value: 238.77164360889017 and parameters: {'learning_rate': 0.0027879357385543783, 'n_steps': 259, 'batch_size': 248, 'n_epochs': 7, 'clip_range': 0.13117009231577462, 'ent_coef': 0.03591630138941418, 'vf_coef': 0.47937609729413516, 'max_grad_norm': 0.5382019091312457, 'gae_lambda': 0.9142442328672771, 'env_reward_weight': 0.42645268881883946}. Best is trial 4 with value: 394.16505318492176.
/Users/kacper/micromamba/envs/stackelberg/lib/python3.10/site-packages/stable_baselines3/ppo/ppo.py:155: UserWarning: You have specified a mini-batch size of 23, but because the `RolloutBuffer` is of size `n_steps * n_envs = 867`, after every 37 untruncated mini-batches, there will be a truncated mini-batch of size 16
We recommend using a `batch_size` that is a factor of `n_steps * n_envs`.
Info: (n_steps=867 and n_envs=1)
  warnings.warn(
mean mean reward: 7.642941488017665, mean last reward: 1.64499999858439, score: 24.092941473861565
[I 2024-06-26 17:03:31,093] Trial 17 finished with value: 24.092941473861565 and parameters: {'learning_rate': 0.0002122983766181835, 'n_steps': 867, 'batch_size': 23, 'n_epochs': 1, 'clip_range': 0.23941690548727065, 'ent_coef': 0.07985205792325656, 'vf_coef': 0.6677376987835385, 'max_grad_norm': 0.3885203718881944, 'gae_lambda': 0.9105300362450475, 'env_reward_weight': 0.6689112138608265}. Best is trial 4 with value: 394.16505318492176.
/Users/kacper/micromamba/envs/stackelberg/lib/python3.10/site-packages/stable_baselines3/ppo/ppo.py:155: UserWarning: You have specified a mini-batch size of 93, but because the `RolloutBuffer` is of size `n_steps * n_envs = 1333`, after every 14 untruncated mini-batches, there will be a truncated mini-batch of size 31
We recommend using a `batch_size` that is a factor of `n_steps * n_envs`.
Info: (n_steps=1333 and n_envs=1)
  warnings.warn(
mean mean reward: 10.67352127519139, mean last reward: 15.8749999987334, score: 169.4235212625254
[I 2024-06-26 17:04:30,584] Trial 18 finished with value: 169.4235212625254 and parameters: {'learning_rate': 0.002500228944045909, 'n_steps': 1333, 'batch_size': 93, 'n_epochs': 6, 'clip_range': 0.17192587847300386, 'ent_coef': 0.06340929039347803, 'vf_coef': 0.2945973459515422, 'max_grad_norm': 0.8198512714944397, 'gae_lambda': 0.9983032804167099, 'env_reward_weight': 0.286233172002264}. Best is trial 4 with value: 394.16505318492176.
/Users/kacper/micromamba/envs/stackelberg/lib/python3.10/site-packages/stable_baselines3/ppo/ppo.py:155: UserWarning: You have specified a mini-batch size of 132, but because the `RolloutBuffer` is of size `n_steps * n_envs = 1795`, after every 13 untruncated mini-batches, there will be a truncated mini-batch of size 79
We recommend using a `batch_size` that is a factor of `n_steps * n_envs`.
Info: (n_steps=1795 and n_envs=1)
  warnings.warn(
mean mean reward: 6.385329785839991, mean last reward: 1.6559999983012674, score: 22.945329768852666
[I 2024-06-26 17:05:32,279] Trial 19 finished with value: 22.945329768852666 and parameters: {'learning_rate': 0.0008009308412350796, 'n_steps': 1795, 'batch_size': 132, 'n_epochs': 13, 'clip_range': 0.12565419584118442, 'ent_coef': 0.024181317405121385, 'vf_coef': 0.15942256709823382, 'max_grad_norm': 0.6030677987718518, 'gae_lambda': 0.9571676161436128, 'env_reward_weight': 0.49720703513715264}. Best is trial 4 with value: 394.16505318492176.
/Users/kacper/micromamba/envs/stackelberg/lib/python3.10/site-packages/stable_baselines3/ppo/ppo.py:155: UserWarning: You have specified a mini-batch size of 191, but because the `RolloutBuffer` is of size `n_steps * n_envs = 516`, after every 2 untruncated mini-batches, there will be a truncated mini-batch of size 134
We recommend using a `batch_size` that is a factor of `n_steps * n_envs`.
Info: (n_steps=516 and n_envs=1)
  warnings.warn(
mean mean reward: 22.653877658224168, mean last reward: 15.832999997660517, score: 180.98387763482933
[I 2024-06-26 17:06:41,106] Trial 20 finished with value: 180.98387763482933 and parameters: {'learning_rate': 0.003603771018062432, 'n_steps': 516, 'batch_size': 191, 'n_epochs': 3, 'clip_range': 0.3072284819760118, 'ent_coef': 0.04459841462550285, 'vf_coef': 0.47909533481901784, 'max_grad_norm': 0.47073739318580327, 'gae_lambda': 0.826621245177705, 'env_reward_weight': 0.12375478525331235}. Best is trial 4 with value: 394.16505318492176.
/Users/kacper/micromamba/envs/stackelberg/lib/python3.10/site-packages/stable_baselines3/ppo/ppo.py:155: UserWarning: You have specified a mini-batch size of 142, but because the `RolloutBuffer` is of size `n_steps * n_envs = 707`, after every 4 untruncated mini-batches, there will be a truncated mini-batch of size 139
We recommend using a `batch_size` that is a factor of `n_steps * n_envs`.
Info: (n_steps=707 and n_envs=1)
  warnings.warn(
mean mean reward: 11.614026594276917, mean last reward: 36.56199999935925, score: 377.23402658786944
[I 2024-06-26 17:07:35,877] Trial 21 finished with value: 377.23402658786944 and parameters: {'learning_rate': 0.0013523382308469067, 'n_steps': 707, 'batch_size': 142, 'n_epochs': 1, 'clip_range': 0.10020422600797269, 'ent_coef': 0.09948879969471014, 'vf_coef': 0.12801199501660265, 'max_grad_norm': 0.3183969735199452, 'gae_lambda': 0.9397205969288063, 'env_reward_weight': 0.3106101299736253}. Best is trial 4 with value: 394.16505318492176.
/Users/kacper/micromamba/envs/stackelberg/lib/python3.10/site-packages/stable_baselines3/ppo/ppo.py:155: UserWarning: You have specified a mini-batch size of 154, but because the `RolloutBuffer` is of size `n_steps * n_envs = 937`, after every 6 untruncated mini-batches, there will be a truncated mini-batch of size 13
We recommend using a `batch_size` that is a factor of `n_steps * n_envs`.
Info: (n_steps=937 and n_envs=1)
  warnings.warn(
mean mean reward: 9.452223402811017, mean last reward: 22.472999999672176, score: 234.18222339953277
[I 2024-06-26 17:08:28,843] Trial 22 finished with value: 234.18222339953277 and parameters: {'learning_rate': 0.0007083794751101614, 'n_steps': 937, 'batch_size': 154, 'n_epochs': 2, 'clip_range': 0.10060644415174953, 'ent_coef': 0.08818848899941267, 'vf_coef': 0.10142634735997627, 'max_grad_norm': 0.34901003938183617, 'gae_lambda': 0.9191557042798828, 'env_reward_weight': 0.307914825160115}. Best is trial 4 with value: 394.16505318492176.
/Users/kacper/micromamba/envs/stackelberg/lib/python3.10/site-packages/stable_baselines3/ppo/ppo.py:155: UserWarning: You have specified a mini-batch size of 90, but because the `RolloutBuffer` is of size `n_steps * n_envs = 242`, after every 2 untruncated mini-batches, there will be a truncated mini-batch of size 62
We recommend using a `batch_size` that is a factor of `n_steps * n_envs`.
Info: (n_steps=242 and n_envs=1)
  warnings.warn(
mean mean reward: 23.672292552126297, mean last reward: 15.805999998226762, score: 181.7322925343939
[I 2024-06-26 17:09:44,767] Trial 23 finished with value: 181.7322925343939 and parameters: {'learning_rate': 0.0017245044274214712, 'n_steps': 242, 'batch_size': 90, 'n_epochs': 5, 'clip_range': 0.16640844694673143, 'ent_coef': 0.0883428202588161, 'vf_coef': 0.29473661059091055, 'max_grad_norm': 0.3038215105773253, 'gae_lambda': 0.9548888058383376, 'env_reward_weight': 0.5086609784147852}. Best is trial 4 with value: 394.16505318492176.
/Users/kacper/micromamba/envs/stackelberg/lib/python3.10/site-packages/stable_baselines3/ppo/ppo.py:155: UserWarning: You have specified a mini-batch size of 124, but because the `RolloutBuffer` is of size `n_steps * n_envs = 794`, after every 6 untruncated mini-batches, there will be a truncated mini-batch of size 50
We recommend using a `batch_size` that is a factor of `n_steps * n_envs`.
Info: (n_steps=794 and n_envs=1)
  warnings.warn(
mean mean reward: 11.526622339175974, mean last reward: 15.483999998793006, score: 166.36662232710606
[I 2024-06-26 17:10:46,212] Trial 24 finished with value: 166.36662232710606 and parameters: {'learning_rate': 0.00017136957830151073, 'n_steps': 794, 'batch_size': 124, 'n_epochs': 8, 'clip_range': 0.1224078527724821, 'ent_coef': 0.06817385993403975, 'vf_coef': 0.18770462977828617, 'max_grad_norm': 0.45539822807608255, 'gae_lambda': 0.9802820191691546, 'env_reward_weight': 0.12943647677138448}. Best is trial 4 with value: 394.16505318492176.
/Users/kacper/micromamba/envs/stackelberg/lib/python3.10/site-packages/stable_baselines3/ppo/ppo.py:155: UserWarning: You have specified a mini-batch size of 209, but because the `RolloutBuffer` is of size `n_steps * n_envs = 544`, after every 2 untruncated mini-batches, there will be a truncated mini-batch of size 126
We recommend using a `batch_size` that is a factor of `n_steps * n_envs`.
Info: (n_steps=544 and n_envs=1)
  warnings.warn(
mean mean reward: 13.619138296544156, mean last reward: 22.5709999986738, score: 239.32913828328213
[I 2024-06-26 17:11:46,292] Trial 25 finished with value: 239.32913828328213 and parameters: {'learning_rate': 0.00044883141965688017, 'n_steps': 544, 'batch_size': 209, 'n_epochs': 3, 'clip_range': 0.14428997119092504, 'ent_coef': 0.0874610917955786, 'vf_coef': 0.2594481430385951, 'max_grad_norm': 0.371113021104959, 'gae_lambda': 0.9011649901712179, 'env_reward_weight': 0.31722677258232806}. Best is trial 4 with value: 394.16505318492176.
/Users/kacper/micromamba/envs/stackelberg/lib/python3.10/site-packages/stable_baselines3/ppo/ppo.py:155: UserWarning: You have specified a mini-batch size of 150, but because the `RolloutBuffer` is of size `n_steps * n_envs = 1016`, after every 6 untruncated mini-batches, there will be a truncated mini-batch of size 116
We recommend using a `batch_size` that is a factor of `n_steps * n_envs`.
Info: (n_steps=1016 and n_envs=1)
  warnings.warn(
mean mean reward: 9.806952126215984, mean last reward: 15.641999998316171, score: 166.2269521093777
[I 2024-06-26 17:12:38,313] Trial 26 finished with value: 166.2269521093777 and parameters: {'learning_rate': 0.0010895711214607337, 'n_steps': 1016, 'batch_size': 150, 'n_epochs': 2, 'clip_range': 0.12412352849677252, 'ent_coef': 0.09847627294127707, 'vf_coef': 0.18407926335101607, 'max_grad_norm': 0.5162322680149019, 'gae_lambda': 0.9385029904144201, 'env_reward_weight': 0.4488190550504346}. Best is trial 4 with value: 394.16505318492176.
/Users/kacper/micromamba/envs/stackelberg/lib/python3.10/site-packages/stable_baselines3/ppo/ppo.py:155: UserWarning: You have specified a mini-batch size of 48, but because the `RolloutBuffer` is of size `n_steps * n_envs = 1225`, after every 25 untruncated mini-batches, there will be a truncated mini-batch of size 25
We recommend using a `batch_size` that is a factor of `n_steps * n_envs`.
Info: (n_steps=1225 and n_envs=1)
  warnings.warn(
mean mean reward: 10.689005317626561, mean last reward: 22.526999998763205, score: 235.95900530525861
[I 2024-06-26 17:13:58,226] Trial 27 finished with value: 235.95900530525861 and parameters: {'learning_rate': 0.008867916853067153, 'n_steps': 1225, 'batch_size': 48, 'n_epochs': 12, 'clip_range': 0.1809709735981752, 'ent_coef': 0.02864538793526088, 'vf_coef': 0.4156872810429043, 'max_grad_norm': 0.6437895379741668, 'gae_lambda': 0.9580608035033783, 'env_reward_weight': 0.19808760193673378}. Best is trial 4 with value: 394.16505318492176.
/Users/kacper/micromamba/envs/stackelberg/lib/python3.10/site-packages/stable_baselines3/ppo/ppo.py:155: UserWarning: You have specified a mini-batch size of 84, but because the `RolloutBuffer` is of size `n_steps * n_envs = 390`, after every 4 untruncated mini-batches, there will be a truncated mini-batch of size 54
We recommend using a `batch_size` that is a factor of `n_steps * n_envs`.
Info: (n_steps=390 and n_envs=1)
  warnings.warn(
mean mean reward: 23.805590424372397, mean last reward: 36.40199999921024, score: 387.82559041647477
[I 2024-06-26 17:15:13,668] Trial 28 finished with value: 387.82559041647477 and parameters: {'learning_rate': 0.002236333383844817, 'n_steps': 390, 'batch_size': 84, 'n_epochs': 5, 'clip_range': 0.2336031401577082, 'ent_coef': 0.04502168972734417, 'vf_coef': 0.30932685800009263, 'max_grad_norm': 0.429257085874014, 'gae_lambda': 0.967342904103677, 'env_reward_weight': 0.31652457883836477}. Best is trial 4 with value: 394.16505318492176.
/Users/kacper/micromamba/envs/stackelberg/lib/python3.10/site-packages/stable_baselines3/ppo/ppo.py:155: UserWarning: You have specified a mini-batch size of 73, but because the `RolloutBuffer` is of size `n_steps * n_envs = 147`, after every 2 untruncated mini-batches, there will be a truncated mini-batch of size 1
We recommend using a `batch_size` that is a factor of `n_steps * n_envs`.
Info: (n_steps=147 and n_envs=1)
  warnings.warn(
mean mean reward: 25.82218085000331, mean last reward: 29.359999999403954, score: 319.4221808440428
[I 2024-06-26 17:16:42,643] Trial 29 finished with value: 319.4221808440428 and parameters: {'learning_rate': 0.0023885147697779007, 'n_steps': 147, 'batch_size': 73, 'n_epochs': 9, 'clip_range': 0.23794760808752946, 'ent_coef': 0.04682463670531534, 'vf_coef': 0.303718739231534, 'max_grad_norm': 0.424921219533966, 'gae_lambda': 0.967415979206911, 'env_reward_weight': 0.07466676838330125}. Best is trial 4 with value: 394.16505318492176.
/Users/kacper/micromamba/envs/stackelberg/lib/python3.10/site-packages/stable_baselines3/ppo/ppo.py:155: UserWarning: You have specified a mini-batch size of 78, but because the `RolloutBuffer` is of size `n_steps * n_envs = 384`, after every 4 untruncated mini-batches, there will be a truncated mini-batch of size 72
We recommend using a `batch_size` that is a factor of `n_steps * n_envs`.
Info: (n_steps=384 and n_envs=1)
  warnings.warn(
mean mean reward: 3.2279308499146175, mean last reward: 1.4519999986886978, score: 17.747930836801594
[I 2024-06-26 17:17:47,873] Trial 30 finished with value: 17.747930836801594 and parameters: {'learning_rate': 1.6696826093652737e-05, 'n_steps': 384, 'batch_size': 78, 'n_epochs': 6, 'clip_range': 0.3615421471720265, 'ent_coef': 0.013619009654392701, 'vf_coef': 0.5689980984416582, 'max_grad_norm': 0.6895242724143671, 'gae_lambda': 0.9890174472520865, 'env_reward_weight': 0.46249598084906934}. Best is trial 4 with value: 394.16505318492176.
/Users/kacper/micromamba/envs/stackelberg/lib/python3.10/site-packages/stable_baselines3/ppo/ppo.py:155: UserWarning: You have specified a mini-batch size of 115, but because the `RolloutBuffer` is of size `n_steps * n_envs = 148`, after every 1 untruncated mini-batches, there will be a truncated mini-batch of size 33
We recommend using a `batch_size` that is a factor of `n_steps * n_envs`.
Info: (n_steps=148 and n_envs=1)
  warnings.warn(
mean mean reward: 27.19507446696308, mean last reward: 36.35399999916554, score: 390.73507445861844
[I 2024-06-26 17:19:09,518] Trial 31 finished with value: 390.73507445861844 and parameters: {'learning_rate': 0.0045244289742024, 'n_steps': 148, 'batch_size': 115, 'n_epochs': 4, 'clip_range': 0.1529934858204552, 'ent_coef': 0.04195604187973914, 'vf_coef': 0.1584566179457132, 'max_grad_norm': 0.35232494794873076, 'gae_lambda': 0.9455196024881571, 'env_reward_weight': 0.33981518248560943}. Best is trial 4 with value: 394.16505318492176.
/Users/kacper/micromamba/envs/stackelberg/lib/python3.10/site-packages/stable_baselines3/ppo/ppo.py:155: UserWarning: You have specified a mini-batch size of 123, but because the `RolloutBuffer` is of size `n_steps * n_envs = 155`, after every 1 untruncated mini-batches, there will be a truncated mini-batch of size 32
We recommend using a `batch_size` that is a factor of `n_steps * n_envs`.
Info: (n_steps=155 and n_envs=1)
  warnings.warn(
mean mean reward: 28.986936169172377, mean last reward: 36.25799999907613, score: 391.5669361599337
[I 2024-06-26 17:20:33,738] Trial 32 finished with value: 391.5669361599337 and parameters: {'learning_rate': 0.004012580622500898, 'n_steps': 155, 'batch_size': 123, 'n_epochs': 5, 'clip_range': 0.2607079584207039, 'ent_coef': 0.029270980590632708, 'vf_coef': 0.1968459728565614, 'max_grad_norm': 0.4170895732614265, 'gae_lambda': 0.9231982948198642, 'env_reward_weight': 0.3589119291145963}. Best is trial 4 with value: 394.16505318492176.
/Users/kacper/micromamba/envs/stackelberg/lib/python3.10/site-packages/stable_baselines3/ppo/ppo.py:155: UserWarning: You have specified a mini-batch size of 110, but because the `RolloutBuffer` is of size `n_steps * n_envs = 190`, after every 1 untruncated mini-batches, there will be a truncated mini-batch of size 80
We recommend using a `batch_size` that is a factor of `n_steps * n_envs`.
Info: (n_steps=190 and n_envs=1)
  warnings.warn(
mean mean reward: 28.984164892517505, mean last reward: 29.65799999818206, score: 325.56416487433813
[I 2024-06-26 17:21:56,746] Trial 33 finished with value: 325.56416487433813 and parameters: {'learning_rate': 0.004410431304009601, 'n_steps': 190, 'batch_size': 110, 'n_epochs': 5, 'clip_range': 0.26821241681983643, 'ent_coef': 0.02911960182756911, 'vf_coef': 0.21583809087231293, 'max_grad_norm': 0.5556626189421133, 'gae_lambda': 0.9628549634297185, 'env_reward_weight': 0.25855154998816066}. Best is trial 4 with value: 394.16505318492176.
/Users/kacper/micromamba/envs/stackelberg/lib/python3.10/site-packages/stable_baselines3/ppo/ppo.py:155: UserWarning: You have specified a mini-batch size of 87, but because the `RolloutBuffer` is of size `n_steps * n_envs = 74`, after every 0 untruncated mini-batches, there will be a truncated mini-batch of size 74
We recommend using a `batch_size` that is a factor of `n_steps * n_envs`.
Info: (n_steps=74 and n_envs=1)
  warnings.warn(
mean mean reward: 21.158335105401086, mean last reward: 21.910999999120833, score: 240.2683350966094
[I 2024-06-26 17:23:22,768] Trial 34 finished with value: 240.2683350966094 and parameters: {'learning_rate': 0.005970503623177981, 'n_steps': 74, 'batch_size': 87, 'n_epochs': 8, 'clip_range': 0.21389458816655646, 'ent_coef': 0.04257219054965813, 'vf_coef': 0.2961320213221478, 'max_grad_norm': 0.4903498638338174, 'gae_lambda': 0.9224537933442835, 'env_reward_weight': 0.15456344590785082}. Best is trial 4 with value: 394.16505318492176.
/Users/kacper/micromamba/envs/stackelberg/lib/python3.10/site-packages/stable_baselines3/ppo/ppo.py:155: UserWarning: You have specified a mini-batch size of 109, but because the `RolloutBuffer` is of size `n_steps * n_envs = 299`, after every 2 untruncated mini-batches, there will be a truncated mini-batch of size 81
We recommend using a `batch_size` that is a factor of `n_steps * n_envs`.
Info: (n_steps=299 and n_envs=1)
  warnings.warn(
mean mean reward: 25.58857446694152, mean last reward: 36.369999999180436, score: 389.28857445874587
[I 2024-06-26 17:24:39,185] Trial 35 finished with value: 389.28857445874587 and parameters: {'learning_rate': 0.003272093103658441, 'n_steps': 299, 'batch_size': 109, 'n_epochs': 5, 'clip_range': 0.2693549852720008, 'ent_coef': 0.05504755043619697, 'vf_coef': 0.3438212092564447, 'max_grad_norm': 0.4343737682476656, 'gae_lambda': 0.9456416725357872, 'env_reward_weight': 0.34146618951826946}. Best is trial 4 with value: 394.16505318492176.
/Users/kacper/micromamba/envs/stackelberg/lib/python3.10/site-packages/stable_baselines3/ppo/ppo.py:155: UserWarning: You have specified a mini-batch size of 117, but because the `RolloutBuffer` is of size `n_steps * n_envs = 193`, after every 1 untruncated mini-batches, there will be a truncated mini-batch of size 76
We recommend using a `batch_size` that is a factor of `n_steps * n_envs`.
Info: (n_steps=193 and n_envs=1)
  warnings.warn(
mean mean reward: 23.10525531788614, mean last reward: 28.97499999903142, score: 312.85525530820036
[I 2024-06-26 17:25:55,259] Trial 36 finished with value: 312.85525530820036 and parameters: {'learning_rate': 0.003599368591970285, 'n_steps': 193, 'batch_size': 117, 'n_epochs': 7, 'clip_range': 0.26071754407886194, 'ent_coef': 0.05627496520616387, 'vf_coef': 0.426553667773134, 'max_grad_norm': 0.6191965535655699, 'gae_lambda': 0.8941340187364188, 'env_reward_weight': 0.5779989166384565}. Best is trial 4 with value: 394.16505318492176.
/Users/kacper/micromamba/envs/stackelberg/lib/python3.10/site-packages/stable_baselines3/ppo/ppo.py:155: UserWarning: You have specified a mini-batch size of 175, but because the `RolloutBuffer` is of size `n_steps * n_envs = 288`, after every 1 untruncated mini-batches, there will be a truncated mini-batch of size 113
We recommend using a `batch_size` that is a factor of `n_steps * n_envs`.
Info: (n_steps=288 and n_envs=1)
  warnings.warn(
mean mean reward: 4.455505317829233, mean last reward: 15.969999998584388, score: 164.1555053036731
