[I 2024-06-26 17:55:11,623] Trial 59 finished with value: 181.04359570407365 and parameters: {'learning_rate': 0.0024651637765289625, 'n_steps': 251, 'batch_size': 104, 'n_epochs': 20, 'clip_range': 0.1366554438217095, 'ent_coef': 0.049234017560958195, 'vf_coef': 0.3916467358465271, 'max_grad_norm': 0.5757136612707732, 'gae_lambda': 0.905865776670127, 'env_reward_weight': 0.3290346917072113}. Best is trial 4 with value: 394.16505318492176.
/Users/kacper/micromamba/envs/stackelberg/lib/python3.10/site-packages/stable_baselines3/ppo/ppo.py:155: UserWarning: You have specified a mini-batch size of 57, but because the `RolloutBuffer` is of size `n_steps * n_envs = 321`, after every 5 untruncated mini-batches, there will be a truncated mini-batch of size 36
We recommend using a `batch_size` that is a factor of `n_steps * n_envs`.
Info: (n_steps=321 and n_envs=1)
  warnings.warn(
mean mean reward: 24.408196807392734, mean last reward: 36.433999999240044, score: 388.74819679979316
[I 2024-06-26 17:56:30,081] Trial 60 finished with value: 388.74819679979316 and parameters: {'learning_rate': 0.003956580511094025, 'n_steps': 321, 'batch_size': 57, 'n_epochs': 4, 'clip_range': 0.24679209648944198, 'ent_coef': 0.06961510332387175, 'vf_coef': 0.19214030067821986, 'max_grad_norm': 0.44614236904074744, 'gae_lambda': 0.9761519076498, 'env_reward_weight': 0.527465983671597}. Best is trial 4 with value: 394.16505318492176.
/Users/kacper/micromamba/envs/stackelberg/lib/python3.10/site-packages/stable_baselines3/ppo/ppo.py:155: UserWarning: You have specified a mini-batch size of 97, but because the `RolloutBuffer` is of size `n_steps * n_envs = 220`, after every 2 untruncated mini-batches, there will be a truncated mini-batch of size 26
We recommend using a `batch_size` that is a factor of `n_steps * n_envs`.
Info: (n_steps=220 and n_envs=1)
  warnings.warn(
mean mean reward: 28.38444680747952, mean last reward: 22.3399999987334, score: 251.78444679481353
[I 2024-06-26 17:57:52,723] Trial 61 finished with value: 251.78444679481353 and parameters: {'learning_rate': 0.0051693902299174595, 'n_steps': 220, 'batch_size': 97, 'n_epochs': 5, 'clip_range': 0.3662640486292844, 'ent_coef': 0.03541660939097105, 'vf_coef': 0.4981982684898149, 'max_grad_norm': 0.8802965897010077, 'gae_lambda': 0.9358511827327742, 'env_reward_weight': 0.4819876839160974}. Best is trial 4 with value: 394.16505318492176.
/Users/kacper/micromamba/envs/stackelberg/lib/python3.10/site-packages/stable_baselines3/ppo/ppo.py:155: UserWarning: You have specified a mini-batch size of 116, but because the `RolloutBuffer` is of size `n_steps * n_envs = 130`, after every 1 untruncated mini-batches, there will be a truncated mini-batch of size 14
We recommend using a `batch_size` that is a factor of `n_steps * n_envs`.
Info: (n_steps=130 and n_envs=1)
  warnings.warn(
mean mean reward: 26.37022872232178, mean last reward: 36.369999999180436, score: 390.07022871412613
[I 2024-06-26 17:59:08,440] Trial 62 finished with value: 390.07022871412613 and parameters: {'learning_rate': 0.009656110710864875, 'n_steps': 130, 'batch_size': 116, 'n_epochs': 2, 'clip_range': 0.3503141489200354, 'ent_coef': 0.03355975575591125, 'vf_coef': 0.6852970994793266, 'max_grad_norm': 0.7415020327780707, 'gae_lambda': 0.928607290170076, 'env_reward_weight': 0.5726557046960886}. Best is trial 4 with value: 394.16505318492176.
/Users/kacper/micromamba/envs/stackelberg/lib/python3.10/site-packages/stable_baselines3/ppo/ppo.py:155: UserWarning: You have specified a mini-batch size of 123, but because the `RolloutBuffer` is of size `n_steps * n_envs = 110`, after every 0 untruncated mini-batches, there will be a truncated mini-batch of size 110
We recommend using a `batch_size` that is a factor of `n_steps * n_envs`.
Info: (n_steps=110 and n_envs=1)
  warnings.warn(
mean mean reward: 28.558611700995726, mean last reward: 36.46599999926984, score: 393.21861169369413
[I 2024-06-26 18:00:27,788] Trial 63 finished with value: 393.21861169369413 and parameters: {'learning_rate': 0.009552992465024975, 'n_steps': 110, 'batch_size': 123, 'n_epochs': 2, 'clip_range': 0.34760435532893225, 'ent_coef': 0.05897318291937313, 'vf_coef': 0.7283583713972485, 'max_grad_norm': 0.8006613390557648, 'gae_lambda': 0.9267651345360096, 'env_reward_weight': 0.5615507766152505}. Best is trial 4 with value: 394.16505318492176.
/Users/kacper/micromamba/envs/stackelberg/lib/python3.10/site-packages/stable_baselines3/ppo/ppo.py:155: UserWarning: You have specified a mini-batch size of 120, but because the `RolloutBuffer` is of size `n_steps * n_envs = 2024`, after every 16 untruncated mini-batches, there will be a truncated mini-batch of size 104
We recommend using a `batch_size` that is a factor of `n_steps * n_envs`.
Info: (n_steps=2024 and n_envs=1)
  warnings.warn(
mean mean reward: 10.487361700614874, mean last reward: 8.602999998554587, score: 96.51736168616074
[I 2024-06-26 18:01:21,924] Trial 64 finished with value: 96.51736168616074 and parameters: {'learning_rate': 0.009106434994686458, 'n_steps': 2024, 'batch_size': 120, 'n_epochs': 2, 'clip_range': 0.34883349341793624, 'ent_coef': 0.026331139502231874, 'vf_coef': 0.7660936142677442, 'max_grad_norm': 0.7876765786835738, 'gae_lambda': 0.9142908870423617, 'env_reward_weight': 0.6244086488744998}. Best is trial 4 with value: 394.16505318492176.
/Users/kacper/micromamba/envs/stackelberg/lib/python3.10/site-packages/stable_baselines3/ppo/ppo.py:155: UserWarning: You have specified a mini-batch size of 149, but because the `RolloutBuffer` is of size `n_steps * n_envs = 127`, after every 0 untruncated mini-batches, there will be a truncated mini-batch of size 127
We recommend using a `batch_size` that is a factor of `n_steps * n_envs`.
Info: (n_steps=127 and n_envs=1)
  warnings.warn(
mean mean reward: 28.187335105297414, mean last reward: 29.437999999448657, score: 322.567335099784
[I 2024-06-26 18:02:42,217] Trial 65 finished with value: 322.567335099784 and parameters: {'learning_rate': 0.006552247305841113, 'n_steps': 127, 'batch_size': 149, 'n_epochs': 2, 'clip_range': 0.38774267266927065, 'ent_coef': 0.06005232816559482, 'vf_coef': 0.6993671807954576, 'max_grad_norm': 0.7513710535017635, 'gae_lambda': 0.9257736515218452, 'env_reward_weight': 0.5669654244890503}. Best is trial 4 with value: 394.16505318492176.
/Users/kacper/micromamba/envs/stackelberg/lib/python3.10/site-packages/stable_baselines3/ppo/ppo.py:155: UserWarning: You have specified a mini-batch size of 127, but because the `RolloutBuffer` is of size `n_steps * n_envs = 67`, after every 0 untruncated mini-batches, there will be a truncated mini-batch of size 67
We recommend using a `batch_size` that is a factor of `n_steps * n_envs`.
Info: (n_steps=67 and n_envs=1)
  warnings.warn(
mean mean reward: 3.6664893605124127, mean last reward: 1.3339999993145466, score: 17.006489353657877
[I 2024-06-26 18:03:37,914] Trial 66 finished with value: 17.006489353657877 and parameters: {'learning_rate': 8.258850190892935e-05, 'n_steps': 67, 'batch_size': 127, 'n_epochs': 1, 'clip_range': 0.3707603935295282, 'ent_coef': 0.032107270158996254, 'vf_coef': 0.7240826220290821, 'max_grad_norm': 0.841634891049004, 'gae_lambda': 0.8990442001998794, 'env_reward_weight': 0.6865233714733534}. Best is trial 4 with value: 394.16505318492176.
/Users/kacper/micromamba/envs/stackelberg/lib/python3.10/site-packages/stable_baselines3/ppo/ppo.py:155: UserWarning: You have specified a mini-batch size of 156, but because the `RolloutBuffer` is of size `n_steps * n_envs = 378`, after every 2 untruncated mini-batches, there will be a truncated mini-batch of size 66
We recommend using a `batch_size` that is a factor of `n_steps * n_envs`.
Info: (n_steps=378 and n_envs=1)
  warnings.warn(
mean mean reward: 3.249196807355323, mean last reward: 1.7489999980479483, score: 20.739196787834803
[I 2024-06-26 18:04:34,424] Trial 67 finished with value: 20.739196787834803 and parameters: {'learning_rate': 1.2134652889844616e-05, 'n_steps': 378, 'batch_size': 156, 'n_epochs': 3, 'clip_range': 0.32644202045946474, 'ent_coef': 0.044062593593670735, 'vf_coef': 0.8958619200641971, 'max_grad_norm': 0.700603391108147, 'gae_lambda': 0.9529043067335282, 'env_reward_weight': 0.7639193233090835}. Best is trial 4 with value: 394.16505318492176.
/Users/kacper/micromamba/envs/stackelberg/lib/python3.10/site-packages/stable_baselines3/ppo/ppo.py:155: UserWarning: You have specified a mini-batch size of 138, but because the `RolloutBuffer` is of size `n_steps * n_envs = 189`, after every 1 untruncated mini-batches, there will be a truncated mini-batch of size 51
We recommend using a `batch_size` that is a factor of `n_steps * n_envs`.
Info: (n_steps=189 and n_envs=1)
  warnings.warn(
mean mean reward: 29.00215957338862, mean last reward: 36.52999999932945, score: 394.3021595666831
[I 2024-06-26 18:05:52,931] Trial 68 finished with value: 394.3021595666831 and parameters: {'learning_rate': 0.00996582543273961, 'n_steps': 189, 'batch_size': 138, 'n_epochs': 2, 'clip_range': 0.34193735205629605, 'ent_coef': 0.023026421189556646, 'vf_coef': 0.7966589088420943, 'max_grad_norm': 0.7556307021424795, 'gae_lambda': 0.959714730274539, 'env_reward_weight': 0.6629737667299374}. Best is trial 68 with value: 394.3021595666831.
/Users/kacper/micromamba/envs/stackelberg/lib/python3.10/site-packages/stable_baselines3/ppo/ppo.py:155: UserWarning: You have specified a mini-batch size of 138, but because the `RolloutBuffer` is of size `n_steps * n_envs = 1890`, after every 13 untruncated mini-batches, there will be a truncated mini-batch of size 96
We recommend using a `batch_size` that is a factor of `n_steps * n_envs`.
Info: (n_steps=1890 and n_envs=1)
  warnings.warn(
mean mean reward: 10.675920211175416, mean last reward: 29.403999999389054, score: 304.71592020506597
[I 2024-06-26 18:06:45,922] Trial 69 finished with value: 304.71592020506597 and parameters: {'learning_rate': 0.007747098774761788, 'n_steps': 1890, 'batch_size': 138, 'n_epochs': 1, 'clip_range': 0.34966311379896914, 'ent_coef': 0.02281712419622442, 'vf_coef': 0.8054998413523908, 'max_grad_norm': 0.766091834058309, 'gae_lambda': 0.9586098338155766, 'env_reward_weight': 0.6643993518166471}. Best is trial 68 with value: 394.3021595666831.
/Users/kacper/micromamba/envs/stackelberg/lib/python3.10/site-packages/stable_baselines3/ppo/ppo.py:155: UserWarning: You have specified a mini-batch size of 120, but because the `RolloutBuffer` is of size `n_steps * n_envs = 212`, after every 1 untruncated mini-batches, there will be a truncated mini-batch of size 92
We recommend using a `batch_size` that is a factor of `n_steps * n_envs`.
Info: (n_steps=212 and n_envs=1)
  warnings.warn(
mean mean reward: 20.25615425386169, mean last reward: 29.692999998554587, score: 317.18615423940753
[I 2024-06-26 18:07:55,148] Trial 70 finished with value: 317.18615423940753 and parameters: {'learning_rate': 0.0016544330460291513, 'n_steps': 212, 'batch_size': 120, 'n_epochs': 2, 'clip_range': 0.39547589709325454, 'ent_coef': 0.019076035853014574, 'vf_coef': 0.8422485281477925, 'max_grad_norm': 0.8212100959704701, 'gae_lambda': 0.9640994502856455, 'env_reward_weight': 0.7438663969812045}. Best is trial 68 with value: 394.3021595666831.
/Users/kacper/micromamba/envs/stackelberg/lib/python3.10/site-packages/stable_baselines3/ppo/ppo.py:155: UserWarning: You have specified a mini-batch size of 114, but because the `RolloutBuffer` is of size `n_steps * n_envs = 138`, after every 1 untruncated mini-batches, there will be a truncated mini-batch of size 24
We recommend using a `batch_size` that is a factor of `n_steps * n_envs`.
Info: (n_steps=138 and n_envs=1)
  warnings.warn(
mean mean reward: 24.43913297741535, mean last reward: 36.433999999240044, score: 388.77913296981575
[I 2024-06-26 18:09:10,889] Trial 71 finished with value: 388.77913296981575 and parameters: {'learning_rate': 0.009629198589740331, 'n_steps': 138, 'batch_size': 114, 'n_epochs': 3, 'clip_range': 0.3412641403498302, 'ent_coef': 0.037968611242619875, 'vf_coef': 0.6464649374263969, 'max_grad_norm': 0.647604271556548, 'gae_lambda': 0.9391583120521506, 'env_reward_weight': 0.6431589615482243}. Best is trial 68 with value: 394.3021595666831.
/Users/kacper/micromamba/envs/stackelberg/lib/python3.10/site-packages/stable_baselines3/ppo/ppo.py:155: UserWarning: You have specified a mini-batch size of 131, but because the `RolloutBuffer` is of size `n_steps * n_envs = 168`, after every 1 untruncated mini-batches, there will be a truncated mini-batch of size 37
We recommend using a `batch_size` that is a factor of `n_steps * n_envs`.
Info: (n_steps=168 and n_envs=1)
  warnings.warn(
mean mean reward: 29.424840424415912, mean last reward: 36.51399999931455, score: 394.56484041756136
[I 2024-06-26 18:10:34,576] Trial 72 finished with value: 394.56484041756136 and parameters: {'learning_rate': 0.007257582211602708, 'n_steps': 168, 'batch_size': 131, 'n_epochs': 4, 'clip_range': 0.30791791174858607, 'ent_coef': 0.004797799568808076, 'vf_coef': 0.7384780469276497, 'max_grad_norm': 0.6770792227515263, 'gae_lambda': 0.971173725311101, 'env_reward_weight': 0.5993387299010543}. Best is trial 72 with value: 394.56484041756136.
/Users/kacper/micromamba/envs/stackelberg/lib/python3.10/site-packages/stable_baselines3/ppo/ppo.py:155: UserWarning: You have specified a mini-batch size of 183, but because the `RolloutBuffer` is of size `n_steps * n_envs = 272`, after every 1 untruncated mini-batches, there will be a truncated mini-batch of size 89
We recommend using a `batch_size` that is a factor of `n_steps * n_envs`.
Info: (n_steps=272 and n_envs=1)
  warnings.warn(
mean mean reward: 30.379281913987263, mean last reward: 36.41799999922514, score: 394.55928190623865
[I 2024-06-26 18:11:55,022] Trial 73 finished with value: 394.55928190623865 and parameters: {'learning_rate': 0.00747795374964597, 'n_steps': 272, 'batch_size': 183, 'n_epochs': 2, 'clip_range': 0.37630305362801797, 'ent_coef': 0.004838707032869727, 'vf_coef': 0.7297284484994091, 'max_grad_norm': 0.6813957391863998, 'gae_lambda': 0.9851725913294321, 'env_reward_weight': 0.6034295913675215}. Best is trial 72 with value: 394.56484041756136.
/Users/kacper/micromamba/envs/stackelberg/lib/python3.10/site-packages/stable_baselines3/ppo/ppo.py:155: UserWarning: You have specified a mini-batch size of 178, but because the `RolloutBuffer` is of size `n_steps * n_envs = 282`, after every 1 untruncated mini-batches, there will be a truncated mini-batch of size 104
We recommend using a `batch_size` that is a factor of `n_steps * n_envs`.
Info: (n_steps=282 and n_envs=1)
  warnings.warn(
mean mean reward: 28.29048936062552, mean last reward: 29.18399999924004, score: 320.13048935302595
[I 2024-06-26 18:13:12,402] Trial 74 finished with value: 320.13048935302595 and parameters: {'learning_rate': 0.00729284829969984, 'n_steps': 282, 'batch_size': 178, 'n_epochs': 3, 'clip_range': 0.3713046038433389, 'ent_coef': 0.008549051808042846, 'vf_coef': 0.7508431632045662, 'max_grad_norm': 0.7196765259531642, 'gae_lambda': 0.9847623365233118, 'env_reward_weight': 0.6038093857864081}. Best is trial 72 with value: 394.56484041756136.
/Users/kacper/micromamba/envs/stackelberg/lib/python3.10/site-packages/stable_baselines3/ppo/ppo.py:155: UserWarning: You have specified a mini-batch size of 195, but because the `RolloutBuffer` is of size `n_steps * n_envs = 188`, after every 0 untruncated mini-batches, there will be a truncated mini-batch of size 188
We recommend using a `batch_size` that is a factor of `n_steps * n_envs`.
Info: (n_steps=188 and n_envs=1)
  warnings.warn(
mean mean reward: 31.566053190565405, mean last reward: 36.593999999389055, score: 397.50605318445594
[I 2024-06-26 18:14:36,456] Trial 75 finished with value: 397.50605318445594 and parameters: {'learning_rate': 0.006128518911011046, 'n_steps': 188, 'batch_size': 195, 'n_epochs': 4, 'clip_range': 0.3802060420065968, 'ent_coef': 0.0045823258311440025, 'vf_coef': 0.9032640940522102, 'max_grad_norm': 0.6807346408015829, 'gae_lambda': 0.9915784607770367, 'env_reward_weight': 0.6620165745617903}. Best is trial 75 with value: 397.50605318445594.
/Users/kacper/micromamba/envs/stackelberg/lib/python3.10/site-packages/stable_baselines3/ppo/ppo.py:155: UserWarning: You have specified a mini-batch size of 197, but because the `RolloutBuffer` is of size `n_steps * n_envs = 479`, after every 2 untruncated mini-batches, there will be a truncated mini-batch of size 85
We recommend using a `batch_size` that is a factor of `n_steps * n_envs`.
Info: (n_steps=479 and n_envs=1)
  warnings.warn(
mean mean reward: 21.889276594502572, mean last reward: 29.558999998271464, score: 317.4792765772172
[I 2024-06-26 18:15:44,829] Trial 76 finished with value: 317.4792765772172 and parameters: {'learning_rate': 0.005709416535697456, 'n_steps': 479, 'batch_size': 197, 'n_epochs': 1, 'clip_range': 0.38184664294368076, 'ent_coef': 0.004385473583870138, 'vf_coef': 0.9005403743194245, 'max_grad_norm': 0.6752723331078679, 'gae_lambda': 0.9974092906904869, 'env_reward_weight': 0.7281674576899921}. Best is trial 75 with value: 397.50605318445594.
/Users/kacper/micromamba/envs/stackelberg/lib/python3.10/site-packages/stable_baselines3/ppo/ppo.py:155: UserWarning: You have specified a mini-batch size of 221, but because the `RolloutBuffer` is of size `n_steps * n_envs = 379`, after every 1 untruncated mini-batches, there will be a truncated mini-batch of size 158
We recommend using a `batch_size` that is a factor of `n_steps * n_envs`.
Info: (n_steps=379 and n_envs=1)
  warnings.warn(
mean mean reward: 27.3680053180908, mean last reward: 29.844999999180438, score: 325.81800530989517
[I 2024-06-26 18:17:00,129] Trial 77 finished with value: 325.81800530989517 and parameters: {'learning_rate': 0.007688041598169889, 'n_steps': 379, 'batch_size': 221, 'n_epochs': 3, 'clip_range': 0.39964848059609337, 'ent_coef': 0.011443654359106626, 'vf_coef': 0.9611040304320367, 'max_grad_norm': 0.6222554984497436, 'gae_lambda': 0.9901374308794711, 'env_reward_weight': 0.6611298539672101}. Best is trial 75 with value: 397.50605318445594.
/Users/kacper/micromamba/envs/stackelberg/lib/python3.10/site-packages/stable_baselines3/ppo/ppo.py:155: UserWarning: You have specified a mini-batch size of 184, but because the `RolloutBuffer` is of size `n_steps * n_envs = 193`, after every 1 untruncated mini-batches, there will be a truncated mini-batch of size 9
We recommend using a `batch_size` that is a factor of `n_steps * n_envs`.
Info: (n_steps=193 and n_envs=1)
  warnings.warn(
mean mean reward: 28.8421808499934, mean last reward: 36.497999999299644, score: 393.82218084298984
[I 2024-06-26 18:18:22,633] Trial 78 finished with value: 393.82218084298984 and parameters: {'learning_rate': 0.006287471075709482, 'n_steps': 193, 'batch_size': 184, 'n_epochs': 6, 'clip_range': 0.33353089025239446, 'ent_coef': 0.004133668131068542, 'vf_coef': 0.8210593576631128, 'max_grad_norm': 0.711764562157821, 'gae_lambda': 0.9713905037988732, 'env_reward_weight': 0.8403466553143288}. Best is trial 75 with value: 397.50605318445594.
/Users/kacper/micromamba/envs/stackelberg/lib/python3.10/site-packages/stable_baselines3/ppo/ppo.py:155: UserWarning: You have specified a mini-batch size of 186, but because the `RolloutBuffer` is of size `n_steps * n_envs = 184`, after every 0 untruncated mini-batches, there will be a truncated mini-batch of size 184
We recommend using a `batch_size` that is a factor of `n_steps * n_envs`.
Info: (n_steps=184 and n_envs=1)
  warnings.warn(
mean mean reward: 30.325622339396876, mean last reward: 36.51399999931455, score: 395.46562233254235
[I 2024-06-26 18:19:46,825] Trial 79 finished with value: 395.46562233254235 and parameters: {'learning_rate': 0.006151802124260809, 'n_steps': 184, 'batch_size': 186, 'n_epochs': 10, 'clip_range': 0.3285824551122377, 'ent_coef': 0.003562464304917426, 'vf_coef': 0.8382155427335748, 'max_grad_norm': 0.6622850938647823, 'gae_lambda': 0.970064175160645, 'env_reward_weight': 0.8251710995772173}. Best is trial 75 with value: 397.50605318445594.
/Users/kacper/micromamba/envs/stackelberg/lib/python3.10/site-packages/stable_baselines3/ppo/ppo.py:155: UserWarning: You have specified a mini-batch size of 186, but because the `RolloutBuffer` is of size `n_steps * n_envs = 93`, after every 0 untruncated mini-batches, there will be a truncated mini-batch of size 93
We recommend using a `batch_size` that is a factor of `n_steps * n_envs`.
Info: (n_steps=93 and n_envs=1)
  warnings.warn(
mean mean reward: 25.709430849662727, mean last reward: 22.231999999061223, score: 248.02943084027498
[I 2024-06-26 18:21:12,012] Trial 80 finished with value: 248.02943084027498 and parameters: {'learning_rate': 0.005549583881319428, 'n_steps': 93, 'batch_size': 186, 'n_epochs': 10, 'clip_range': 0.3565442320176166, 'ent_coef': 0.00261211967502613, 'vf_coef': 0.821042322537774, 'max_grad_norm': 0.6765030469297241, 'gae_lambda': 0.9717424699439798, 'env_reward_weight': 0.8528488927250316}. Best is trial 75 with value: 397.50605318445594.
/Users/kacper/micromamba/envs/stackelberg/lib/python3.10/site-packages/stable_baselines3/ppo/ppo.py:155: UserWarning: You have specified a mini-batch size of 189, but because the `RolloutBuffer` is of size `n_steps * n_envs = 203`, after every 1 untruncated mini-batches, there will be a truncated mini-batch of size 14
We recommend using a `batch_size` that is a factor of `n_steps * n_envs`.
Info: (n_steps=203 and n_envs=1)
  warnings.warn(
mean mean reward: 27.71406382879203, mean last reward: 29.45599999949336, score: 322.2740638237256
