[I 2024-06-29 17:50:14,088] Trial 10 finished with value: 339.9767604095714 and parameters: {'init_sample_trajectories': 9, 'batch_size': 21, 'eps': 1.1446283427637786e-06, 'default_model': 0.08580516374450076, 'env_noise_weight': 0.9043725103441953}. Best is trial 10 with value: 339.9767604095714.
 11%|████████▊                                                                      | 45/404 [00:05<00:46,  7.76it/s]
Model reward: (36.12999999895692, 1.2496399493088828)
Avg Policy Reward on real env:   36.370 ± 1.451
  7%|█████▋                                                                         | 29/404 [00:04<00:54,  6.83it/s]
Model reward: (37.08999999985099, 0.4800000004470349)
Avg Policy Reward on real env:   36.850 ± 0.400
  4%|███▏                                                                           | 16/404 [00:02<00:58,  6.60it/s]
Model reward: (36.52999999932945, 0.9765244501681555)
Avg Policy Reward on real env:   36.450 ± 0.800
  8%|██████▎                                                                        | 32/404 [00:04<00:54,  6.78it/s]
Model reward: (36.04999999888241, 1.2521980685660825)
Avg Policy Reward on real env:   36.770 ± 0.640
 12%|█████████▊                                                                     | 50/404 [00:05<00:41,  8.61it/s]
Model reward: (36.369999999180436, 1.4945233367734356)
Avg Policy Reward on real env:   36.610 ± 0.599
mean mean reward: 56.412882969526, mean last reward: 36.60999999940395, score: 422.5128829635655
[I 2024-06-29 17:50:37,830] Trial 11 finished with value: 422.5128829635655 and parameters: {'init_sample_trajectories': 4, 'batch_size': 6, 'eps': 5.971991540854962e-07, 'default_model': 0.05409500849132576, 'env_noise_weight': 0.9498187356593951}. Best is trial 11 with value: 422.5128829635655.
 22%|█████████████████▊                                                             | 90/400 [00:05<00:20, 15.38it/s]
Model reward: (36.84999999962747, 0.5366563150997496)
Avg Policy Reward on real env:   36.130 ± 1.024
 14%|██████████▊                                                                    | 55/400 [00:05<00:36,  9.52it/s]
Model reward: (36.209999999031425, 1.189285500893089)
Avg Policy Reward on real env:   36.610 ± 0.933
  8%|██████▎                                                                        | 32/400 [00:04<00:53,  6.84it/s]
Model reward: (36.04999999888241, 1.302305648900843)
Avg Policy Reward on real env:   36.210 ± 1.341
 15%|████████████                                                                   | 61/400 [00:06<00:33, 10.09it/s]
Model reward: (36.769999999552965, 0.6400000005960464)
Avg Policy Reward on real env:   36.130 ± 1.348
 25%|███████████████████▌                                                           | 99/400 [00:06<00:19, 15.52it/s]
Model reward: (36.68999999947846, 0.8039900504384453)
Avg Policy Reward on real env:   36.450 ± 0.800
mean mean reward: 56.426632667378044, mean last reward: 36.30599999912083, score: 419.48663265858636
[I 2024-06-29 17:51:07,332] Trial 12 finished with value: 419.48663265858636 and parameters: {'init_sample_trajectories': 0, 'batch_size': 3, 'eps': 1.279050256106746e-07, 'default_model': 0.009429911683437028, 'env_noise_weight': 0.9930327723925736}. Best is trial 11 with value: 422.5128829635655.
  9%|██████▉                                                                        | 35/400 [00:05<00:54,  6.68it/s]
Model reward: (36.52999999932945, 0.7547184912674147)
Avg Policy Reward on real env:   36.690 ± 0.804
  6%|████▌                                                                          | 23/400 [00:03<00:58,  6.43it/s]
Model reward: (36.60999999940395, 0.48000000044703484)
Avg Policy Reward on real env:   36.210 ± 1.076
  3%|██▌                                                                            | 13/400 [00:02<01:04,  6.05it/s]
Model reward: (36.44999999925494, 1.4310835069326657)
Avg Policy Reward on real env:   36.530 ± 0.835
  6%|████▎                                                                          | 22/400 [00:03<01:02,  6.03it/s]
Model reward: (36.68999999947846, 0.7200000006705523)
Avg Policy Reward on real env:   36.450 ± 1.290
  9%|███████▎                                                                       | 37/400 [00:05<00:56,  6.44it/s]
Model reward: (36.68999999947846, 0.5122499394716978)
Avg Policy Reward on real env:   36.290 ± 0.999
mean mean reward: 56.42256514397532, mean last reward: 36.433999999240044, score: 420.7625651363757
[I 2024-06-29 17:51:28,463] Trial 13 finished with value: 420.7625651363757 and parameters: {'init_sample_trajectories': 0, 'batch_size': 8, 'eps': 1.5880107976933622e-07, 'default_model': 0.0016961435452701873, 'env_noise_weight': 0.996521984341856}. Best is trial 11 with value: 422.5128829635655.
  1%|▌                                                                               | 3/420 [00:00<01:26,  4.80it/s]
Model reward: (36.44999999925494, 0.715541753466333)
Avg Policy Reward on real env:   36.610 ± 0.599
  0%|▍                                                                               | 2/420 [00:00<01:39,  4.19it/s]
Model reward: (36.769999999552965, 0.5306599669510796)
Avg Policy Reward on real env:   36.690 ± 0.512
  0%|▍                                                                               | 2/420 [00:00<01:41,  4.11it/s]
Model reward: (36.52999999932945, 0.8352245214907075)
Avg Policy Reward on real env:   36.770 ± 0.640
  1%|▌                                                                               | 3/420 [00:00<01:28,  4.70it/s]
Model reward: (36.209999999031425, 0.8800000008195639)
Avg Policy Reward on real env:   36.530 ± 0.755
  1%|▊                                                                               | 4/420 [00:00<00:07, 53.83it/s]
Model reward: (0.9899999998509884, 0.02000000029802322)
Avg Policy Reward on real env:   0.990 ± 0.020
mean mean reward: 41.36103333270612, mean last reward: 29.517999999523163, score: 336.5410333279378
[I 2024-06-29 17:51:31,385] Trial 14 finished with value: 336.5410333279378 and parameters: {'init_sample_trajectories': 20, 'batch_size': 84, 'eps': 2.477544222254591e-06, 'default_model': 0.24410830215744395, 'env_noise_weight': 0.7876797103481824}. Best is trial 11 with value: 422.5128829635655.
  5%|████▏                                                                          | 21/400 [00:01<00:30, 12.38it/s]
Model reward: (35.56999999843538, 0.9086253361742671)
Avg Policy Reward on real env:   35.970 ± 1.608
  4%|███▏                                                                           | 16/400 [00:02<01:02,  6.11it/s]
Model reward: (36.369999999180436, 1.6178998747993214)
Avg Policy Reward on real env:   35.970 ± 1.348
  2%|█▌                                                                              | 8/400 [00:01<01:05,  5.98it/s]
Model reward: (36.60999999940395, 0.7838367184206217)
Avg Policy Reward on real env:   36.930 ± 0.392
  4%|██▊                                                                            | 14/400 [00:02<01:00,  6.34it/s]
Model reward: (37.08999999985099, 0.3200000002980232)
Avg Policy Reward on real env:   36.690 ± 1.134
  6%|████▍                                                                         | 23/400 [00:00<00:02, 129.43it/s]
Model reward: (0.9799999997019768, 0.04000000059604644)
Avg Policy Reward on real env:   0.995 ± 0.015
mean mean reward: 45.545714779327035, mean last reward: 29.310999999344347, score: 338.6557147727705
[I 2024-06-29 17:51:40,043] Trial 15 finished with value: 338.6557147727705 and parameters: {'init_sample_trajectories': 0, 'batch_size': 13, 'eps': 2.5630210078605223e-06, 'default_model': 0.22440804844841233, 'env_noise_weight': 0.7688343711698029}. Best is trial 11 with value: 422.5128829635655.
  1%|▌                                                                               | 3/414 [00:00<00:51,  7.94it/s]
Model reward: (35.56999999843538, 1.3120975585705241)
Avg Policy Reward on real env:   35.810 ± 1.376
  0%|▍                                                                               | 2/414 [00:00<01:37,  4.23it/s]
Model reward: (36.28999999910593, 1.061319933902159)
Avg Policy Reward on real env:   36.770 ± 0.960
  0%|▏                                                                               | 1/414 [00:00<02:15,  3.05it/s]
Model reward: (36.12999999895692, 1.085172798310689)
Avg Policy Reward on real env:   36.850 ± 0.537
  1%|▌                                                                               | 3/414 [00:00<01:26,  4.76it/s]
Model reward: (36.209999999031425, 1.2419339768574431)
Avg Policy Reward on real env:   36.610 ± 0.697
  1%|▊                                                                               | 4/414 [00:00<00:06, 68.00it/s]
Model reward: (0.9949999999254941, 0.015000000223517416)
Avg Policy Reward on real env:   0.965 ± 0.063
mean mean reward: 37.91894166579408, mean last reward: 29.40099999934435, score: 331.9289416592376
[I 2024-06-29 17:51:42,537] Trial 16 finished with value: 331.9289416592376 and parameters: {'init_sample_trajectories': 14, 'batch_size': 91, 'eps': 2.137165620435158e-08, 'default_model': 0.37791887091445225, 'env_noise_weight': 0.9933656370351857}. Best is trial 11 with value: 422.5128829635655.
  2%|█▊                                                                              | 9/409 [00:01<00:53,  7.45it/s]
Model reward: (36.769999999552965, 0.5306599669510795)
Avg Policy Reward on real env:   36.290 ± 0.599
  1%|█▏                                                                              | 6/409 [00:01<01:10,  5.73it/s]
Model reward: (36.369999999180436, 1.4510685731287776)
Avg Policy Reward on real env:   37.170 ± 0.240
  1%|▊                                                                               | 4/409 [00:00<01:17,  5.25it/s]
Model reward: (35.8899999987334, 1.680000001564622)
Avg Policy Reward on real env:   36.850 ± 0.738
  2%|█▎                                                                              | 7/409 [00:01<01:09,  5.80it/s]
Model reward: (36.52999999932945, 1.0998181678136871)
Avg Policy Reward on real env:   35.890 ± 1.641
  2%|█▊                                                                              | 9/409 [00:00<00:04, 94.72it/s]
Model reward: (0.9849999997764826, 0.032015621664234176)
Avg Policy Reward on real env:   0.985 ± 0.023
mean mean reward: 47.978028570856765, mean last reward: 29.436999999433755, score: 342.34802856519434
[I 2024-06-29 17:51:47,470] Trial 17 finished with value: 342.34802856519434 and parameters: {'init_sample_trajectories': 9, 'batch_size': 33, 'eps': 2.2799498978760858e-06, 'default_model': 0.11473094098073071, 'env_noise_weight': 0.7842707019544652}. Best is trial 11 with value: 422.5128829635655.
  1%|▋                                                                               | 4/449 [00:00<01:27,  5.10it/s]
Model reward: (36.92999999970198, 0.5306599669510795)
Avg Policy Reward on real env:   36.290 ± 0.862
  0%|▎                                                                               | 2/449 [00:00<01:45,  4.24it/s]
Model reward: (36.68999999947846, 0.8039900504384453)
Avg Policy Reward on real env:   36.530 ± 0.755
  0%|▏                                                                               | 1/449 [00:00<02:25,  3.08it/s]
Model reward: (36.52999999932945, 0.7547184912674147)
Avg Policy Reward on real env:   36.450 ± 0.876
  1%|▌                                                                               | 3/449 [00:00<01:39,  4.48it/s]
Model reward: (36.44999999925494, 0.8000000007450582)
Avg Policy Reward on real env:   36.530 ± 1.451
  1%|▋                                                                               | 4/449 [00:00<00:06, 71.96it/s]
Model reward: (0.9799999997019768, 0.033166248397769604)
Avg Policy Reward on real env:   0.985 ± 0.032
mean mean reward: 41.33333333267892, mean last reward: 29.35699999935925, score: 334.9033333262714
[I 2024-06-29 17:51:50,399] Trial 18 finished with value: 334.9033333262714 and parameters: {'init_sample_trajectories': 49, 'batch_size': 71, 'eps': 3.766407843897605e-06, 'default_model': 0.009686156801510065, 'env_noise_weight': 0.8733597112675116}. Best is trial 11 with value: 422.5128829635655.
  1%|▌                                                                               | 3/429 [00:00<01:11,  5.96it/s]
Model reward: (36.28999999910593, 0.999199680674321)
Avg Policy Reward on real env:   36.130 ± 1.197
  0%|▎                                                                               | 2/429 [00:00<01:46,  4.02it/s]
Model reward: (36.12999999895692, 1.085172798310689)
Avg Policy Reward on real env:   36.290 ± 0.697
  0%|▏                                                                               | 1/429 [00:00<02:21,  3.03it/s]
Model reward: (36.209999999031425, 1.4333178307083947)
Avg Policy Reward on real env:   36.770 ± 0.960
  0%|▎                                                                               | 2/429 [00:00<01:41,  4.22it/s]
Model reward: (36.769999999552965, 0.6400000005960464)
Avg Policy Reward on real env:   36.130 ± 1.250
  1%|▌                                                                               | 3/429 [00:00<00:07, 55.67it/s]
Model reward: (0.974999999627471, 0.04031128934217776)
Avg Policy Reward on real env:   0.990 ± 0.020
mean mean reward: 35.48266666596135, mean last reward: 29.261999999284747, score: 328.1026666588088
[I 2024-06-29 17:51:52,887] Trial 19 finished with value: 328.1026666588088 and parameters: {'init_sample_trajectories': 29, 'batch_size': 109, 'eps': 1.3185412415626789e-06, 'default_model': 0.410760315536379, 'env_noise_weight': 0.7302737056633469}. Best is trial 11 with value: 422.5128829635655.
 37%|████████████████████████████▋                                                 | 183/498 [00:06<00:10, 29.74it/s]
Model reward: (36.92999999970198, 0.5306599669510795)
Avg Policy Reward on real env:   36.210 ± 1.477
 20%|███████████████▊                                                              | 101/498 [00:06<00:24, 15.93it/s]
Model reward: (36.68999999947846, 1.0150862041813344)
Avg Policy Reward on real env:   36.130 ± 1.440
  2%|█▍                                                                              | 9/498 [00:01<01:27,  5.60it/s]
Model reward: (37.08999999985099, 0.3200000002980232)
Avg Policy Reward on real env:   36.530 ± 0.977
 22%|█████████████████▌                                                            | 112/498 [00:06<00:22, 17.41it/s]
Model reward: (36.769999999552965, 0.6400000005960464)
Avg Policy Reward on real env:   35.970 ± 1.300
 43%|█████████████████████████████████▏                                           | 215/498 [00:00<00:00, 533.19it/s]
Model reward: (0.9949999999254941, 0.015000000223517416)
Avg Policy Reward on real env:   1.000 ± 0.000
mean mean reward: 49.368536584740276, mean last reward: 29.167999999225138, score: 341.0485365769917
[I 2024-06-29 17:52:14,521] Trial 20 finished with value: 341.0485365769917 and parameters: {'init_sample_trajectories': 98, 'batch_size': 1, 'eps': 1.2252307989996393e-06, 'default_model': 0.09201805834059984, 'env_noise_weight': 0.6722554037356793}. Best is trial 11 with value: 422.5128829635655.
 10%|████████                                                                       | 41/402 [00:06<00:53,  6.71it/s]
Model reward: (36.12999999895692, 1.2496399493088828)
Avg Policy Reward on real env:   36.370 ± 1.451
  6%|████▋                                                                          | 24/402 [00:03<00:59,  6.31it/s]
Model reward: (36.52999999932945, 0.5600000005215406)
Avg Policy Reward on real env:   36.690 ± 0.950
  3%|██▊                                                                            | 14/402 [00:02<01:12,  5.34it/s]
Model reward: (36.209999999031425, 0.9499473678477409)
Avg Policy Reward on real env:   35.330 ± 1.796
  7%|█████▎                                                                         | 27/402 [00:04<00:55,  6.72it/s]
Model reward: (36.60999999940395, 0.7838367184206219)
Avg Policy Reward on real env:   36.690 ± 0.720
 11%|████████▋                                                                      | 44/402 [00:05<00:47,  7.56it/s]
Model reward: (35.809999998658895, 1.1200000010430813)
Avg Policy Reward on real env:   36.930 ± 0.531
mean mean reward: 56.28465284476541, mean last reward: 36.40199999921024, score: 420.3046528368678
[I 2024-06-29 17:52:37,659] Trial 21 finished with value: 420.3046528368678 and parameters: {'init_sample_trajectories': 2, 'batch_size': 7, 'eps': 6.321782544834046e-08, 'default_model': 0.015099464878328653, 'env_noise_weight': 0.9874624326437857}. Best is trial 11 with value: 422.5128829635655.
  2%|█▊                                                                              | 9/408 [00:01<00:54,  7.34it/s]
Model reward: (36.44999999925494, 0.9465727661775031)
Avg Policy Reward on real env:   35.890 ± 1.015
  1%|█▏                                                                              | 6/408 [00:01<01:09,  5.76it/s]
Model reward: (35.40999999828637, 1.7906423445156168)
Avg Policy Reward on real env:   36.690 ± 0.804
  1%|▌                                                                               | 3/408 [00:00<01:21,  4.96it/s]
Model reward: (36.60999999940395, 0.48000000044703484)
Avg Policy Reward on real env:   36.450 ± 1.187
  1%|█▏                                                                              | 6/408 [00:01<01:09,  5.76it/s]
Model reward: (36.369999999180436, 0.8352245214907075)
Avg Policy Reward on real env:   36.050 ± 1.145
  2%|█▊                                                                              | 9/408 [00:00<00:04, 86.17it/s]
Model reward: (0.9949999999254941, 0.015000000223517416)
Avg Policy Reward on real env:   0.970 ± 0.051
mean mean reward: 47.97529285647001, mean last reward: 29.209999999180432, score: 340.07529284827433
[I 2024-06-29 17:52:42,293] Trial 22 finished with value: 340.07529284827433 and parameters: {'init_sample_trajectories': 8, 'batch_size': 32, 'eps': 7.764846721649173e-07, 'default_model': 0.1617468960498361, 'env_noise_weight': 0.9208866443529407}. Best is trial 11 with value: 422.5128829635655.
  2%|█▉                                                                             | 10/418 [00:00<00:38, 10.65it/s]
Model reward: (36.369999999180436, 1.7325126278301455)
Avg Policy Reward on real env:   36.530 ± 0.909
  1%|█▏                                                                              | 6/418 [00:01<01:11,  5.76it/s]
Model reward: (36.92999999970198, 0.5306599669510796)
Avg Policy Reward on real env:   36.770 ± 0.816
  1%|▉                                                                               | 5/418 [00:00<01:19,  5.21it/s]
Model reward: (37.08999999985099, 0.3200000002980232)
Avg Policy Reward on real env:   36.450 ± 0.716
  2%|█▎                                                                              | 7/418 [00:01<01:11,  5.72it/s]
Model reward: (35.72999999858439, 1.7325126278301453)
Avg Policy Reward on real env:   36.290 ± 1.229
  2%|█▊                                                                            | 10/418 [00:00<00:03, 120.13it/s]
Model reward: (0.9899999998509884, 0.02000000029802322)
Avg Policy Reward on real env:   0.980 ± 0.024
mean mean reward: 46.18085064881403, mean last reward: 29.403999999389054, score: 340.2208506427046
[I 2024-06-29 17:52:47,151] Trial 23 finished with value: 340.2208506427046 and parameters: {'init_sample_trajectories': 18, 'batch_size': 29, 'eps': 3.2574728863626926e-06, 'default_model': 0.3319422691461962, 'env_noise_weight': 0.8534018537457259}. Best is trial 11 with value: 422.5128829635655.
  1%|▊                                                                               | 4/400 [00:00<01:01,  6.43it/s]
Model reward: (36.68999999947846, 0.6248199746544414)
Avg Policy Reward on real env:   36.610 ± 0.697
  0%|▍                                                                               | 2/400 [00:00<01:32,  4.29it/s]
Model reward: (36.60999999940395, 1.175755077630933)
Avg Policy Reward on real env:   36.210 ± 1.341
  0%|▏                                                                               | 1/400 [00:00<02:09,  3.09it/s]
Model reward: (37.00999999977648, 0.5122499394716978)
Avg Policy Reward on real env:   36.770 ± 0.640
  0%|▍                                                                               | 2/400 [00:00<01:32,  4.31it/s]
Model reward: (36.209999999031425, 1.4333178307083945)
Avg Policy Reward on real env:   36.690 ± 0.512
  1%|▊                                                                               | 4/400 [00:00<00:05, 74.71it/s]
Model reward: (0.9899999998509884, 0.02000000029802322)
Avg Policy Reward on real env:   0.990 ± 0.020
mean mean reward: 35.94886666605373, mean last reward: 29.45399999946356, score: 330.4888666606893
