(stackelberg) > $ python pytuna-mal-tab.py                                                   [±sample_efficiency ●●]
[I 2024-06-29 17:49:43,580] A new study created in memory with name: no-name-3384c24a-df5c-462e-b1f4-bb3c313fe092
/Users/kacper/micromamba/envs/stackelberg/lib/python3.10/site-packages/gymnasium/core.py:311: UserWarning: WARN: env.num_states to get variables from other wrappers is deprecated and will be removed in v1.0, to get this variable you can do `env.unwrapped.num_states` for environment variables or `env.get_wrapper_attr('num_states')` that will search the reminding wrappers.
  logger.warn(
/Users/kacper/micromamba/envs/stackelberg/lib/python3.10/site-packages/gymnasium/core.py:311: UserWarning: WARN: env.num_actions to get variables from other wrappers is deprecated and will be removed in v1.0, to get this variable you can do `env.unwrapped.num_actions` for environment variables or `env.get_wrapper_attr('num_actions')` that will search the reminding wrappers.
  logger.warn(
/Users/kacper/micromamba/envs/stackelberg/lib/python3.10/site-packages/gymnasium/core.py:311: UserWarning: WARN: env.rewards to get variables from other wrappers is deprecated and will be removed in v1.0, to get this variable you can do `env.unwrapped.rewards` for environment variables or `env.get_wrapper_attr('rewards')` that will search the reminding wrappers.
  logger.warn(
/Users/kacper/micromamba/envs/stackelberg/lib/python3.10/site-packages/gymnasium/core.py:311: UserWarning: WARN: env.initial_state to get variables from other wrappers is deprecated and will be removed in v1.0, to get this variable you can do `env.unwrapped.initial_state` for environment variables or `env.get_wrapper_attr('initial_state')` that will search the reminding wrappers.
  logger.warn(
/Users/kacper/micromamba/envs/stackelberg/lib/python3.10/site-packages/gymnasium/core.py:311: UserWarning: WARN: env.final_state to get variables from other wrappers is deprecated and will be removed in v1.0, to get this variable you can do `env.unwrapped.final_state` for environment variables or `env.get_wrapper_attr('final_state')` that will search the reminding wrappers.
  logger.warn(
/Users/kacper/micromamba/envs/stackelberg/lib/python3.10/site-packages/gymnasium/core.py:311: UserWarning: WARN: env.max_ep_steps to get variables from other wrappers is deprecated and will be removed in v1.0, to get this variable you can do `env.unwrapped.max_ep_steps` for environment variables or `env.get_wrapper_attr('max_ep_steps')` that will search the reminding wrappers.
  logger.warn(
/Users/kacper/micromamba/envs/stackelberg/lib/python3.10/site-packages/gymnasium/core.py:311: UserWarning: WARN: env.num_states to get variables from other wrappers is deprecated and will be removed in v1.0, to get this variable you can do `env.unwrapped.num_states` for environment variables or `env.get_wrapper_attr('num_states')` that will search the reminding wrappers.
  logger.warn(
/Users/kacper/micromamba/envs/stackelberg/lib/python3.10/site-packages/gymnasium/core.py:311: UserWarning: WARN: env.num_actions to get variables from other wrappers is deprecated and will be removed in v1.0, to get this variable you can do `env.unwrapped.num_actions` for environment variables or `env.get_wrapper_attr('num_actions')` that will search the reminding wrappers.
  logger.warn(
  0%|                                                                                        | 0/423 [00:00<?, ?it/s]/Users/kacper/micromamba/envs/stackelberg/lib/python3.10/site-packages/gymnasium/utils/passive_env_checker.py:181: DeprecationWarning: WARN: Current gymnasium version requires that `Env.reset` can be passed `options` to allow the environment initialisation to be passed additional information.
  logger.deprecation(
/Users/kacper/micromamba/envs/stackelberg/lib/python3.10/site-packages/stable_baselines3/common/evaluation.py:67: UserWarning: Evaluation environment is not wrapped with a ``Monitor`` wrapper. This may result in reporting modified episode lengths and rewards, if other wrappers happen to modify these. Consider wrapping environment first with ``Monitor`` wrapper.
  warnings.warn(
  0%|▍                                                                               | 2/423 [00:00<00:46,  9.10it/s]
Model reward: (0.9949999999254941, 0.015000000223517416)
Avg Policy Reward on real env:   0.990 ± 0.020
/Users/kacper/micromamba/envs/stackelberg/lib/python3.10/site-packages/gymnasium/core.py:311: UserWarning: WARN: env.rewards to get variables from other wrappers is deprecated and will be removed in v1.0, to get this variable you can do `env.unwrapped.rewards` for environment variables or `env.get_wrapper_attr('rewards')` that will search the reminding wrappers.
  logger.warn(
/Users/kacper/micromamba/envs/stackelberg/lib/python3.10/site-packages/gymnasium/core.py:311: UserWarning: WARN: env.initial_state to get variables from other wrappers is deprecated and will be removed in v1.0, to get this variable you can do `env.unwrapped.initial_state` for environment variables or `env.get_wrapper_attr('initial_state')` that will search the reminding wrappers.
  logger.warn(
/Users/kacper/micromamba/envs/stackelberg/lib/python3.10/site-packages/gymnasium/core.py:311: UserWarning: WARN: env.final_state to get variables from other wrappers is deprecated and will be removed in v1.0, to get this variable you can do `env.unwrapped.final_state` for environment variables or `env.get_wrapper_attr('final_state')` that will search the reminding wrappers.
  logger.warn(
/Users/kacper/micromamba/envs/stackelberg/lib/python3.10/site-packages/gymnasium/core.py:311: UserWarning: WARN: env.max_ep_steps to get variables from other wrappers is deprecated and will be removed in v1.0, to get this variable you can do `env.unwrapped.max_ep_steps` for environment variables or `env.get_wrapper_attr('max_ep_steps')` that will search the reminding wrappers.
  logger.warn(
  0%|▍                                                                               | 2/423 [00:00<01:41,  4.15it/s]
Model reward: (36.769999999552965, 0.9600000008940696)
Avg Policy Reward on real env:   36.850 ± 0.645
  0%|▏                                                                               | 1/423 [00:00<02:19,  3.02it/s]
Model reward: (36.769999999552965, 0.5306599669510795)
Avg Policy Reward on real env:   36.610 ± 0.784
  0%|▍                                                                               | 2/423 [00:00<00:46,  8.99it/s]
Model reward: (0.9849999997764826, 0.022912878816207693)
Avg Policy Reward on real env:   0.985 ± 0.023
  0%|▍                                                                               | 2/423 [00:00<00:15, 27.52it/s]
Model reward: (0.9899999998509884, 0.030000000447034835)
Avg Policy Reward on real env:   0.995 ± 0.015
mean mean reward: 19.96183333288257, mean last reward: 15.285999999716879, score: 172.82183333005136
[I 2024-06-29 17:49:45,613] Trial 0 finished with value: 172.82183333005136 and parameters: {'init_sample_trajectories': 23, 'batch_size': 144, 'eps': 5.496984594999113e-06, 'default_model': 0.5064199457142629, 'env_noise_weight': 0.37870151192417334}. Best is trial 0 with value: 172.82183333005136.
  1%|▊                                                                               | 5/488 [00:00<01:26,  5.57it/s]
Model reward: (35.72999999858439, 1.7325126278301453)
Avg Policy Reward on real env:   36.690 ± 0.950
  1%|▋                                                                               | 4/488 [00:00<01:33,  5.19it/s]
Model reward: (36.52999999932945, 0.7547184912674146)
Avg Policy Reward on real env:   35.970 ± 1.348
  0%|▏                                                                               | 1/488 [00:00<02:36,  3.11it/s]
Model reward: (36.209999999031425, 1.4333178307083947)
Avg Policy Reward on real env:   36.770 ± 0.960
  1%|▍                                                                               | 3/488 [00:00<01:39,  4.89it/s]
Model reward: (36.68999999947846, 0.7200000006705523)
Avg Policy Reward on real env:   36.770 ± 0.640
  1%|▊                                                                               | 5/488 [00:00<00:06, 74.02it/s]
Model reward: (0.9799999997019768, 0.033166248397769604)
Avg Policy Reward on real env:   0.985 ± 0.032
mean mean reward: 45.34651666601499, mean last reward: 29.436999999433755, score: 339.71651666035257
[I 2024-06-29 17:49:48,879] Trial 1 finished with value: 339.71651666035257 and parameters: {'init_sample_trajectories': 88, 'batch_size': 46, 'eps': 5.989652716732497e-06, 'default_model': 0.764828913455244, 'env_noise_weight': 0.6161496572431009}. Best is trial 1 with value: 339.71651666035257.
  0%|▎                                                                               | 2/439 [00:00<01:46,  4.11it/s]
Model reward: (36.68999999947846, 0.5122499394716978)
Avg Policy Reward on real env:   36.610 ± 0.784
  0%|▎                                                                               | 2/439 [00:00<01:48,  4.01it/s]
Model reward: (36.369999999180436, 1.210619677161202)
Avg Policy Reward on real env:   36.370 ± 0.835
  0%|▎                                                                               | 2/439 [00:00<01:57,  3.71it/s]
Model reward: (36.769999999552965, 0.7332121118757914)
Avg Policy Reward on real env:   36.530 ± 0.835
  0%|▎                                                                               | 2/439 [00:00<01:43,  4.23it/s]
Model reward: (36.84999999962747, 0.7375635572703405)
Avg Policy Reward on real env:   36.690 ± 0.625
  1%|▌                                                                               | 3/439 [00:00<00:08, 49.47it/s]
Model reward: (0.9849999997764826, 0.022912878816207696)
Avg Policy Reward on real env:   0.990 ± 0.020
mean mean reward: 33.39154166605634, mean last reward: 29.437999999448657, score: 327.77154166054294
[I 2024-06-29 17:49:51,535] Trial 2 finished with value: 327.77154166054294 and parameters: {'init_sample_trajectories': 39, 'batch_size': 129, 'eps': 4.630973703109946e-06, 'default_model': 0.26972335385169, 'env_noise_weight': 0.5599726092843376}. Best is trial 1 with value: 339.71651666035257.
  0%|▎                                                                               | 2/439 [00:00<01:25,  5.13it/s]
Model reward: (36.92999999970198, 0.3919183592103109)
Avg Policy Reward on real env:   37.170 ± 0.240
  0%|▎                                                                               | 2/439 [00:00<00:59,  7.29it/s]
Model reward: (1.0, 0.0)
Avg Policy Reward on real env:   0.980 ± 0.033
  0%|▎                                                                               | 2/439 [00:00<02:00,  3.63it/s]
Model reward: (36.769999999552965, 1.0244998789433957)
Avg Policy Reward on real env:   37.010 ± 0.367
  0%|▏                                                                               | 1/439 [00:00<02:21,  3.10it/s]
Model reward: (36.68999999947846, 0.8039900504384453)
Avg Policy Reward on real env:   36.290 ± 1.061
  0%|▎                                                                               | 2/439 [00:00<00:20, 20.93it/s]
Model reward: (0.974999999627471, 0.06020797379113018)
Avg Policy Reward on real env:   0.980 ± 0.033
mean mean reward: 22.395166666035852, mean last reward: 22.48599999964237, score: 247.25516666245957
[I 2024-06-29 17:49:53,625] Trial 3 finished with value: 247.25516666245957 and parameters: {'init_sample_trajectories': 39, 'batch_size': 195, 'eps': 6.175356013359893e-06, 'default_model': 0.5935138857264614, 'env_noise_weight': 0.4487448566000808}. Best is trial 1 with value: 339.71651666035257.
  0%|▎                                                                               | 2/461 [00:00<01:02,  7.31it/s]
Model reward: (1.0, 0.0)
Avg Policy Reward on real env:   0.985 ± 0.023
  0%|▎                                                                               | 2/461 [00:00<01:01,  7.44it/s]
Model reward: (0.9949999999254941, 0.015000000223517416)
Avg Policy Reward on real env:   0.960 ± 0.049
  0%|▏                                                                               | 1/461 [00:00<02:44,  2.79it/s]
Model reward: (36.769999999552965, 0.8158431229346587)
Avg Policy Reward on real env:   35.570 ± 1.657
  0%|▎                                                                               | 2/461 [00:00<02:03,  3.70it/s]
Model reward: (36.84999999962747, 0.7375635572703405)
Avg Policy Reward on real env:   36.450 ± 1.187
  0%|▎                                                                               | 2/461 [00:00<00:29, 15.52it/s]
Model reward: (0.9949999999254941, 0.015000000223517416)
Avg Policy Reward on real env:   0.975 ± 0.060
mean mean reward: 19.945166666209694, mean last reward: 14.987999999299646, score: 169.82516665920616
[I 2024-06-29 17:49:55,513] Trial 4 finished with value: 169.82516665920616 and parameters: {'init_sample_trajectories': 61, 'batch_size': 185, 'eps': 5.141221673894155e-06, 'default_model': 0.8087816663605123, 'env_noise_weight': 0.13540972953819153}. Best is trial 1 with value: 339.71651666035257.
  1%|▋                                                                               | 4/471 [00:00<01:10,  6.62it/s]
Model reward: (36.28999999910593, 1.2289833208035572)
Avg Policy Reward on real env:   36.770 ± 0.640
  1%|▌                                                                               | 3/471 [00:00<01:35,  4.88it/s]
Model reward: (36.369999999180436, 1.0998181678136871)
Avg Policy Reward on real env:   36.370 ± 0.560
  0%|▎                                                                               | 2/471 [00:00<01:51,  4.20it/s]
Model reward: (36.84999999962747, 0.4000000003725291)
Avg Policy Reward on real env:   36.690 ± 0.512
  1%|▌                                                                               | 3/471 [00:00<01:35,  4.91it/s]
Model reward: (36.369999999180436, 1.1565465846611949)
Avg Policy Reward on real env:   36.850 ± 0.645
  1%|▊                                                                               | 5/471 [00:00<00:08, 53.58it/s]
Model reward: (0.9899999998509884, 0.02000000029802322)
Avg Policy Reward on real env:   0.990 ± 0.020
mean mean reward: 43.91324999934248, mean last reward: 29.533999999538064, score: 339.25324999472315
[I 2024-06-29 17:49:58,508] Trial 5 finished with value: 339.25324999472315 and parameters: {'init_sample_trajectories': 71, 'batch_size': 55, 'eps': 8.863569723287708e-06, 'default_model': 0.7213222312200049, 'env_noise_weight': 0.5889141902123896}. Best is trial 1 with value: 339.71651666035257.
  0%|▎                                                                               | 2/463 [00:00<01:03,  7.27it/s]
Model reward: (0.9849999997764826, 0.022912878816207696)
Avg Policy Reward on real env:   0.990 ± 0.020
  0%|▎                                                                               | 2/463 [00:00<00:56,  8.12it/s]
Model reward: (0.9899999998509884, 0.02000000029802322)
Avg Policy Reward on real env:   0.985 ± 0.023
  0%|▏                                                                               | 1/463 [00:00<02:46,  2.77it/s]
Model reward: (36.44999999925494, 0.9465727661775031)
Avg Policy Reward on real env:   36.770 ± 0.531
  0%|▎                                                                               | 2/463 [00:00<01:58,  3.90it/s]
Model reward: (37.00999999977648, 0.5122499394716978)
Avg Policy Reward on real env:   36.130 ± 1.526
  0%|▎                                                                               | 2/463 [00:00<00:13, 33.99it/s]
Model reward: (0.9849999997764826, 0.022912878816207696)
Avg Policy Reward on real env:   0.990 ± 0.020
mean mean reward: 19.915666666179895, mean last reward: 15.17299999959767, score: 171.6456666621566
[I 2024-06-29 17:50:00,286] Trial 6 finished with value: 171.6456666621566 and parameters: {'init_sample_trajectories': 63, 'batch_size': 187, 'eps': 8.878901607517764e-06, 'default_model': 0.7437629531954891, 'env_noise_weight': 0.3299735033618495}. Best is trial 1 with value: 339.71651666035257.
  0%|▏                                                                               | 1/485 [00:00<02:40,  3.02it/s]
Model reward: (36.04999999888241, 1.2521980685660825)
Avg Policy Reward on real env:   36.530 ± 0.835
  0%|▏                                                                               | 1/485 [00:00<02:57,  2.72it/s]
Model reward: (36.60999999940395, 0.598665182441381)
Avg Policy Reward on real env:   36.690 ± 1.242
  0%|▏                                                                               | 1/485 [00:00<02:57,  2.73it/s]
Model reward: (36.28999999910593, 0.7838367184206219)
Avg Policy Reward on real env:   36.610 ± 0.933
  0%|▏                                                                               | 1/485 [00:00<02:58,  2.72it/s]
Model reward: (36.209999999031425, 1.6414627638233865)
Avg Policy Reward on real env:   36.530 ± 1.100
  0%|▏                                                                               | 1/485 [00:00<00:19, 24.30it/s]
Model reward: (0.9899999998509884, 0.02000000029802322)
Avg Policy Reward on real env:   0.990 ± 0.030
mean mean reward: 29.525999999530615, mean last reward: 29.46999999947846, score: 324.2259999943152
[I 2024-06-29 17:50:02,355] Trial 7 finished with value: 324.2259999943152 and parameters: {'init_sample_trajectories': 85, 'batch_size': 236, 'eps': 8.273637413328974e-06, 'default_model': 0.6251811370012732, 'env_noise_weight': 0.5339066166249452}. Best is trial 1 with value: 339.71651666035257.
  1%|▌                                                                               | 3/431 [00:00<00:50,  8.43it/s]
Model reward: (36.44999999925494, 1.6395121240804502)
Avg Policy Reward on real env:   36.530 ± 0.755
  1%|▌                                                                               | 3/431 [00:00<00:53,  8.04it/s]
Model reward: (0.9949999999254941, 0.015000000223517416)
Avg Policy Reward on real env:   0.980 ± 0.024
  1%|▌                                                                               | 3/431 [00:00<01:34,  4.53it/s]
Model reward: (37.00999999977648, 0.5122499394716978)
Avg Policy Reward on real env:   36.210 ± 1.388
  1%|▌                                                                               | 3/431 [00:00<01:31,  4.66it/s]
Model reward: (36.12999999895692, 1.1426285496310118)
Avg Policy Reward on real env:   36.290 ± 1.376
  1%|▌                                                                               | 3/431 [00:00<00:12, 33.95it/s]
Model reward: (0.9949999999254941, 0.015000000223517416)
Avg Policy Reward on real env:   0.980 ± 0.033
mean mean reward: 42.286124999513845, mean last reward: 22.19799999937415, score: 264.26612499325535
[I 2024-06-29 17:50:04,936] Trial 8 finished with value: 264.26612499325535 and parameters: {'init_sample_trajectories': 31, 'batch_size': 97, 'eps': 8.935436314564275e-06, 'default_model': 0.9408500897382931, 'env_noise_weight': 0.35106723287270336}. Best is trial 1 with value: 339.71651666035257.
  1%|▋                                                                               | 4/488 [00:00<01:34,  5.12it/s]
Model reward: (36.52999999932945, 0.8352245214907075)
Avg Policy Reward on real env:   35.730 ± 1.157
  1%|▋                                                                               | 4/488 [00:00<01:34,  5.11it/s]
Model reward: (37.08999999985099, 0.3200000002980232)
Avg Policy Reward on real env:   36.610 ± 0.933
  0%|▏                                                                               | 1/488 [00:00<02:39,  3.05it/s]
Model reward: (36.28999999910593, 1.4664242237515828)
Avg Policy Reward on real env:   36.690 ± 0.950
  1%|▋                                                                               | 4/488 [00:00<01:35,  5.06it/s]
Model reward: (36.209999999031425, 1.134195751356928)
Avg Policy Reward on real env:   36.610 ± 0.784
  1%|▊                                                                               | 5/488 [00:00<00:11, 41.67it/s]
Model reward: (0.9949999999254941, 0.015000000223517416)
Avg Policy Reward on real env:   0.995 ± 0.015
mean mean reward: 45.35468333269159, mean last reward: 29.32699999935925, score: 338.62468332628407
[I 2024-06-29 17:50:08,343] Trial 9 finished with value: 338.62468332628407 and parameters: {'init_sample_trajectories': 88, 'batch_size': 54, 'eps': 6.207927960596204e-06, 'default_model': 0.8770828105962117, 'env_noise_weight': 0.021297992394513132}. Best is trial 1 with value: 339.71651666035257.
  3%|██▋                                                                            | 14/409 [00:01<00:35, 11.11it/s]
Model reward: (36.28999999910593, 1.6316862458693173)
Avg Policy Reward on real env:   36.370 ± 1.262
  2%|█▊                                                                              | 9/409 [00:01<01:04,  6.21it/s]
Model reward: (35.809999998658895, 1.5512575558179464)
Avg Policy Reward on real env:   36.450 ± 1.131
  1%|▉                                                                               | 5/409 [00:00<01:10,  5.69it/s]
Model reward: (36.369999999180436, 0.9765244501681555)
Avg Policy Reward on real env:   36.290 ± 1.229
  2%|█▊                                                                              | 9/409 [00:01<01:04,  6.22it/s]
Model reward: (36.60999999940395, 1.061319933902159)
Avg Policy Reward on real env:   36.850 ± 0.400
  4%|██▊                                                                           | 15/409 [00:00<00:02, 140.03it/s]
Model reward: (0.9849999997764826, 0.022912878816207696)
Avg Policy Reward on real env:   0.975 ± 0.034
mean mean reward: 46.10676041597888, mean last reward: 29.38699999935925, score: 339.9767604095714
