[I 2024-06-29 18:02:01,866] Trial 80 finished with value: 339.7874008997022 and parameters: {'init_sample_trajectories': 20, 'batch_size': 16, 'eps': 1.5940573081260631e-06, 'default_model': 0.24269136110279926, 'env_noise_weight': 0.8778578076153797}. Best is trial 52 with value: 423.09252625679056.
  9%|██████▊                                                                        | 35/403 [00:05<00:55,  6.65it/s]
Model reward: (37.169999999925494, 0.24000000022351742)
Avg Policy Reward on real env:   36.130 ± 0.891
  6%|████▌                                                                          | 23/403 [00:03<00:57,  6.60it/s]
Model reward: (36.209999999031425, 0.7200000006705523)
Avg Policy Reward on real env:   36.050 ± 1.145
  3%|██▎                                                                            | 12/403 [00:01<01:04,  6.08it/s]
Model reward: (36.52999999932945, 0.6645299096523377)
Avg Policy Reward on real env:   37.090 ± 0.320
  5%|████▎                                                                          | 22/403 [00:03<01:02,  6.13it/s]
Model reward: (36.68999999947846, 0.7200000006705523)
Avg Policy Reward on real env:   36.450 ± 1.290
  9%|███████▎                                                                       | 37/403 [00:05<00:58,  6.27it/s]
Model reward: (36.68999999947846, 0.5122499394716978)
Avg Policy Reward on real env:   36.290 ± 0.999
mean mean reward: 56.41821261828693, mean last reward: 36.40199999921024, score: 420.4382126103893
[I 2024-06-29 18:02:22,914] Trial 81 finished with value: 420.4382126103893 and parameters: {'init_sample_trajectories': 3, 'batch_size': 8, 'eps': 2.521512003895236e-07, 'default_model': 0.06406570396190624, 'env_noise_weight': 0.998170847791889}. Best is trial 52 with value: 423.09252625679056.
  5%|████                                                                           | 21/404 [00:03<01:01,  6.22it/s]
Model reward: (36.44999999925494, 1.0733126301994993)
Avg Policy Reward on real env:   36.290 ± 0.999
  3%|██▌                                                                            | 13/404 [00:02<01:04,  6.10it/s]
Model reward: (37.00999999977648, 0.3666060559378957)
Avg Policy Reward on real env:   36.850 ± 0.738
  2%|█▌                                                                              | 8/404 [00:01<01:04,  6.10it/s]
Model reward: (35.809999998658895, 1.5512575558179464)
Avg Policy Reward on real env:   35.890 ± 1.388
  4%|██▉                                                                            | 15/404 [00:02<01:02,  6.27it/s]
Model reward: (36.84999999962747, 0.7375635572703405)
Avg Policy Reward on real env:   35.890 ± 1.015
  6%|████▍                                                                          | 23/404 [00:03<00:58,  6.54it/s]
Model reward: (36.52999999932945, 0.7547184912674146)
Avg Policy Reward on real env:   35.730 ± 2.100
mean mean reward: 56.42031240903971, mean last reward: 36.12999999895692, score: 417.7203123986089
[I 2024-06-29 18:02:36,487] Trial 82 finished with value: 417.7203123986089 and parameters: {'init_sample_trajectories': 4, 'batch_size': 13, 'eps': 6.470699782595947e-07, 'default_model': 0.057747421365770636, 'env_noise_weight': 0.9755643418106507}. Best is trial 52 with value: 423.09252625679056.
  1%|█▏                                                                              | 7/495 [00:01<01:22,  5.89it/s]
Model reward: (35.56999999843538, 1.3120975585705241)
Avg Policy Reward on real env:   36.930 ± 0.640
  1%|▋                                                                               | 4/495 [00:00<01:32,  5.30it/s]
Model reward: (36.209999999031425, 1.134195751356928)
Avg Policy Reward on real env:   36.370 ± 0.909
  0%|▏                                                                               | 1/495 [00:00<02:41,  3.06it/s]
Model reward: (36.52999999932945, 1.6569852157198262)
Avg Policy Reward on real env:   36.530 ± 0.835
  1%|▊                                                                               | 5/495 [00:00<01:28,  5.56it/s]
Model reward: (35.649999998509884, 2.1466252603989986)
Avg Policy Reward on real env:   36.930 ± 0.531
  2%|█▍                                                                             | 9/495 [00:00<00:04, 107.91it/s]
Model reward: (0.9899999998509884, 0.02000000029802322)
Avg Policy Reward on real env:   0.985 ± 0.023
mean mean reward: 45.336716666007725, mean last reward: 29.54899999953806, score: 340.82671666138833
[I 2024-06-29 18:02:40,359] Trial 83 finished with value: 340.82671666138833 and parameters: {'init_sample_trajectories': 95, 'batch_size': 25, 'eps': 2.2378866920730248e-07, 'default_model': 0.029068843130483232, 'env_noise_weight': 0.9531181899861842}. Best is trial 52 with value: 423.09252625679056.
 10%|███████▉                                                                       | 40/400 [00:06<00:55,  6.51it/s]
Model reward: (35.72999999858439, 1.769067552647251)
Avg Policy Reward on real env:   36.210 ± 1.242
  6%|████▋                                                                          | 24/400 [00:04<01:11,  5.27it/s]
Model reward: (36.369999999180436, 0.8352245214907075)
Avg Policy Reward on real env:   37.090 ± 0.320
  4%|██▉                                                                            | 15/400 [00:02<01:06,  5.80it/s]
Model reward: (35.40999999828637, 2.4540578663139945)
Avg Policy Reward on real env:   36.690 ± 0.512
  7%|█████▌                                                                         | 28/400 [00:04<00:58,  6.31it/s]
Model reward: (36.52999999932945, 0.5600000005215406)
Avg Policy Reward on real env:   36.690 ± 0.720
 10%|████████▎                                                                      | 42/400 [00:05<00:50,  7.08it/s]
Model reward: (36.769999999552965, 0.5306599669510795)
Avg Policy Reward on real env:   36.690 ± 0.512
mean mean reward: 56.427433960545955, mean last reward: 36.67399999946356, score: 423.16743395518154
[I 2024-06-29 18:03:04,877] Trial 84 finished with value: 423.16743395518154 and parameters: {'init_sample_trajectories': 0, 'batch_size': 7, 'eps': 1.9908870331765223e-07, 'default_model': 0.08329231349702726, 'env_noise_weight': 0.9153182656744037}. Best is trial 84 with value: 423.16743395518154.
  0%|▍                                                                               | 2/400 [00:00<01:33,  4.27it/s]
Model reward: (36.769999999552965, 0.8158431229346587)
Avg Policy Reward on real env:   36.930 ± 0.960
  0%|▏                                                                               | 1/400 [00:00<02:08,  3.11it/s]
Model reward: (36.68999999947846, 1.0150862041813344)
Avg Policy Reward on real env:   36.930 ± 0.733
  0%|▏                                                                               | 1/400 [00:00<02:15,  2.93it/s]
Model reward: (36.60999999940395, 0.7838367184206217)
Avg Policy Reward on real env:   36.690 ± 0.804
  0%|▏                                                                               | 1/400 [00:00<02:08,  3.10it/s]
Model reward: (36.44999999925494, 1.4310835069326657)
Avg Policy Reward on real env:   36.770 ± 0.960
  1%|▌                                                                               | 3/400 [00:00<00:07, 53.63it/s]
Model reward: (0.9949999999254941, 0.015000000223517416)
Avg Policy Reward on real env:   0.975 ± 0.060
mean mean reward: 33.43120833277392, mean last reward: 29.65899999961257, score: 330.0212083288996
[I 2024-06-29 18:03:06,994] Trial 85 finished with value: 330.0212083288996 and parameters: {'init_sample_trajectories': 0, 'batch_size': 97, 'eps': 5.405264263203038e-07, 'default_model': 0.1433615053027496, 'env_noise_weight': 0.9100058546663813}. Best is trial 84 with value: 423.16743395518154.
 13%|██████████▎                                                                    | 53/406 [00:05<00:39,  9.04it/s]
Model reward: (36.68999999947846, 0.8039900504384453)
Avg Policy Reward on real env:   36.530 ± 0.977
  8%|██████▏                                                                        | 32/406 [00:04<00:56,  6.63it/s]
Model reward: (36.28999999910593, 1.175755077630933)
Avg Policy Reward on real env:   36.450 ± 1.187
  5%|███▉                                                                           | 20/406 [00:03<00:59,  6.52it/s]
Model reward: (36.44999999925494, 0.7155417534663329)
Avg Policy Reward on real env:   36.370 ± 1.100
  9%|███████▏                                                                       | 37/406 [00:05<00:56,  6.49it/s]
Model reward: (36.52999999932945, 0.8352245214907075)
Avg Policy Reward on real env:   36.210 ± 1.341
 15%|███████████▍                                                                   | 59/406 [00:05<00:34, 10.04it/s]
Model reward: (36.44999999925494, 0.876356092824436)
Avg Policy Reward on real env:   35.890 ± 0.950
mean mean reward: 56.43338653653615, mean last reward: 36.28999999910593, score: 419.33338652759545
[I 2024-06-29 18:03:33,101] Trial 86 finished with value: 419.33338652759545 and parameters: {'init_sample_trajectories': 6, 'batch_size': 5, 'eps': 8.679228774821723e-07, 'default_model': 0.09841565846928917, 'env_noise_weight': 0.9413329437783936}. Best is trial 84 with value: 423.16743395518154.
  2%|█▌                                                                              | 8/410 [00:01<00:53,  7.45it/s]
Model reward: (36.52999999932945, 0.8352245214907075)
Avg Policy Reward on real env:   36.370 ± 1.100
  1%|█▏                                                                              | 6/410 [00:01<01:10,  5.75it/s]
Model reward: (36.68999999947846, 0.8039900504384453)
Avg Policy Reward on real env:   37.010 ± 0.367
  1%|▊                                                                               | 4/410 [00:00<01:16,  5.33it/s]
Model reward: (36.04999999888241, 1.4859340510644208)
Avg Policy Reward on real env:   36.530 ± 0.755
  1%|█▏                                                                              | 6/410 [00:01<01:09,  5.84it/s]
Model reward: (36.92999999970198, 0.6400000005960464)
Avg Policy Reward on real env:   36.610 ± 0.784
  2%|█▊                                                                              | 9/410 [00:00<00:08, 46.07it/s]
Model reward: (1.0, 0.0)
Avg Policy Reward on real env:   0.975 ± 0.034
mean mean reward: 48.01214603074509, mean last reward: 29.498999999463557, score: 343.0021460253807
[I 2024-06-29 18:03:37,801] Trial 87 finished with value: 343.0021460253807 and parameters: {'init_sample_trajectories': 10, 'batch_size': 34, 'eps': 5.224105426939199e-07, 'default_model': 0.004243745955359, 'env_noise_weight': 0.8677213747001423}. Best is trial 84 with value: 423.16743395518154.
  5%|███▋                                                                           | 19/402 [00:01<00:24, 15.80it/s]
Model reward: (36.209999999031425, 0.8800000008195639)
Avg Policy Reward on real env:   35.890 ± 1.189
  3%|██▎                                                                            | 12/402 [00:01<01:00,  6.44it/s]
Model reward: (35.8899999987334, 1.2419339768574431)
Avg Policy Reward on real env:   36.930 ± 0.531
  2%|█▌                                                                              | 8/402 [00:01<01:05,  6.00it/s]
Model reward: (36.60999999940395, 1.4221111080949385)
Avg Policy Reward on real env:   36.450 ± 1.239
  3%|██▌                                                                            | 13/402 [00:02<01:00,  6.44it/s]
Model reward: (36.28999999910593, 0.7838367184206219)
Avg Policy Reward on real env:   36.450 ± 1.131
  5%|███▉                                                                           | 20/402 [00:00<00:04, 89.38it/s]
Model reward: (2.44999999627471, 1.7304623619719455)
Avg Policy Reward on real env:   2.655 ± 1.104
mean mean reward: 44.87810308214265, mean last reward: 29.674999998509882, score: 341.6281030672415
[I 2024-06-29 18:03:45,072] Trial 88 finished with value: 341.6281030672415 and parameters: {'init_sample_trajectories': 2, 'batch_size': 15, 'eps': 1.73664763744421e-07, 'default_model': 0.1721104121968866, 'env_noise_weight': 0.9010403298011087}. Best is trial 84 with value: 423.16743395518154.
  1%|█▏                                                                              | 6/413 [00:00<00:44,  9.21it/s]
Model reward: (35.649999998509884, 1.4310835069326657)
Avg Policy Reward on real env:   36.690 ± 0.625
  1%|▉                                                                               | 5/413 [00:00<01:14,  5.49it/s]
Model reward: (35.809999998658895, 1.3290598193046752)
Avg Policy Reward on real env:   36.690 ± 0.950
  0%|▍                                                                               | 2/413 [00:00<01:34,  4.36it/s]
Model reward: (36.84999999962747, 0.5366563150997496)
Avg Policy Reward on real env:   36.450 ± 1.187
  1%|▊                                                                               | 4/413 [00:00<01:19,  5.14it/s]
Model reward: (36.12999999895692, 1.3481839649638114)
Avg Policy Reward on real env:   36.370 ± 1.657
  1%|█▏                                                                              | 6/413 [00:00<00:04, 84.87it/s]
Model reward: (0.9849999997764826, 0.032015621664234176)
Avg Policy Reward on real env:   0.985 ± 0.023
mean mean reward: 42.36147618979571, mean last reward: 29.436999999433755, score: 336.73147618413327
[I 2024-06-29 18:03:48,550] Trial 89 finished with value: 336.73147618413327 and parameters: {'init_sample_trajectories': 13, 'batch_size': 49, 'eps': 1.240888234636145e-06, 'default_model': 0.07763541364681462, 'env_noise_weight': 0.815611451392775}. Best is trial 84 with value: 423.16743395518154.
  3%|██▏                                                                            | 11/405 [00:00<00:27, 14.52it/s]
Model reward: (36.84999999962747, 0.6449806204645689)
Avg Policy Reward on real env:   36.770 ± 0.816
  2%|█▍                                                                              | 7/405 [00:01<01:07,  5.93it/s]
Model reward: (36.84999999962747, 0.5366563150997496)
Avg Policy Reward on real env:   35.890 ± 1.242
  1%|▉                                                                               | 5/405 [00:00<01:13,  5.47it/s]
Model reward: (37.00999999977648, 0.3666060559378957)
Avg Policy Reward on real env:   37.170 ± 0.240
  2%|█▊                                                                              | 9/405 [00:01<00:59,  6.71it/s]
Model reward: (35.96999999880791, 1.2496399493088828)
Avg Policy Reward on real env:   36.770 ± 0.392
  3%|██▎                                                                            | 12/405 [00:00<00:03, 99.24it/s]
Model reward: (0.9799999997019768, 0.033166248397769604)
Avg Policy Reward on real env:   0.985 ± 0.023
mean mean reward: 44.113557691461985, mean last reward: 29.51699999950826, score: 339.2835576865446
[I 2024-06-29 18:03:53,490] Trial 90 finished with value: 339.2835576865446 and parameters: {'init_sample_trajectories': 5, 'batch_size': 26, 'eps': 9.272428877153563e-07, 'default_model': 0.5846402534486241, 'env_noise_weight': 0.9200696060202092}. Best is trial 84 with value: 423.16743395518154.
 13%|██████████▍                                                                    | 53/403 [00:05<00:39,  8.92it/s]
Model reward: (36.68999999947846, 0.8039900504384453)
Avg Policy Reward on real env:   36.530 ± 0.977
  8%|██████▎                                                                        | 32/403 [00:04<00:55,  6.63it/s]
Model reward: (36.92999999970198, 0.5306599669510795)
Avg Policy Reward on real env:   36.370 ± 1.451
  5%|███▉                                                                           | 20/403 [00:03<00:57,  6.65it/s]
Model reward: (36.44999999925494, 0.7155417534663329)
Avg Policy Reward on real env:   36.370 ± 1.100
  9%|███████▎                                                                       | 37/403 [00:05<00:53,  6.78it/s]
Model reward: (36.52999999932945, 0.8352245214907075)
Avg Policy Reward on real env:   36.210 ± 1.341
 15%|███████████▌                                                                   | 59/403 [00:05<00:34, 10.02it/s]
Model reward: (36.44999999925494, 0.876356092824436)
Avg Policy Reward on real env:   35.890 ± 0.950
mean mean reward: 56.43173680244329, mean last reward: 36.27399999909103, score: 419.1717367933536
[I 2024-06-29 18:04:19,368] Trial 91 finished with value: 419.1717367933536 and parameters: {'init_sample_trajectories': 3, 'batch_size': 5, 'eps': 2.038306009713403e-07, 'default_model': 0.035652632047540336, 'env_noise_weight': 0.9803041774458665}. Best is trial 84 with value: 423.16743395518154.
  5%|███▋                                                                           | 19/409 [00:02<00:54,  7.20it/s]
Model reward: (36.769999999552965, 0.39191835921031093)
Avg Policy Reward on real env:   36.930 ± 0.733
  3%|██▌                                                                            | 13/409 [00:02<01:01,  6.43it/s]
Model reward: (36.68999999947846, 0.8039900504384453)
Avg Policy Reward on real env:   36.530 ± 0.755
  2%|█▌                                                                              | 8/409 [00:01<01:06,  5.99it/s]
Model reward: (36.44999999925494, 1.4310835069326657)
Avg Policy Reward on real env:   36.290 ± 1.061
  3%|██▋                                                                            | 14/409 [00:02<01:02,  6.31it/s]
Model reward: (36.28999999910593, 1.0613199339021593)
Avg Policy Reward on real env:   36.610 ± 1.329
  6%|████▍                                                                          | 23/409 [00:00<00:07, 48.35it/s]
Model reward: (2.2099999971687794, 1.2632893556595488)
Avg Policy Reward on real env:   2.630 ± 1.665
mean mean reward: 49.09998333237786, mean last reward: 29.79799999900162, score: 347.07998332239407
[I 2024-06-29 18:04:28,685] Trial 92 finished with value: 347.07998332239407 and parameters: {'init_sample_trajectories': 9, 'batch_size': 13, 'eps': 1.7691771175149116e-08, 'default_model': 0.055341754271436304, 'env_noise_weight': 0.9503781903484041}. Best is trial 84 with value: 423.16743395518154.
 10%|███████▉                                                                       | 40/400 [00:05<00:50,  7.07it/s]
Model reward: (36.60999999940395, 0.598665182441381)
Avg Policy Reward on real env:   35.170 ± 1.484
  6%|████▉                                                                          | 25/400 [00:03<00:56,  6.60it/s]
Model reward: (35.96999999880791, 1.8312837044670516)
Avg Policy Reward on real env:   36.690 ± 0.512
  4%|███▏                                                                           | 16/400 [00:02<00:59,  6.50it/s]
Model reward: (37.00999999977648, 0.3666060559378957)
Avg Policy Reward on real env:   36.050 ± 1.252
  8%|█████▉                                                                         | 30/400 [00:04<00:55,  6.69it/s]
Model reward: (36.04999999888241, 1.609968945299249)
Avg Policy Reward on real env:   36.690 ± 0.512
 10%|████████▎                                                                      | 42/400 [00:05<00:49,  7.17it/s]
Model reward: (36.769999999552965, 0.5306599669510795)
Avg Policy Reward on real env:   36.690 ± 0.512
mean mean reward: 56.06181190134682, mean last reward: 36.25799999907613, score: 418.6418118921081
[I 2024-06-29 18:04:51,705] Trial 93 finished with value: 418.6418118921081 and parameters: {'init_sample_trajectories': 0, 'batch_size': 7, 'eps': 6.050338421734007e-06, 'default_model': 0.11329063543563699, 'env_noise_weight': 0.6858318629828755}. Best is trial 84 with value: 423.16743395518154.
  3%|██▊                                                                            | 14/402 [00:01<00:52,  7.38it/s]
Model reward: (36.68999999947846, 0.9499473678477409)
Avg Policy Reward on real env:   36.210 ± 0.720
  2%|█▉                                                                             | 10/402 [00:01<01:03,  6.14it/s]
Model reward: (37.00999999977648, 0.3666060559378957)
Avg Policy Reward on real env:   36.210 ± 0.950
  1%|▉                                                                               | 5/402 [00:00<01:11,  5.53it/s]
Model reward: (36.44999999925494, 0.715541753466333)
Avg Policy Reward on real env:   36.130 ± 1.440
  2%|█▉                                                                             | 10/402 [00:01<01:02,  6.24it/s]
Model reward: (36.28999999910593, 1.5919799008532387)
Avg Policy Reward on real env:   36.690 ± 0.720
  4%|██▉                                                                            | 15/402 [00:00<00:07, 54.28it/s]
Model reward: (0.9949999999254941, 0.015000000223517418)
Avg Policy Reward on real env:   0.990 ± 0.030
mean mean reward: 48.599964771774395, mean last reward: 29.245999999269845, score: 341.05996476447285
