[I 2024-06-26 18:22:37,958] Trial 81 finished with value: 322.2740638237256 and parameters: {'learning_rate': 0.0062566858041991765, 'n_steps': 203, 'batch_size': 189, 'n_epochs': 12, 'clip_range': 0.32915051874310824, 'ent_coef': 0.004785149132945345, 'vf_coef': 0.8616403117145618, 'max_grad_norm': 0.7107581004211236, 'gae_lambda': 0.9801262870208415, 'env_reward_weight': 0.8489647754773892}. Best is trial 75 with value: 397.50605318445594.
/Users/kacper/micromamba/envs/stackelberg/lib/python3.10/site-packages/stable_baselines3/ppo/ppo.py:155: UserWarning: You have specified a mini-batch size of 203, but because the `RolloutBuffer` is of size `n_steps * n_envs = 266`, after every 1 untruncated mini-batches, there will be a truncated mini-batch of size 63
We recommend using a `batch_size` that is a factor of `n_steps * n_envs`.
Info: (n_steps=266 and n_envs=1)
  warnings.warn(
mean mean reward: 25.531170211472013, mean last reward: 36.593999999389055, score: 391.4711702053625
[I 2024-06-26 18:23:58,272] Trial 82 finished with value: 391.4711702053625 and parameters: {'learning_rate': 0.007967485082867811, 'n_steps': 266, 'batch_size': 203, 'n_epochs': 10, 'clip_range': 0.3436450158734968, 'ent_coef': 0.008920339523288053, 'vf_coef': 0.9267043590667478, 'max_grad_norm': 0.6273083518479913, 'gae_lambda': 0.9758370800112491, 'env_reward_weight': 0.7900669139004686}. Best is trial 75 with value: 397.50605318445594.
/Users/kacper/micromamba/envs/stackelberg/lib/python3.10/site-packages/stable_baselines3/ppo/ppo.py:155: UserWarning: You have specified a mini-batch size of 181, but because the `RolloutBuffer` is of size `n_steps * n_envs = 198`, after every 1 untruncated mini-batches, there will be a truncated mini-batch of size 17
We recommend using a `batch_size` that is a factor of `n_steps * n_envs`.
Info: (n_steps=198 and n_envs=1)
  warnings.warn(
mean mean reward: 26.930925530815454, mean last reward: 22.617999999150634, score: 253.1109255223218
[I 2024-06-26 18:25:22,946] Trial 83 finished with value: 253.1109255223218 and parameters: {'learning_rate': 0.004517812920644009, 'n_steps': 198, 'batch_size': 181, 'n_epochs': 9, 'clip_range': 0.37937444845808665, 'ent_coef': 5.4960413428871164e-05, 'vf_coef': 0.9990390494516221, 'max_grad_norm': 0.6665743235301126, 'gae_lambda': 0.9925990835201219, 'env_reward_weight': 0.9178634000002236}. Best is trial 75 with value: 397.50605318445594.
/Users/kacper/micromamba/envs/stackelberg/lib/python3.10/site-packages/stable_baselines3/ppo/ppo.py:155: UserWarning: You have specified a mini-batch size of 217, but because the `RolloutBuffer` is of size `n_steps * n_envs = 427`, after every 1 untruncated mini-batches, there will be a truncated mini-batch of size 210
We recommend using a `batch_size` that is a factor of `n_steps * n_envs`.
Info: (n_steps=427 and n_envs=1)
  warnings.warn(
mean mean reward: 25.796191488218273, mean last reward: 36.28999999910593, score: 388.69619147927756
[I 2024-06-26 18:26:38,010] Trial 84 finished with value: 388.69619147927756 and parameters: {'learning_rate': 0.006513694366226581, 'n_steps': 427, 'batch_size': 217, 'n_epochs': 7, 'clip_range': 0.3329930619034061, 'ent_coef': 0.0064219749787870675, 'vf_coef': 0.8080153039187997, 'max_grad_norm': 0.7724048268195511, 'gae_lambda': 0.9854818346450834, 'env_reward_weight': 0.8780923132767018}. Best is trial 75 with value: 397.50605318445594.
/Users/kacper/micromamba/envs/stackelberg/lib/python3.10/site-packages/stable_baselines3/ppo/ppo.py:155: UserWarning: You have specified a mini-batch size of 169, but because the `RolloutBuffer` is of size `n_steps * n_envs = 1554`, after every 9 untruncated mini-batches, there will be a truncated mini-batch of size 33
We recommend using a `batch_size` that is a factor of `n_steps * n_envs`.
Info: (n_steps=1554 and n_envs=1)
  warnings.warn(
mean mean reward: 15.706063828339918, mean last reward: 22.561999998390675, score: 241.32606381224667
[I 2024-06-26 18:27:42,299] Trial 85 finished with value: 241.32606381224667 and parameters: {'learning_rate': 0.0035741945263213994, 'n_steps': 1554, 'batch_size': 169, 'n_epochs': 8, 'clip_range': 0.31209582024008947, 'ent_coef': 0.012450395795796067, 'vf_coef': 0.7454773461292845, 'max_grad_norm': 0.6911144588118076, 'gae_lambda': 0.9668515324360806, 'env_reward_weight': 0.8105959039930094}. Best is trial 75 with value: 397.50605318445594.
/Users/kacper/micromamba/envs/stackelberg/lib/python3.10/site-packages/stable_baselines3/ppo/ppo.py:155: UserWarning: You have specified a mini-batch size of 161, but because the `RolloutBuffer` is of size `n_steps * n_envs = 1458`, after every 9 untruncated mini-batches, there will be a truncated mini-batch of size 9
We recommend using a `batch_size` that is a factor of `n_steps * n_envs`.
Info: (n_steps=1458 and n_envs=1)
  warnings.warn(
mean mean reward: 15.56057446660038, mean last reward: 22.800999998152257, score: 243.57057444812295
[I 2024-06-26 18:28:45,175] Trial 86 finished with value: 243.57057444812295 and parameters: {'learning_rate': 0.0026549417979062, 'n_steps': 1458, 'batch_size': 161, 'n_epochs': 6, 'clip_range': 0.32553960628301676, 'ent_coef': 0.014864638650139886, 'vf_coef': 0.7903656892782274, 'max_grad_norm': 0.5990649099387468, 'gae_lambda': 0.980158245965098, 'env_reward_weight': 0.9552760956664033}. Best is trial 75 with value: 397.50605318445594.
/Users/kacper/micromamba/envs/stackelberg/lib/python3.10/site-packages/stable_baselines3/ppo/ppo.py:155: UserWarning: You have specified a mini-batch size of 195, but because the `RolloutBuffer` is of size `n_steps * n_envs = 334`, after every 1 untruncated mini-batches, there will be a truncated mini-batch of size 139
We recommend using a `batch_size` that is a factor of `n_steps * n_envs`.
Info: (n_steps=334 and n_envs=1)
  warnings.warn(
mean mean reward: 27.01785106272258, mean last reward: 36.73799999952316, score: 394.3978510579542
[I 2024-06-26 18:30:00,263] Trial 87 finished with value: 394.3978510579542 and parameters: {'learning_rate': 0.008221856668028396, 'n_steps': 334, 'batch_size': 195, 'n_epochs': 2, 'clip_range': 0.3712238782959902, 'ent_coef': 0.0026204598178731623, 'vf_coef': 0.8480426049328228, 'max_grad_norm': 0.7212240445998295, 'gae_lambda': 0.9691283786682195, 'env_reward_weight': 0.8906930168841525}. Best is trial 75 with value: 397.50605318445594.
/Users/kacper/micromamba/envs/stackelberg/lib/python3.10/site-packages/stable_baselines3/ppo/ppo.py:155: UserWarning: You have specified a mini-batch size of 239, but because the `RolloutBuffer` is of size `n_steps * n_envs = 355`, after every 1 untruncated mini-batches, there will be a truncated mini-batch of size 116
We recommend using a `batch_size` that is a factor of `n_steps * n_envs`.
Info: (n_steps=355 and n_envs=1)
  warnings.warn(
mean mean reward: 27.74368084994997, mean last reward: 36.481999999284746, score: 392.5636808427974
[I 2024-06-26 18:31:16,034] Trial 88 finished with value: 392.5636808427974 and parameters: {'learning_rate': 0.008314051663301531, 'n_steps': 355, 'batch_size': 239, 'n_epochs': 2, 'clip_range': 0.3689812592424089, 'ent_coef': 0.0027904439702749117, 'vf_coef': 0.8381319986766104, 'max_grad_norm': 0.6517450872247402, 'gae_lambda': 0.9707231972650342, 'env_reward_weight': 0.8915297303757528}. Best is trial 75 with value: 397.50605318445594.
/Users/kacper/micromamba/envs/stackelberg/lib/python3.10/site-packages/stable_baselines3/ppo/ppo.py:155: UserWarning: You have specified a mini-batch size of 198, but because the `RolloutBuffer` is of size `n_steps * n_envs = 100`, after every 0 untruncated mini-batches, there will be a truncated mini-batch of size 100
We recommend using a `batch_size` that is a factor of `n_steps * n_envs`.
Info: (n_steps=100 and n_envs=1)
  warnings.warn(
mean mean reward: 31.30826595645873, mean last reward: 36.369999999180436, score: 395.0082659482631
[I 2024-06-26 18:32:52,270] Trial 89 finished with value: 395.0082659482631 and parameters: {'learning_rate': 0.00569536772043311, 'n_steps': 100, 'batch_size': 198, 'n_epochs': 15, 'clip_range': 0.3763959494394045, 'ent_coef': 0.005903418603004662, 'vf_coef': 0.8793274393000335, 'max_grad_norm': 0.726813030143299, 'gae_lambda': 0.9556331942636307, 'env_reward_weight': 0.9949186894436521}. Best is trial 75 with value: 397.50605318445594.
/Users/kacper/micromamba/envs/stackelberg/lib/python3.10/site-packages/stable_baselines3/ppo/ppo.py:155: UserWarning: You have specified a mini-batch size of 198, but because the `RolloutBuffer` is of size `n_steps * n_envs = 296`, after every 1 untruncated mini-batches, there will be a truncated mini-batch of size 98
We recommend using a `batch_size` that is a factor of `n_steps * n_envs`.
Info: (n_steps=296 and n_envs=1)
  warnings.warn(
mean mean reward: 21.852835105100368, mean last reward: 36.56199999935925, score: 387.4728350986929
[I 2024-06-26 18:34:13,323] Trial 90 finished with value: 387.4728350986929 and parameters: {'learning_rate': 0.00039272699924722813, 'n_steps': 296, 'batch_size': 198, 'n_epochs': 18, 'clip_range': 0.35948836596567113, 'ent_coef': 0.005994366432232105, 'vf_coef': 0.8793398604101502, 'max_grad_norm': 0.723216339205907, 'gae_lambda': 0.9568560115532555, 'env_reward_weight': 0.9944123281035953}. Best is trial 75 with value: 397.50605318445594.
/Users/kacper/micromamba/envs/stackelberg/lib/python3.10/site-packages/stable_baselines3/ppo/ppo.py:155: UserWarning: You have specified a mini-batch size of 209, but because the `RolloutBuffer` is of size `n_steps * n_envs = 68`, after every 0 untruncated mini-batches, there will be a truncated mini-batch of size 68
We recommend using a `batch_size` that is a factor of `n_steps * n_envs`.
Info: (n_steps=68 and n_envs=1)
  warnings.warn(
mean mean reward: 25.161723402812285, mean last reward: 29.58599999845028, score: 321.0217233873151
[I 2024-06-26 18:35:32,363] Trial 91 finished with value: 321.0217233873151 and parameters: {'learning_rate': 0.006999685535220246, 'n_steps': 68, 'batch_size': 209, 'n_epochs': 4, 'clip_range': 0.3773151174911648, 'ent_coef': 0.002327143020230235, 'vf_coef': 0.9107936046368266, 'max_grad_norm': 0.758609885320419, 'gae_lambda': 0.9610750525890884, 'env_reward_weight': 0.9529495691602475}. Best is trial 75 with value: 397.50605318445594.
/Users/kacper/micromamba/envs/stackelberg/lib/python3.10/site-packages/stable_baselines3/ppo/ppo.py:155: UserWarning: You have specified a mini-batch size of 203, but because the `RolloutBuffer` is of size `n_steps * n_envs = 239`, after every 1 untruncated mini-batches, there will be a truncated mini-batch of size 36
We recommend using a `batch_size` that is a factor of `n_steps * n_envs`.
Info: (n_steps=239 and n_envs=1)
  warnings.warn(
mean mean reward: 29.20635106278504, mean last reward: 36.56199999935925, score: 394.8263510563775
[I 2024-06-26 18:37:01,327] Trial 92 finished with value: 394.8263510563775 and parameters: {'learning_rate': 0.005756139392624877, 'n_steps': 239, 'batch_size': 203, 'n_epochs': 14, 'clip_range': 0.3915903908254394, 'ent_coef': 0.00928703692806304, 'vf_coef': 0.8640770226496719, 'max_grad_norm': 0.7816831421627409, 'gae_lambda': 0.9668657678183123, 'env_reward_weight': 0.9045527057280882}. Best is trial 75 with value: 397.50605318445594.
/Users/kacper/micromamba/envs/stackelberg/lib/python3.10/site-packages/stable_baselines3/ppo/ppo.py:155: UserWarning: You have specified a mini-batch size of 226, but because the `RolloutBuffer` is of size `n_steps * n_envs = 170`, after every 0 untruncated mini-batches, there will be a truncated mini-batch of size 170
We recommend using a `batch_size` that is a factor of `n_steps * n_envs`.
Info: (n_steps=170 and n_envs=1)
  warnings.warn(
mean mean reward: 31.05108510547496, mean last reward: 36.41799999922514, score: 395.23108509772635
[I 2024-06-26 18:38:30,294] Trial 93 finished with value: 395.23108509772635 and parameters: {'learning_rate': 0.005549759171168452, 'n_steps': 170, 'batch_size': 226, 'n_epochs': 15, 'clip_range': 0.391086522078114, 'ent_coef': 0.00954951602396563, 'vf_coef': 0.9265378305087392, 'max_grad_norm': 0.6961285532865562, 'gae_lambda': 0.9670189292581991, 'env_reward_weight': 0.9087794088869438}. Best is trial 75 with value: 397.50605318445594.
/Users/kacper/micromamba/envs/stackelberg/lib/python3.10/site-packages/stable_baselines3/ppo/ppo.py:155: UserWarning: You have specified a mini-batch size of 229, but because the `RolloutBuffer` is of size `n_steps * n_envs = 243`, after every 1 untruncated mini-batches, there will be a truncated mini-batch of size 14
We recommend using a `batch_size` that is a factor of `n_steps * n_envs`.
Info: (n_steps=243 and n_envs=1)
  warnings.warn(
mean mean reward: 24.85136702013856, mean last reward: 36.481999999284746, score: 389.671367012986
[I 2024-06-26 18:39:54,594] Trial 94 finished with value: 389.671367012986 and parameters: {'learning_rate': 0.0056469285320957935, 'n_steps': 243, 'batch_size': 229, 'n_epochs': 16, 'clip_range': 0.3917212340787285, 'ent_coef': 0.009078729591537266, 'vf_coef': 0.864760182622935, 'max_grad_norm': 0.6926311205487498, 'gae_lambda': 0.9775105271054243, 'env_reward_weight': 0.9376740270464542}. Best is trial 75 with value: 397.50605318445594.
/Users/kacper/micromamba/envs/stackelberg/lib/python3.10/site-packages/stable_baselines3/ppo/ppo.py:155: UserWarning: You have specified a mini-batch size of 204, but because the `RolloutBuffer` is of size `n_steps * n_envs = 1168`, after every 5 untruncated mini-batches, there will be a truncated mini-batch of size 148
We recommend using a `batch_size` that is a factor of `n_steps * n_envs`.
Info: (n_steps=1168 and n_envs=1)
  warnings.warn(
mean mean reward: 21.007968083802375, mean last reward: 36.12999999895692, score: 382.30796807337157
[I 2024-06-26 18:41:08,583] Trial 95 finished with value: 382.30796807337157 and parameters: {'learning_rate': 0.0047868574275737276, 'n_steps': 1168, 'batch_size': 204, 'n_epochs': 14, 'clip_range': 0.3867296878511999, 'ent_coef': 0.013707112488630505, 'vf_coef': 0.9378222539134307, 'max_grad_norm': 0.7275273474681603, 'gae_lambda': 0.9670819101136866, 'env_reward_weight': 0.8864333373117795}. Best is trial 75 with value: 397.50605318445594.
/Users/kacper/micromamba/envs/stackelberg/lib/python3.10/site-packages/stable_baselines3/ppo/ppo.py:155: UserWarning: You have specified a mini-batch size of 249, but because the `RolloutBuffer` is of size `n_steps * n_envs = 177`, after every 0 untruncated mini-batches, there will be a truncated mini-batch of size 177
We recommend using a `batch_size` that is a factor of `n_steps * n_envs`.
Info: (n_steps=177 and n_envs=1)
  warnings.warn(
mean mean reward: 31.044228722535546, mean last reward: 36.28999999910593, score: 393.94422871359484
[I 2024-06-26 18:42:37,113] Trial 96 finished with value: 393.94422871359484 and parameters: {'learning_rate': 0.0030741757313178, 'n_steps': 177, 'batch_size': 249, 'n_epochs': 16, 'clip_range': 0.3765026408813721, 'ent_coef': 0.016620899722055216, 'vf_coef': 0.8462704095523034, 'max_grad_norm': 0.6733917743360304, 'gae_lambda': 0.9995946985383223, 'env_reward_weight': 0.9749062725152993}. Best is trial 75 with value: 397.50605318445594.
/Users/kacper/micromamba/envs/stackelberg/lib/python3.10/site-packages/stable_baselines3/ppo/ppo.py:155: UserWarning: You have specified a mini-batch size of 192, but because the `RolloutBuffer` is of size `n_steps * n_envs = 297`, after every 1 untruncated mini-batches, there will be a truncated mini-batch of size 105
We recommend using a `batch_size` that is a factor of `n_steps * n_envs`.
Info: (n_steps=297 and n_envs=1)
  warnings.warn(
mean mean reward: 27.939569147847436, mean last reward: 36.35399999916554, score: 391.4795691395028
[I 2024-06-26 18:44:01,214] Trial 97 finished with value: 391.4795691395028 and parameters: {'learning_rate': 0.0035541364357755843, 'n_steps': 297, 'batch_size': 192, 'n_epochs': 13, 'clip_range': 0.3977270306064884, 'ent_coef': 0.00020357916984998278, 'vf_coef': 0.9279332830759032, 'max_grad_norm': 0.7474475858848121, 'gae_lambda': 0.9891367616419446, 'env_reward_weight': 0.9167146243572794}. Best is trial 75 with value: 397.50605318445594.
/Users/kacper/micromamba/envs/stackelberg/lib/python3.10/site-packages/stable_baselines3/ppo/ppo.py:155: UserWarning: You have specified a mini-batch size of 216, but because the `RolloutBuffer` is of size `n_steps * n_envs = 353`, after every 1 untruncated mini-batches, there will be a truncated mini-batch of size 137
We recommend using a `batch_size` that is a factor of `n_steps * n_envs`.
Info: (n_steps=353 and n_envs=1)
  warnings.warn(
mean mean reward: 24.965164892233194, mean last reward: 36.28999999910593, score: 387.8651648832925
[I 2024-06-26 18:45:21,672] Trial 98 finished with value: 387.8651648832925 and parameters: {'learning_rate': 0.004105765812872081, 'n_steps': 353, 'batch_size': 216, 'n_epochs': 16, 'clip_range': 0.38361110605763965, 'ent_coef': 0.006936478881938994, 'vf_coef': 0.9942380044732122, 'max_grad_norm': 0.636909875011609, 'gae_lambda': 0.9524263235359545, 'env_reward_weight': 0.8107004445712317}. Best is trial 75 with value: 397.50605318445594.
/Users/kacper/micromamba/envs/stackelberg/lib/python3.10/site-packages/stable_baselines3/ppo/ppo.py:155: UserWarning: You have specified a mini-batch size of 226, but because the `RolloutBuffer` is of size `n_steps * n_envs = 105`, after every 0 untruncated mini-batches, there will be a truncated mini-batch of size 105
We recommend using a `batch_size` that is a factor of `n_steps * n_envs`.
Info: (n_steps=105 and n_envs=1)
  warnings.warn(
mean mean reward: 30.58212233934948, mean last reward: 36.68999999947846, score: 397.4821223341341
[I 2024-06-26 18:46:54,522] Trial 99 finished with value: 397.4821223341341 and parameters: {'learning_rate': 0.005317996435499281, 'n_steps': 105, 'batch_size': 226, 'n_epochs': 14, 'clip_range': 0.3656150345245941, 'ent_coef': 0.009627001267923294, 'vf_coef': 0.8862556591219926, 'max_grad_norm': 0.6043397212763651, 'gae_lambda': 0.9663529231811246, 'env_reward_weight': 0.9070098530968228}. Best is trial 75 with value: 397.50605318445594.
Best hyperparameters:  {'learning_rate': 0.006128518911011046, 'n_steps': 188, 'batch_size': 195, 'n_epochs': 4, 'clip_range': 0.3802060420065968, 'ent_coef': 0.0045823258311440025, 'vf_coef': 0.9032640940522102, 'max_grad_norm': 0.6807346408015829, 'gae_lambda': 0.9915784607770367, 'env_reward_weight': 0.6620165745617903}
Best performance:  397.50605318445594