[I 2024-06-29 17:57:02,742] Trial 52 finished with value: 423.09252625679056 and parameters: {'init_sample_trajectories': 0, 'batch_size': 9, 'eps': 9.75134635108106e-07, 'default_model': 0.12756208231645022, 'env_noise_weight': 0.76359245450598}. Best is trial 52 with value: 423.09252625679056.
  6%|████▋                                                                          | 24/402 [00:00<00:06, 59.33it/s]
Model reward: (2.2849999975413082, 0.9428812212893505)
Avg Policy Reward on real env:   2.250 ± 0.668
  4%|███▎                                                                           | 17/402 [00:02<01:07,  5.67it/s]
Model reward: (36.60999999940395, 0.598665182441381)
Avg Policy Reward on real env:   36.370 ± 0.909
  3%|██▏                                                                            | 11/402 [00:01<01:03,  6.15it/s]
Model reward: (36.60999999940395, 0.9991996806743209)
Avg Policy Reward on real env:   36.450 ± 0.800
  5%|███▋                                                                           | 19/402 [00:03<01:06,  5.74it/s]
Model reward: (36.52999999932945, 1.1565465846611949)
Avg Policy Reward on real env:   36.130 ± 0.640
  7%|█████▏                                                                        | 27/402 [00:00<00:02, 141.74it/s]
Model reward: (0.9899999998509884, 0.030000000447034835)
Avg Policy Reward on real env:   1.000 ± 0.000
mean mean reward: 42.33380865012949, mean last reward: 22.439999998882413, score: 266.73380863895363
[I 2024-06-29 17:57:11,941] Trial 53 finished with value: 266.73380863895363 and parameters: {'init_sample_trajectories': 2, 'batch_size': 11, 'eps': 9.751219631437234e-07, 'default_model': 0.8320798843510463, 'env_noise_weight': 0.9086101404186459}. Best is trial 52 with value: 423.09252625679056.
  3%|██▌                                                                            | 13/406 [00:01<00:56,  6.91it/s]
Model reward: (36.44999999925494, 0.7155417534663329)
Avg Policy Reward on real env:   36.130 ± 1.647
  2%|█▌                                                                              | 8/406 [00:01<01:06,  5.95it/s]
Model reward: (36.209999999031425, 1.189285500893089)
Avg Policy Reward on real env:   36.450 ± 1.012
  1%|▉                                                                               | 5/406 [00:00<01:14,  5.35it/s]
Model reward: (37.169999999925494, 0.24000000022351745)
Avg Policy Reward on real env:   37.010 ± 0.512
  2%|█▊                                                                              | 9/406 [00:01<01:05,  6.08it/s]
Model reward: (36.52999999932945, 1.210619677161202)
Avg Policy Reward on real env:   36.610 ± 0.697
  3%|██▌                                                                            | 13/406 [00:00<00:07, 53.39it/s]
Model reward: (0.9949999999254941, 0.015000000223517416)
Avg Policy Reward on real env:   0.990 ± 0.020
mean mean reward: 48.859026983515726, mean last reward: 29.437999999448657, score: 343.2390269780023
[I 2024-06-29 17:57:18,450] Trial 54 finished with value: 343.2390269780023 and parameters: {'init_sample_trajectories': 6, 'batch_size': 23, 'eps': 1.0870653904786174e-06, 'default_model': 0.02741155317093215, 'env_noise_weight': 0.7525543728428168}. Best is trial 52 with value: 423.09252625679056.
  7%|█████▎                                                                         | 27/400 [00:03<00:49,  7.59it/s]
Model reward: (36.369999999180436, 1.3600000012665987)
Avg Policy Reward on real env:   36.610 ± 0.697
  4%|███▌                                                                           | 18/400 [00:02<01:00,  6.34it/s]
Model reward: (36.369999999180436, 1.3600000012665987)
Avg Policy Reward on real env:   36.610 ± 1.120
  2%|█▊                                                                              | 9/400 [00:01<01:05,  5.94it/s]
Model reward: (36.769999999552965, 0.7332121118757913)
Avg Policy Reward on real env:   36.370 ± 1.578
  5%|███▊                                                                           | 19/400 [00:02<00:58,  6.50it/s]
Model reward: (36.209999999031425, 1.07628992476827)
Avg Policy Reward on real env:   36.850 ± 0.537
  7%|█████▋                                                                         | 29/400 [00:04<00:56,  6.58it/s]
Model reward: (36.52999999932945, 0.6645299096523377)
Avg Policy Reward on real env:   36.930 ± 0.531
mean mean reward: 55.20957105177287, mean last reward: 36.67399999946356, score: 421.94957104640844
[I 2024-06-29 17:57:34,454] Trial 55 finished with value: 421.94957104640844 and parameters: {'init_sample_trajectories': 0, 'batch_size': 10, 'eps': 9.063721314346538e-08, 'default_model': 0.08224005308168034, 'env_noise_weight': 0.9686542563327519}. Best is trial 52 with value: 423.09252625679056.
  2%|█▎                                                                              | 7/426 [00:00<00:51,  8.12it/s]
Model reward: (36.60999999940395, 0.7838367184206217)
Avg Policy Reward on real env:   35.890 ± 1.189
  1%|▊                                                                               | 4/426 [00:00<01:19,  5.32it/s]
Model reward: (36.28999999910593, 0.999199680674321)
Avg Policy Reward on real env:   36.690 ± 1.015
  1%|▌                                                                               | 3/426 [00:00<01:27,  4.84it/s]
Model reward: (37.169999999925494, 0.24000000022351745)
Avg Policy Reward on real env:   35.890 ± 1.641
  1%|▉                                                                               | 5/426 [00:00<01:16,  5.53it/s]
Model reward: (36.68999999947846, 1.189285500893089)
Avg Policy Reward on real env:   36.690 ± 0.804
  2%|█▌                                                                              | 8/426 [00:00<00:04, 91.28it/s]
Model reward: (0.9849999997764826, 0.022912878816207696)
Avg Policy Reward on real env:   0.990 ± 0.020
mean mean reward: 46.85165972133426, mean last reward: 29.229999999254943, score: 339.1516597138837
[I 2024-06-29 17:57:38,317] Trial 56 finished with value: 339.1516597138837 and parameters: {'init_sample_trajectories': 26, 'batch_size': 38, 'eps': 7.019892281179998e-07, 'default_model': 0.22196153935969415, 'env_noise_weight': 0.8024174437402406}. Best is trial 52 with value: 423.09252625679056.
  3%|██▌                                                                            | 13/400 [00:01<00:37, 10.23it/s]
Model reward: (36.52999999932945, 0.9086253361742671)
Avg Policy Reward on real env:   36.530 ± 0.977
  2%|█▍                                                                              | 7/400 [00:01<01:06,  5.94it/s]
Model reward: (36.28999999910593, 0.6974238316160343)
Avg Policy Reward on real env:   36.610 ± 0.999
  1%|█                                                                               | 5/400 [00:00<01:11,  5.56it/s]
Model reward: (36.369999999180436, 0.9765244501681555)
Avg Policy Reward on real env:   36.210 ± 1.076
  2%|█▉                                                                             | 10/400 [00:01<01:03,  6.18it/s]
Model reward: (36.28999999910593, 1.5919799008532387)
Avg Policy Reward on real env:   36.690 ± 0.720
  4%|██▊                                                                            | 14/400 [00:01<00:28, 13.40it/s]
Model reward: (35.809999998658895, 1.9200000017881393)
Avg Policy Reward on real env:   37.010 ± 0.512
mean mean reward: 49.25683657922554, mean last reward: 36.60999999940395, score: 415.35683657326507
[I 2024-06-29 17:57:45,085] Trial 57 finished with value: 415.35683657326507 and parameters: {'init_sample_trajectories': 0, 'batch_size': 20, 'eps': 1.4749539335543224e-06, 'default_model': 0.07912150728463387, 'env_noise_weight': 0.9592314367657038}. Best is trial 52 with value: 423.09252625679056.
  1%|▉                                                                               | 5/414 [00:00<00:51,  7.91it/s]
Model reward: (36.68999999947846, 0.6248199746544413)
Avg Policy Reward on real env:   35.970 ± 1.197
  1%|▌                                                                               | 3/414 [00:00<01:23,  4.92it/s]
Model reward: (36.44999999925494, 1.2393546719406123)
Avg Policy Reward on real env:   35.810 ± 1.852
  0%|▍                                                                               | 2/414 [00:00<01:36,  4.28it/s]
Model reward: (36.44999999925494, 1.38564064734558)
Avg Policy Reward on real env:   36.610 ± 0.480
  1%|▊                                                                               | 4/414 [00:00<01:17,  5.27it/s]
Model reward: (36.28999999910593, 1.4221111080949385)
Avg Policy Reward on real env:   37.170 ± 0.240
  1%|█▏                                                                              | 6/414 [00:00<00:04, 92.50it/s]
Model reward: (0.9699999995529651, 0.06000000089406968)
Avg Policy Reward on real env:   0.975 ± 0.040
mean mean reward: 42.94176428507437, mean last reward: 29.306999999284745, score: 336.0117642779218
[I 2024-06-29 17:57:48,240] Trial 58 finished with value: 336.0117642779218 and parameters: {'init_sample_trajectories': 14, 'batch_size': 55, 'eps': 2.1070143223421102e-06, 'default_model': 0.16535705642317428, 'env_noise_weight': 0.8971758323364976}. Best is trial 52 with value: 423.09252625679056.
  8%|██████                                                                         | 31/407 [00:04<00:55,  6.75it/s]
Model reward: (36.28999999910593, 1.061319933902159)
Avg Policy Reward on real env:   35.570 ± 1.733
  5%|████                                                                           | 21/407 [00:03<01:04,  5.97it/s]
Model reward: (36.04999999888241, 0.8944271918329161)
Avg Policy Reward on real env:   36.370 ± 0.835
  3%|██▎                                                                            | 12/407 [00:02<01:07,  5.83it/s]
Model reward: (36.52999999932945, 0.9086253361742671)
Avg Policy Reward on real env:   36.930 ± 0.531
  5%|████▎                                                                          | 22/407 [00:03<00:59,  6.44it/s]
Model reward: (37.00999999977648, 0.5122499394716978)
Avg Policy Reward on real env:   35.890 ± 1.477
  8%|██████▏                                                                        | 32/407 [00:00<00:07, 50.86it/s]
Model reward: (0.9949999999254941, 0.015000000223517416)
Avg Policy Reward on real env:   1.000 ± 0.000
mean mean reward: 49.61510131700719, mean last reward: 29.15199999921024, score: 341.1351013091096
[I 2024-06-29 17:58:03,073] Trial 59 finished with value: 341.1351013091096 and parameters: {'init_sample_trajectories': 7, 'batch_size': 9, 'eps': 4.564365293153979e-06, 'default_model': 0.29436781678206403, 'env_noise_weight': 0.7476014925805705}. Best is trial 52 with value: 423.09252625679056.
  3%|██                                                                             | 11/411 [00:00<00:22, 17.97it/s]
Model reward: (36.92999999970198, 0.39191835921031093)
Avg Policy Reward on real env:   36.770 ± 0.733
  3%|██                                                                             | 11/411 [00:01<01:06,  6.01it/s]
Model reward: (37.169999999925494, 0.24000000022351745)
Avg Policy Reward on real env:   36.450 ± 1.475
  3%|██                                                                             | 11/411 [00:01<01:08,  5.87it/s]
Model reward: (37.00999999977648, 0.5122499394716978)
Avg Policy Reward on real env:   36.610 ± 0.933
  2%|█▉                                                                             | 10/411 [00:01<01:07,  5.97it/s]
Model reward: (36.28999999910593, 1.2289833208035572)
Avg Policy Reward on real env:   36.610 ± 0.784
  3%|██                                                                             | 11/411 [00:00<00:05, 74.67it/s]
Model reward: (0.9899999998509884, 0.02000000029802322)
Avg Policy Reward on real env:   0.990 ± 0.020
mean mean reward: 44.04359469642298, mean last reward: 29.485999999493362, score: 338.9035946913566
[I 2024-06-29 17:58:09,834] Trial 60 finished with value: 338.9035946913566 and parameters: {'init_sample_trajectories': 11, 'batch_size': 28, 'eps': 3.6530505323289884e-07, 'default_model': 0.11611625228243211, 'env_noise_weight': 0.07490591481146747}. Best is trial 52 with value: 423.09252625679056.
  9%|██████▊                                                                        | 35/403 [00:05<00:55,  6.61it/s]
Model reward: (37.169999999925494, 0.24000000022351742)
Avg Policy Reward on real env:   36.130 ± 0.891
  6%|████▋                                                                          | 24/403 [00:03<00:57,  6.63it/s]
Model reward: (36.04999999888241, 0.9633275672005523)
Avg Policy Reward on real env:   36.530 ± 0.909
  3%|██▎                                                                            | 12/403 [00:01<01:01,  6.33it/s]
Model reward: (36.52999999932945, 0.6645299096523377)
Avg Policy Reward on real env:   37.090 ± 0.320
  6%|████▉                                                                          | 25/403 [00:03<00:57,  6.53it/s]
Model reward: (36.52999999932945, 0.7547184912674146)
Avg Policy Reward on real env:   36.130 ± 1.608
  9%|███████▎                                                                       | 37/403 [00:05<00:54,  6.77it/s]
Model reward: (36.68999999947846, 0.5122499394716978)
Avg Policy Reward on real env:   36.290 ± 0.999
mean mean reward: 56.42378209549683, mean last reward: 36.433999999240044, score: 420.76378208789725
[I 2024-06-29 17:58:30,688] Trial 61 finished with value: 420.76378208789725 and parameters: {'init_sample_trajectories': 3, 'batch_size': 8, 'eps': 1.9148482347771678e-07, 'default_model': 0.0760551760773935, 'env_noise_weight': 0.9771985343064747}. Best is trial 52 with value: 423.09252625679056.
  4%|██▉                                                                            | 15/400 [00:01<00:48,  7.91it/s]
Model reward: (36.52999999932945, 0.8352245214907075)
Avg Policy Reward on real env:   35.650 ± 1.992
  2%|█▊                                                                              | 9/400 [00:01<01:03,  6.14it/s]
Model reward: (35.32999999821186, 1.7232527398879456)
Avg Policy Reward on real env:   36.130 ± 1.143
  2%|█▏                                                                              | 6/400 [00:01<01:07,  5.88it/s]
Model reward: (36.04999999888241, 1.867618806527956)
Avg Policy Reward on real env:   36.770 ± 0.640
  2%|█▉                                                                             | 10/400 [00:01<01:02,  6.20it/s]
Model reward: (37.08999999985099, 0.3200000002980232)
Avg Policy Reward on real env:   36.770 ± 0.531
  4%|███▎                                                                           | 17/400 [00:00<00:12, 29.82it/s]
Model reward: (36.28999999910593, 1.0613199339021593)
Avg Policy Reward on real env:   36.450 ± 0.620
mean mean reward: 48.957576252797665, mean last reward: 36.35399999916554, score: 412.497576244453
[I 2024-06-29 17:58:38,000] Trial 62 finished with value: 412.497576244453 and parameters: {'init_sample_trajectories': 0, 'batch_size': 18, 'eps': 8.200841893360109e-07, 'default_model': 0.06354245993263412, 'env_noise_weight': 0.9697422159601758}. Best is trial 52 with value: 423.09252625679056.
  9%|██████▊                                                                        | 35/404 [00:05<00:54,  6.73it/s]
Model reward: (37.169999999925494, 0.24000000022351742)
Avg Policy Reward on real env:   36.130 ± 0.891
  6%|████▍                                                                          | 23/404 [00:04<01:07,  5.63it/s]
Model reward: (36.209999999031425, 0.7200000006705523)
Avg Policy Reward on real env:   36.050 ± 1.145
  3%|██▎                                                                            | 12/404 [00:01<01:05,  6.03it/s]
Model reward: (36.52999999932945, 0.6645299096523377)
Avg Policy Reward on real env:   37.090 ± 0.320
  6%|████▉                                                                          | 25/404 [00:03<01:00,  6.31it/s]
Model reward: (36.52999999932945, 0.7547184912674146)
Avg Policy Reward on real env:   36.130 ± 1.608
  9%|███████▏                                                                       | 37/404 [00:05<00:56,  6.46it/s]
Model reward: (36.68999999947846, 0.5122499394716978)
Avg Policy Reward on real env:   36.290 ± 0.999
mean mean reward: 56.421693206605994, mean last reward: 36.33799999915063, score: 419.80169319811233
[I 2024-06-29 17:58:59,765] Trial 63 finished with value: 419.80169319811233 and parameters: {'init_sample_trajectories': 4, 'batch_size': 8, 'eps': 4.1937764463272934e-07, 'default_model': 0.09773123657643354, 'env_noise_weight': 0.9216979332976487}. Best is trial 52 with value: 423.09252625679056.
 69%|██████████████████████████████████████████████████████▏                       | 284/409 [00:06<00:02, 42.50it/s]
Model reward: (36.68999999947846, 0.6248199746544414)
Avg Policy Reward on real env:   36.610 ± 0.784
 42%|████████████████████████████████▌                                             | 171/409 [00:06<00:09, 26.39it/s]
Model reward: (36.44999999925494, 1.1865917590404058)
Avg Policy Reward on real env:   36.290 ± 0.999
 24%|███████████████████                                                           | 100/409 [00:06<00:18, 16.55it/s]
Model reward: (36.28999999910593, 1.2289833208035572)
Avg Policy Reward on real env:   36.690 ± 0.720
 44%|██████████████████████████████████▋                                           | 182/409 [00:06<00:07, 29.71it/s]
Model reward: (35.8899999987334, 1.6414627638233865)
Avg Policy Reward on real env:   35.570 ± 1.733
 71%|███████████████████████████████████████████████████████▎                      | 290/409 [00:06<00:02, 48.02it/s]
Model reward: (36.60999999940395, 0.9991996806743209)
Avg Policy Reward on real env:   36.450 ± 0.620
mean mean reward: 56.12204877976601, mean last reward: 36.321999999135734, score: 419.34204877112336
[I 2024-06-29 17:59:31,919] Trial 64 finished with value: 419.34204877112336 and parameters: {'init_sample_trajectories': 9, 'batch_size': 1, 'eps': 3.108631579600945e-08, 'default_model': 0.19048225440320607, 'env_noise_weight': 0.8494572854800873}. Best is trial 52 with value: 423.09252625679056.
  2%|█▌                                                                              | 8/406 [00:01<00:58,  6.83it/s]
Model reward: (36.52999999932945, 0.9086253361742671)
Avg Policy Reward on real env:   36.290 ± 1.229
  1%|▉                                                                               | 5/406 [00:00<01:13,  5.45it/s]
Model reward: (36.369999999180436, 0.8352245214907075)
Avg Policy Reward on real env:   35.810 ± 1.061
  1%|▌                                                                               | 3/406 [00:00<01:22,  4.87it/s]
Model reward: (36.369999999180436, 0.8352245214907075)
Avg Policy Reward on real env:   36.210 ± 1.477
  1%|█▏                                                                              | 6/406 [00:01<01:09,  5.77it/s]
Model reward: (36.68999999947846, 0.8039900504384453)
Avg Policy Reward on real env:   36.450 ± 1.431
  2%|█▊                                                                              | 9/406 [00:00<00:09, 40.34it/s]
Model reward: (1.0, 0.0)
Avg Policy Reward on real env:   0.970 ± 0.060
mean mean reward: 49.292434920014344, mean last reward: 29.14599999912083, score: 340.7524349112226
[I 2024-06-29 17:59:36,506] Trial 65 finished with value: 340.7524349112226 and parameters: {'init_sample_trajectories': 6, 'batch_size': 36, 'eps': 1.0748583005490338e-06, 'default_model': 0.14979483410027827, 'env_noise_weight': 0.9700953235887897}. Best is trial 52 with value: 423.09252625679056.
  3%|██▍                                                                           | 13/414 [00:00<00:02, 142.17it/s]
Model reward: (0.9899999998509884, 0.02000000029802322)
Avg Policy Reward on real env:   0.990 ± 0.020
  2%|█▋                                                                              | 9/414 [00:01<01:05,  6.17it/s]
Model reward: (36.28999999910593, 0.8616263699439728)
Avg Policy Reward on real env:   35.890 ± 1.134
  1%|▉                                                                               | 5/414 [00:00<01:17,  5.26it/s]
Model reward: (36.44999999925494, 0.715541753466333)
Avg Policy Reward on real env:   36.130 ± 1.440
  2%|█▉                                                                             | 10/414 [00:01<01:05,  6.16it/s]
Model reward: (35.96999999880791, 1.6079801008768906)
Avg Policy Reward on real env:   36.370 ± 1.406
  4%|██▊                                                                           | 15/414 [00:00<00:02, 138.59it/s]
Model reward: (0.9849999997764826, 0.032015621664234176)
Avg Policy Reward on real env:   0.980 ± 0.024
mean mean reward: 42.222111363073125, mean last reward: 22.071999999284746, score: 262.9421113559206
