[I 2024-06-26 15:13:09,116] A new study created in memory with name: no-name-9bfefa37-a806-4451-a4c3-9f2b4576ac41
/Users/kacper/micromamba/envs/stackelberg/lib/python3.10/site-packages/gymnasium/core.py:311: UserWarning: WARN: env.num_states to get variables from other wrappers is deprecated and will be removed in v1.0, to get this variable you can do `env.unwrapped.num_states` for environment variables or `env.get_wrapper_attr('num_states')` that will search the reminding wrappers.
  logger.warn(
/Users/kacper/micromamba/envs/stackelberg/lib/python3.10/site-packages/gymnasium/core.py:311: UserWarning: WARN: env.num_actions to get variables from other wrappers is deprecated and will be removed in v1.0, to get this variable you can do `env.unwrapped.num_actions` for environment variables or `env.get_wrapper_attr('num_actions')` that will search the reminding wrappers.
  logger.warn(
/Users/kacper/micromamba/envs/stackelberg/lib/python3.10/site-packages/gymnasium/core.py:311: UserWarning: WARN: env.rewards to get variables from other wrappers is deprecated and will be removed in v1.0, to get this variable you can do `env.unwrapped.rewards` for environment variables or `env.get_wrapper_attr('rewards')` that will search the reminding wrappers.
  logger.warn(
/Users/kacper/micromamba/envs/stackelberg/lib/python3.10/site-packages/gymnasium/core.py:311: UserWarning: WARN: env.initial_state to get variables from other wrappers is deprecated and will be removed in v1.0, to get this variable you can do `env.unwrapped.initial_state` for environment variables or `env.get_wrapper_attr('initial_state')` that will search the reminding wrappers.
  logger.warn(
/Users/kacper/micromamba/envs/stackelberg/lib/python3.10/site-packages/gymnasium/core.py:311: UserWarning: WARN: env.final_state to get variables from other wrappers is deprecated and will be removed in v1.0, to get this variable you can do `env.unwrapped.final_state` for environment variables or `env.get_wrapper_attr('final_state')` that will search the reminding wrappers.
  logger.warn(
/Users/kacper/micromamba/envs/stackelberg/lib/python3.10/site-packages/gymnasium/core.py:311: UserWarning: WARN: env.max_ep_steps to get variables from other wrappers is deprecated and will be removed in v1.0, to get this variable you can do `env.unwrapped.max_ep_steps` for environment variables or `env.get_wrapper_attr('max_ep_steps')` that will search the reminding wrappers.
  logger.warn(
/Users/kacper/micromamba/envs/stackelberg/lib/python3.10/site-packages/stable_baselines3/ppo/ppo.py:155: UserWarning: You have specified a mini-batch size of 64, but because the `RolloutBuffer` is of size `n_steps * n_envs = 126`, after every 1 untruncated mini-batches, there will be a truncated mini-batch of size 62
We recommend using a `batch_size` that is a factor of `n_steps * n_envs`.
Info: (n_steps=126 and n_envs=1)
  warnings.warn(
/Users/kacper/micromamba/envs/stackelberg/lib/python3.10/site-packages/gymnasium/core.py:311: UserWarning: WARN: env.num_states to get variables from other wrappers is deprecated and will be removed in v1.0, to get this variable you can do `env.unwrapped.num_states` for environment variables or `env.get_wrapper_attr('num_states')` that will search the reminding wrappers.
  logger.warn(
/Users/kacper/micromamba/envs/stackelberg/lib/python3.10/site-packages/gymnasium/core.py:311: UserWarning: WARN: env.num_actions to get variables from other wrappers is deprecated and will be removed in v1.0, to get this variable you can do `env.unwrapped.num_actions` for environment variables or `env.get_wrapper_attr('num_actions')` that will search the reminding wrappers.
  logger.warn(
/Users/kacper/micromamba/envs/stackelberg/lib/python3.10/site-packages/gymnasium/core.py:311: UserWarning: WARN: env.max_ep_steps to get variables from other wrappers is deprecated and will be removed in v1.0, to get this variable you can do `env.unwrapped.max_ep_steps` for environment variables or `env.get_wrapper_attr('max_ep_steps')` that will search the reminding wrappers.
  logger.warn(
/Users/kacper/micromamba/envs/stackelberg/lib/python3.10/site-packages/gymnasium/core.py:311: UserWarning: WARN: env.rewards to get variables from other wrappers is deprecated and will be removed in v1.0, to get this variable you can do `env.unwrapped.rewards` for environment variables or `env.get_wrapper_attr('rewards')` that will search the reminding wrappers.
  logger.warn(
/Users/kacper/micromamba/envs/stackelberg/lib/python3.10/site-packages/gymnasium/core.py:311: UserWarning: WARN: env.initial_state to get variables from other wrappers is deprecated and will be removed in v1.0, to get this variable you can do `env.unwrapped.initial_state` for environment variables or `env.get_wrapper_attr('initial_state')` that will search the reminding wrappers.
  logger.warn(
/Users/kacper/micromamba/envs/stackelberg/lib/python3.10/site-packages/gymnasium/core.py:311: UserWarning: WARN: env.final_state to get variables from other wrappers is deprecated and will be removed in v1.0, to get this variable you can do `env.unwrapped.final_state` for environment variables or `env.get_wrapper_attr('final_state')` that will search the reminding wrappers.
  logger.warn(
/Users/kacper/micromamba/envs/stackelberg/lib/python3.10/site-packages/stable_baselines3/common/evaluation.py:67: UserWarning: Evaluation environment is not wrapped with a ``Monitor`` wrapper. This may result in reporting modified episode lengths and rewards, if other wrappers happen to modify these. Consider wrapping environment first with ``Monitor`` wrapper.
  warnings.warn(
/Users/kacper/micromamba/envs/stackelberg/lib/python3.10/site-packages/gymnasium/utils/passive_env_checker.py:181: DeprecationWarning: WARN: Current gymnasium version requires that `Env.reset` can be passed `options` to allow the environment initialisation to be passed additional information.
  logger.deprecation(
mean mean reward: 5.815949534780901, mean last reward: 1.1441666662072143, score: 17.257616196853043
[I 2024-06-26 15:14:01,144] Trial 0 finished with value: 17.257616196853043 and parameters: {'learning_rate': 0.19158690900589334, 'n_steps': 126, 'env_reward_weight': 0.05413214185090171}. Best is trial 0 with value: 17.257616196853043.
/Users/kacper/micromamba/envs/stackelberg/lib/python3.10/site-packages/stable_baselines3/ppo/ppo.py:155: UserWarning: You have specified a mini-batch size of 64, but because the `RolloutBuffer` is of size `n_steps * n_envs = 174`, after every 2 untruncated mini-batches, there will be a truncated mini-batch of size 46
We recommend using a `batch_size` that is a factor of `n_steps * n_envs`.
Info: (n_steps=174 and n_envs=1)
  warnings.warn(
mean mean reward: 3.957509959699861, mean last reward: 7.17499999931703, score: 75.70750995287015
[I 2024-06-26 15:14:49,046] Trial 1 finished with value: 75.70750995287015 and parameters: {'learning_rate': 0.44359906408874417, 'n_steps': 174, 'env_reward_weight': 0.230727729790825}. Best is trial 1 with value: 75.70750995287015.
/Users/kacper/micromamba/envs/stackelberg/lib/python3.10/site-packages/stable_baselines3/ppo/ppo.py:155: UserWarning: You have specified a mini-batch size of 64, but because the `RolloutBuffer` is of size `n_steps * n_envs = 734`, after every 11 untruncated mini-batches, there will be a truncated mini-batch of size 30
We recommend using a `batch_size` that is a factor of `n_steps * n_envs`.
Info: (n_steps=734 and n_envs=1)
  warnings.warn(
mean mean reward: 4.173741699300785, mean last reward: 6.954999999826153, score: 73.72374169756233
[I 2024-06-26 15:15:32,708] Trial 2 finished with value: 73.72374169756233 and parameters: {'learning_rate': 0.233255515074226, 'n_steps': 734, 'env_reward_weight': 0.5715061990574466}. Best is trial 1 with value: 75.70750995287015.
/Users/kacper/micromamba/envs/stackelberg/lib/python3.10/site-packages/stable_baselines3/ppo/ppo.py:155: UserWarning: You have specified a mini-batch size of 64, but because the `RolloutBuffer` is of size `n_steps * n_envs = 306`, after every 4 untruncated mini-batches, there will be a truncated mini-batch of size 50
We recommend using a `batch_size` that is a factor of `n_steps * n_envs`.
Info: (n_steps=306 and n_envs=1)
  warnings.warn(
mean mean reward: 2.5081108893217103, mean last reward: 1.3374999990686776, score: 15.883110880008486
[I 2024-06-26 15:16:22,611] Trial 3 finished with value: 15.883110880008486 and parameters: {'learning_rate': 0.13692638096538723, 'n_steps': 306, 'env_reward_weight': 0.6277720355010638}. Best is trial 1 with value: 75.70750995287015.
/Users/kacper/micromamba/envs/stackelberg/lib/python3.10/site-packages/stable_baselines3/ppo/ppo.py:155: UserWarning: You have specified a mini-batch size of 64, but because the `RolloutBuffer` is of size `n_steps * n_envs = 895`, after every 13 untruncated mini-batches, there will be a truncated mini-batch of size 63
We recommend using a `batch_size` that is a factor of `n_steps * n_envs`.
Info: (n_steps=895 and n_envs=1)
  warnings.warn(
mean mean reward: 3.4258233728206364, mean last reward: 0.9933333332339923, score: 13.35915670516056
[I 2024-06-26 15:17:14,091] Trial 4 finished with value: 13.35915670516056 and parameters: {'learning_rate': 0.19757652632260567, 'n_steps': 895, 'env_reward_weight': 0.9882395872900075}. Best is trial 1 with value: 75.70750995287015.
/Users/kacper/micromamba/envs/stackelberg/lib/python3.10/site-packages/stable_baselines3/ppo/ppo.py:155: UserWarning: You have specified a mini-batch size of 64, but because the `RolloutBuffer` is of size `n_steps * n_envs = 446`, after every 6 untruncated mini-batches, there will be a truncated mini-batch of size 62
We recommend using a `batch_size` that is a factor of `n_steps * n_envs`.
Info: (n_steps=446 and n_envs=1)
  warnings.warn(
mean mean reward: 4.915527888052265, mean last reward: 6.859166666368643, score: 73.50719455173869
[I 2024-06-26 15:18:03,667] Trial 5 finished with value: 73.50719455173869 and parameters: {'learning_rate': 0.3011910464765963, 'n_steps': 446, 'env_reward_weight': 0.9901910916199126}. Best is trial 1 with value: 75.70750995287015.
/Users/kacper/micromamba/envs/stackelberg/lib/python3.10/site-packages/stable_baselines3/ppo/ppo.py:155: UserWarning: You have specified a mini-batch size of 64, but because the `RolloutBuffer` is of size `n_steps * n_envs = 135`, after every 2 untruncated mini-batches, there will be a truncated mini-batch of size 7
We recommend using a `batch_size` that is a factor of `n_steps * n_envs`.
Info: (n_steps=135 and n_envs=1)
  warnings.warn(
mean mean reward: 7.042503319357388, mean last reward: 1.2241666661575437, score: 19.284169980932823
[I 2024-06-26 15:19:00,732] Trial 6 finished with value: 19.284169980932823 and parameters: {'learning_rate': 0.25657032783276007, 'n_steps': 135, 'env_reward_weight': 0.3331951085472108}. Best is trial 1 with value: 75.70750995287015.
mean mean reward: 5.341679946264155, mean last reward: 1.2833333323399225, score: 18.17501326966338
[I 2024-06-26 15:19:45,980] Trial 7 finished with value: 18.17501326966338 and parameters: {'learning_rate': 0.13762990944835327, 'n_steps': 640, 'env_reward_weight': 0.28543429717382957}. Best is trial 1 with value: 75.70750995287015.
/Users/kacper/micromamba/envs/stackelberg/lib/python3.10/site-packages/stable_baselines3/ppo/ppo.py:155: UserWarning: You have specified a mini-batch size of 64, but because the `RolloutBuffer` is of size `n_steps * n_envs = 477`, after every 7 untruncated mini-batches, there will be a truncated mini-batch of size 29
We recommend using a `batch_size` that is a factor of `n_steps * n_envs`.
Info: (n_steps=477 and n_envs=1)
  warnings.warn(
mean mean reward: 9.128738379253354, mean last reward: 7.0174999993294485, score: 79.30373837254783
[I 2024-06-26 15:20:51,017] Trial 8 finished with value: 79.30373837254783 and parameters: {'learning_rate': 0.13247964077432728, 'n_steps': 477, 'env_reward_weight': 0.5710860864431199}. Best is trial 8 with value: 79.30373837254783.
/Users/kacper/micromamba/envs/stackelberg/lib/python3.10/site-packages/stable_baselines3/ppo/ppo.py:155: UserWarning: You have specified a mini-batch size of 64, but because the `RolloutBuffer` is of size `n_steps * n_envs = 234`, after every 3 untruncated mini-batches, there will be a truncated mini-batch of size 42
We recommend using a `batch_size` that is a factor of `n_steps * n_envs`.
Info: (n_steps=234 and n_envs=1)
  warnings.warn(
mean mean reward: 4.976530544018771, mean last reward: 7.2958333322157465, score: 77.93486386617624
[I 2024-06-26 15:21:58,188] Trial 9 finished with value: 77.93486386617624 and parameters: {'learning_rate': 0.3815866631675795, 'n_steps': 234, 'env_reward_weight': 0.13524913225747015}. Best is trial 8 with value: 79.30373837254783.
/Users/kacper/micromamba/envs/stackelberg/lib/python3.10/site-packages/stable_baselines3/ppo/ppo.py:155: UserWarning: You have specified a mini-batch size of 64, but because the `RolloutBuffer` is of size `n_steps * n_envs = 481`, after every 7 untruncated mini-batches, there will be a truncated mini-batch of size 33
We recommend using a `batch_size` that is a factor of `n_steps * n_envs`.
Info: (n_steps=481 and n_envs=1)
  warnings.warn(
mean mean reward: 5.0604249654810225, mean last reward: 12.839166665511828, score: 133.4520916205993
[I 2024-06-26 15:22:38,875] Trial 10 finished with value: 133.4520916205993 and parameters: {'learning_rate': 0.016094149961904697, 'n_steps': 481, 'env_reward_weight': 0.6957872417093699}. Best is trial 10 with value: 133.4520916205993.
/Users/kacper/micromamba/envs/stackelberg/lib/python3.10/site-packages/stable_baselines3/ppo/ppo.py:155: UserWarning: You have specified a mini-batch size of 64, but because the `RolloutBuffer` is of size `n_steps * n_envs = 476`, after every 7 untruncated mini-batches, there will be a truncated mini-batch of size 28
We recommend using a `batch_size` that is a factor of `n_steps * n_envs`.
Info: (n_steps=476 and n_envs=1)
  warnings.warn(
mean mean reward: 4.029558431646808, mean last reward: 0.9908333331967394, score: 13.937891763614203
[I 2024-06-26 15:23:16,014] Trial 11 finished with value: 13.937891763614203 and parameters: {'learning_rate': 0.004501483332003543, 'n_steps': 476, 'env_reward_weight': 0.738395194224057}. Best is trial 10 with value: 133.4520916205993.
/Users/kacper/micromamba/envs/stackelberg/lib/python3.10/site-packages/stable_baselines3/ppo/ppo.py:155: UserWarning: You have specified a mini-batch size of 64, but because the `RolloutBuffer` is of size `n_steps * n_envs = 648`, after every 10 untruncated mini-batches, there will be a truncated mini-batch of size 8
We recommend using a `batch_size` that is a factor of `n_steps * n_envs`.
Info: (n_steps=648 and n_envs=1)
  warnings.warn(
mean mean reward: 3.5013413003157297, mean last reward: 7.481666665027539, score: 78.31800795059112
[I 2024-06-26 15:23:47,736] Trial 12 finished with value: 78.31800795059112 and parameters: {'learning_rate': 0.006539350387618659, 'n_steps': 648, 'env_reward_weight': 0.7677888206154844}. Best is trial 10 with value: 133.4520916205993.
/Users/kacper/micromamba/envs/stackelberg/lib/python3.10/site-packages/stable_baselines3/ppo/ppo.py:155: UserWarning: You have specified a mini-batch size of 64, but because the `RolloutBuffer` is of size `n_steps * n_envs = 374`, after every 5 untruncated mini-batches, there will be a truncated mini-batch of size 54
We recommend using a `batch_size` that is a factor of `n_steps * n_envs`.
Info: (n_steps=374 and n_envs=1)
  warnings.warn(
mean mean reward: 3.3801494019229708, mean last reward: 0.9891666665052375, score: 13.271816066975346
[I 2024-06-26 15:24:25,685] Trial 13 finished with value: 13.271816066975346 and parameters: {'learning_rate': 0.0790681725473865, 'n_steps': 374, 'env_reward_weight': 0.4313896993638775}. Best is trial 10 with value: 133.4520916205993.
/Users/kacper/micromamba/envs/stackelberg/lib/python3.10/site-packages/stable_baselines3/ppo/ppo.py:155: UserWarning: You have specified a mini-batch size of 64, but because the `RolloutBuffer` is of size `n_steps * n_envs = 592`, after every 9 untruncated mini-batches, there will be a truncated mini-batch of size 16
We recommend using a `batch_size` that is a factor of `n_steps * n_envs`.
Info: (n_steps=592 and n_envs=1)
  warnings.warn(
mean mean reward: 2.7242164670604754, mean last reward: 0.9849999997764826, score: 12.574216464825302
[I 2024-06-26 15:25:13,675] Trial 14 finished with value: 12.574216464825302 and parameters: {'learning_rate': 0.07850476292764064, 'n_steps': 592, 'env_reward_weight': 0.7857883929619734}. Best is trial 10 with value: 133.4520916205993.
/Users/kacper/micromamba/envs/stackelberg/lib/python3.10/site-packages/stable_baselines3/ppo/ppo.py:155: UserWarning: You have specified a mini-batch size of 64, but because the `RolloutBuffer` is of size `n_steps * n_envs = 853`, after every 13 untruncated mini-batches, there will be a truncated mini-batch of size 21
We recommend using a `batch_size` that is a factor of `n_steps * n_envs`.
Info: (n_steps=853 and n_envs=1)
  warnings.warn(
mean mean reward: 3.593187250428713, mean last reward: 1.4133333324144284, score: 17.726520574572994
[I 2024-06-26 15:26:00,288] Trial 15 finished with value: 17.726520574572994 and parameters: {'learning_rate': 0.09265929442990857, 'n_steps': 853, 'env_reward_weight': 0.4147711837010204}. Best is trial 10 with value: 133.4520916205993.
/Users/kacper/micromamba/envs/stackelberg/lib/python3.10/site-packages/stable_baselines3/ppo/ppo.py:155: UserWarning: You have specified a mini-batch size of 64, but because the `RolloutBuffer` is of size `n_steps * n_envs = 537`, after every 8 untruncated mini-batches, there will be a truncated mini-batch of size 25
We recommend using a `batch_size` that is a factor of `n_steps * n_envs`.
Info: (n_steps=537 and n_envs=1)
  warnings.warn(
mean mean reward: 4.458061088238945, mean last reward: 13.305833331868053, score: 137.51639440691946
[I 2024-06-26 15:26:47,020] Trial 16 finished with value: 137.51639440691946 and parameters: {'learning_rate': 0.039465195605696626, 'n_steps': 537, 'env_reward_weight': 0.6325497557041829}. Best is trial 16 with value: 137.51639440691946.
/Users/kacper/micromamba/envs/stackelberg/lib/python3.10/site-packages/stable_baselines3/ppo/ppo.py:155: UserWarning: You have specified a mini-batch size of 64, but because the `RolloutBuffer` is of size `n_steps * n_envs = 9`, after every 0 untruncated mini-batches, there will be a truncated mini-batch of size 9
We recommend using a `batch_size` that is a factor of `n_steps * n_envs`.
Info: (n_steps=9 and n_envs=1)
  warnings.warn(
mean mean reward: 8.663748338984531, mean last reward: 13.142499998894829, score: 140.08874832793282
[I 2024-06-26 15:28:46,661] Trial 17 finished with value: 140.08874832793282 and parameters: {'learning_rate': 0.025514624349167098, 'n_steps': 9, 'env_reward_weight': 0.8657917007811926}. Best is trial 17 with value: 140.08874832793282.
/Users/kacper/micromamba/envs/stackelberg/lib/python3.10/site-packages/stable_baselines3/ppo/ppo.py:155: UserWarning: You have specified a mini-batch size of 64, but because the `RolloutBuffer` is of size `n_steps * n_envs = 17`, after every 0 untruncated mini-batches, there will be a truncated mini-batch of size 17
We recommend using a `batch_size` that is a factor of `n_steps * n_envs`.
Info: (n_steps=17 and n_envs=1)
  warnings.warn(
mean mean reward: 5.541713146887631, mean last reward: 7.324999998323619, score: 78.79171313012382
[I 2024-06-26 15:29:48,922] Trial 18 finished with value: 78.79171313012382 and parameters: {'learning_rate': 0.3397809668861169, 'n_steps': 17, 'env_reward_weight': 0.8702546998733532}. Best is trial 17 with value: 140.08874832793282.
/Users/kacper/micromamba/envs/stackelberg/lib/python3.10/site-packages/stable_baselines3/ppo/ppo.py:155: UserWarning: You have specified a mini-batch size of 64, but because the `RolloutBuffer` is of size `n_steps * n_envs = 769`, after every 12 untruncated mini-batches, there will be a truncated mini-batch of size 1
We recommend using a `batch_size` that is a factor of `n_steps * n_envs`.
Info: (n_steps=769 and n_envs=1)
  warnings.warn(
mean mean reward: 3.7813678613803283, mean last reward: 0.9824999997392297, score: 13.606367858772625
[I 2024-06-26 15:30:39,394] Trial 19 finished with value: 13.606367858772625 and parameters: {'learning_rate': 0.059950395072963764, 'n_steps': 769, 'env_reward_weight': 0.9033955724780598}. Best is trial 17 with value: 140.08874832793282.
/Users/kacper/micromamba/envs/stackelberg/lib/python3.10/site-packages/stable_baselines3/ppo/ppo.py:155: UserWarning: You have specified a mini-batch size of 64, but because the `RolloutBuffer` is of size `n_steps * n_envs = 39`, after every 0 untruncated mini-batches, there will be a truncated mini-batch of size 39
We recommend using a `batch_size` that is a factor of `n_steps * n_envs`.
Info: (n_steps=39 and n_envs=1)
  warnings.warn(
mean mean reward: 7.225388444335031, mean last reward: 13.334999998658896, score: 140.575388430924
[I 2024-06-26 15:31:31,958] Trial 20 finished with value: 140.575388430924 and parameters: {'learning_rate': 0.04699477629886523, 'n_steps': 39, 'env_reward_weight': 0.8568565362100038}. Best is trial 20 with value: 140.575388430924.
/Users/kacper/micromamba/envs/stackelberg/lib/python3.10/site-packages/stable_baselines3/ppo/ppo.py:155: UserWarning: You have specified a mini-batch size of 64, but because the `RolloutBuffer` is of size `n_steps * n_envs = 3`, after every 0 untruncated mini-batches, there will be a truncated mini-batch of size 3
We recommend using a `batch_size` that is a factor of `n_steps * n_envs`.
Info: (n_steps=3 and n_envs=1)
  warnings.warn(
mean mean reward: 6.324156706189245, mean last reward: 0.9866666664679844, score: 16.19082337086909
