[I 2024-06-29 17:52:49,694] Trial 24 finished with value: 330.4888666606893 and parameters: {'init_sample_trajectories': 0, 'batch_size': 63, 'eps': 1.7432379140558743e-06, 'default_model': 0.0031668195797438176, 'env_noise_weight': 0.999438959261871}. Best is trial 11 with value: 422.5128829635655.
 33%|█████████████████████████▋                                                    | 135/410 [00:05<00:11, 23.24it/s]
Model reward: (36.52999999932945, 0.908625336174267)
Avg Policy Reward on real env:   36.290 ± 1.632
 22%|█████████████████▏                                                             | 89/410 [00:05<00:20, 15.38it/s]
Model reward: (36.52999999932945, 0.5600000005215406)
Avg Policy Reward on real env:   36.530 ± 0.909
 11%|████████▊                                                                      | 46/410 [00:05<00:46,  7.87it/s]
Model reward: (36.769999999552965, 0.5306599669510796)
Avg Policy Reward on real env:   36.690 ± 0.720
 22%|█████████████████▋                                                             | 92/410 [00:05<00:20, 15.71it/s]
Model reward: (36.28999999910593, 1.1200000010430813)
Avg Policy Reward on real env:   36.290 ± 0.862
 36%|███████████████████████████▊                                                  | 146/410 [00:05<00:10, 25.72it/s]
Model reward: (36.28999999910593, 0.6974238316160343)
Avg Policy Reward on real env:   36.130 ± 1.348
mean mean reward: 55.94224146264878, mean last reward: 36.385999999195334, score: 419.80224145460215
[I 2024-06-29 17:53:19,410] Trial 25 finished with value: 419.80224145460215 and parameters: {'init_sample_trajectories': 10, 'batch_size': 2, 'eps': 3.785962032561491e-07, 'default_model': 0.1321789580053535, 'env_noise_weight': 0.8585644352768955}. Best is trial 11 with value: 422.5128829635655.
  1%|█▏                                                                              | 6/426 [00:00<01:04,  6.51it/s]
Model reward: (37.00999999977648, 0.5122499394716978)
Avg Policy Reward on real env:   36.770 ± 0.640
  1%|▊                                                                               | 4/426 [00:00<01:19,  5.32it/s]
Model reward: (36.84999999962747, 0.5366563150997496)
Avg Policy Reward on real env:   36.290 ± 1.176
  0%|▍                                                                               | 2/426 [00:00<01:37,  4.35it/s]
Model reward: (36.28999999910593, 1.3763720440086666)
Avg Policy Reward on real env:   36.610 ± 0.480
  1%|▉                                                                               | 5/426 [00:00<01:15,  5.56it/s]
Model reward: (35.48999999836087, 2.0800000019371514)
Avg Policy Reward on real env:   37.090 ± 0.320
  2%|█▎                                                                              | 7/426 [00:00<00:04, 90.81it/s]
Model reward: (0.9699999995529651, 0.04000000059604644)
Avg Policy Reward on real env:   0.985 ± 0.023
mean mean reward: 44.340691070715636, mean last reward: 29.54899999953806, score: 339.8306910660963
[I 2024-06-29 17:53:23,132] Trial 26 finished with value: 339.8306910660963 and parameters: {'init_sample_trajectories': 26, 'batch_size': 44, 'eps': 3.5347920406075386e-06, 'default_model': 0.1548120750079488, 'env_noise_weight': 0.9358357074254036}. Best is trial 11 with value: 422.5128829635655.
  3%|██▎                                                                            | 13/438 [00:01<00:55,  7.64it/s]
Model reward: (36.769999999552965, 0.5306599669510796)
Avg Policy Reward on real env:   35.090 ± 2.556
  2%|█▊                                                                             | 10/438 [00:01<01:08,  6.22it/s]
Model reward: (36.769999999552965, 0.9600000008940697)
Avg Policy Reward on real env:   36.690 ± 0.804
  1%|▉                                                                               | 5/438 [00:00<01:17,  5.61it/s]
Model reward: (37.00999999977648, 0.3666060559378957)
Avg Policy Reward on real env:   37.170 ± 0.240
  2%|█▊                                                                             | 10/438 [00:01<01:08,  6.25it/s]
Model reward: (36.12999999895692, 0.9600000008940697)
Avg Policy Reward on real env:   36.850 ± 0.400
  3%|██▍                                                                           | 14/438 [00:00<00:03, 117.88it/s]
Model reward: (0.974999999627471, 0.04031128934217776)
Avg Policy Reward on real env:   0.985 ± 0.023
mean mean reward: 47.98032618975728, mean last reward: 29.35699999935925, score: 341.55032618334974
[I 2024-06-29 17:53:29,656] Trial 27 finished with value: 341.55032618334974 and parameters: {'init_sample_trajectories': 38, 'batch_size': 19, 'eps': 1.8980255936340453e-06, 'default_model': 0.056146377186686094, 'env_noise_weight': 0.7169148297787594}. Best is trial 11 with value: 422.5128829635655.
  0%|▍                                                                               | 2/416 [00:00<00:30, 13.69it/s]
Model reward: (2.319999996572733, 1.1178550880068074)
Avg Policy Reward on real env:   2.865 ± 1.471
  0%|▍                                                                               | 2/416 [00:00<00:48,  8.59it/s]
Model reward: (1.0, 0.0)
Avg Policy Reward on real env:   0.990 ± 0.020
  0%|▏                                                                               | 1/416 [00:00<02:18,  3.00it/s]
Model reward: (36.92999999970198, 0.5306599669510795)
Avg Policy Reward on real env:   36.850 ± 0.400
  0%|▍                                                                               | 2/416 [00:00<00:46,  8.84it/s]
Model reward: (0.9849999997764826, 0.032015621664234176)
Avg Policy Reward on real env:   0.995 ± 0.015
  0%|▍                                                                               | 2/416 [00:00<00:15, 26.39it/s]
Model reward: (0.9949999999254941, 0.015000000223517416)
Avg Policy Reward on real env:   0.985 ± 0.045
mean mean reward: 13.055166665570189, mean last reward: 8.536999998837711, score: 98.4251666539473
[I 2024-06-29 17:53:30,891] Trial 28 finished with value: 98.4251666539473 and parameters: {'init_sample_trajectories': 16, 'batch_size': 157, 'eps': 7.287899539660805e-06, 'default_model': 0.19105509049862707, 'env_noise_weight': 0.8253618724031888}. Best is trial 11 with value: 422.5128829635655.
  1%|▊                                                                               | 4/405 [00:00<00:35, 11.33it/s]
Model reward: (36.209999999031425, 1.6019987530520403)
Avg Policy Reward on real env:   36.130 ± 1.197
  1%|▌                                                                               | 3/405 [00:00<01:23,  4.84it/s]
Model reward: (36.44999999925494, 1.0733126301994993)
Avg Policy Reward on real env:   36.050 ± 1.649
  0%|▍                                                                               | 2/405 [00:00<01:34,  4.27it/s]
Model reward: (36.60999999940395, 0.6974238316160343)
Avg Policy Reward on real env:   36.530 ± 0.835
  1%|▊                                                                               | 4/405 [00:00<01:03,  6.31it/s]
Model reward: (36.44999999925494, 0.8000000007450582)
Avg Policy Reward on real env:   36.290 ± 1.509
  1%|▉                                                                               | 5/405 [00:00<00:17, 22.92it/s]
Model reward: (0.9599999994039535, 0.07348469337850258)
Avg Policy Reward on real env:   0.990 ± 0.020
mean mean reward: 40.90336666601524, mean last reward: 29.19799999922514, score: 332.88336665826665
[I 2024-06-29 17:53:33,797] Trial 29 finished with value: 332.88336665826665 and parameters: {'init_sample_trajectories': 5, 'batch_size': 69, 'eps': 6.536378791315659e-07, 'default_model': 0.46534873352483636, 'env_noise_weight': 0.939820180199952}. Best is trial 11 with value: 422.5128829635655.
  1%|▌                                                                               | 3/422 [00:00<01:29,  4.69it/s]
Model reward: (36.68999999947846, 0.6248199746544414)
Avg Policy Reward on real env:   36.610 ± 0.999
  1%|▌                                                                               | 3/422 [00:00<00:34, 12.06it/s]
Model reward: (0.9949999999254941, 0.015000000223517416)
Avg Policy Reward on real env:   0.995 ± 0.015
  1%|▌                                                                               | 3/422 [00:00<01:35,  4.40it/s]
Model reward: (35.649999998509884, 1.9919839375333768)
Avg Policy Reward on real env:   35.410 ± 2.118
  0%|▍                                                                               | 2/422 [00:00<01:41,  4.13it/s]
Model reward: (36.84999999962747, 0.5366563150997496)
Avg Policy Reward on real env:   36.930 ± 0.733
  1%|▌                                                                               | 3/422 [00:00<00:13, 30.36it/s]
Model reward: (0.9799999997019768, 0.033166248397769604)
Avg Policy Reward on real env:   0.990 ± 0.030
mean mean reward: 40.05870833282049, mean last reward: 22.18699999943376, score: 261.9287083271581
[I 2024-06-29 17:53:36,422] Trial 30 finished with value: 261.9287083271581 and parameters: {'init_sample_trajectories': 22, 'batch_size': 114, 'eps': 4.264040456905533e-06, 'default_model': 0.3461249754978889, 'env_noise_weight': 0.22880071407343394}. Best is trial 11 with value: 422.5128829635655.
 31%|████████████████████████▍                                                     | 129/412 [00:05<00:12, 23.36it/s]
Model reward: (36.04999999888241, 1.0276186072502547)
Avg Policy Reward on real env:   36.770 ± 0.960
 22%|█████████████████                                                              | 89/412 [00:05<00:20, 15.44it/s]
Model reward: (36.52999999932945, 0.5600000005215406)
Avg Policy Reward on real env:   36.530 ± 0.909
 11%|████████▊                                                                      | 46/412 [00:05<00:46,  7.88it/s]
Model reward: (36.769999999552965, 0.5306599669510796)
Avg Policy Reward on real env:   36.690 ± 0.720
 22%|█████████████████▋                                                             | 92/412 [00:05<00:20, 15.57it/s]
Model reward: (36.28999999910593, 1.1200000010430813)
Avg Policy Reward on real env:   36.290 ± 0.862
 34%|██████████████████████████▉                                                   | 142/412 [00:05<00:10, 25.61it/s]
Model reward: (35.96999999880791, 1.6857046020263728)
Avg Policy Reward on real env:   36.450 ± 0.876
mean mean reward: 55.42420975538187, mean last reward: 36.545999999344346, score: 420.88420974882536
[I 2024-06-29 17:54:05,748] Trial 31 finished with value: 420.88420974882536 and parameters: {'init_sample_trajectories': 12, 'batch_size': 2, 'eps': 5.182205233007063e-07, 'default_model': 0.1255721775132096, 'env_noise_weight': 0.876363788460243}. Best is trial 11 with value: 422.5128829635655.
  2%|█▌                                                                              | 8/404 [00:01<00:53,  7.44it/s]
Model reward: (36.68999999947846, 0.5122499394716978)
Avg Policy Reward on real env:   36.850 ± 0.400
  1%|▉                                                                               | 5/404 [00:00<01:10,  5.64it/s]
Model reward: (36.209999999031425, 1.07628992476827)
Avg Policy Reward on real env:   36.290 ± 1.376
  1%|▌                                                                               | 3/404 [00:00<01:21,  4.94it/s]
Model reward: (35.96999999880791, 1.7600000016391277)
Avg Policy Reward on real env:   36.210 ± 1.388
  1%|█▏                                                                              | 6/404 [00:01<01:09,  5.74it/s]
Model reward: (36.769999999552965, 0.6400000005960464)
Avg Policy Reward on real env:   36.770 ± 0.392
  2%|█▊                                                                              | 9/404 [00:00<00:10, 39.19it/s]
Model reward: (0.9899999998509884, 0.02000000029802322)
Avg Policy Reward on real env:   0.975 ± 0.060
mean mean reward: 48.54017222153375, mean last reward: 29.41899999938905, score: 342.73017221542426
[I 2024-06-29 17:54:10,201] Trial 32 finished with value: 342.73017221542426 and parameters: {'init_sample_trajectories': 4, 'batch_size': 37, 'eps': 9.959693767032191e-06, 'default_model': 0.07850851908969995, 'env_noise_weight': 0.9246224402119412}. Best is trial 11 with value: 422.5128829635655.
  4%|███                                                                            | 16/413 [00:01<00:27, 14.33it/s]
Model reward: (36.369999999180436, 0.9765244501681555)
Avg Policy Reward on real env:   35.730 ± 2.038
  3%|██▋                                                                            | 14/413 [00:02<01:02,  6.37it/s]
Model reward: (37.00999999977648, 0.5122499394716978)
Avg Policy Reward on real env:   36.450 ± 1.073
  2%|█▌                                                                              | 8/413 [00:01<01:07,  6.01it/s]
Model reward: (35.809999998658895, 1.5512575558179464)
Avg Policy Reward on real env:   35.890 ± 1.388
  3%|██▎                                                                            | 12/413 [00:01<01:03,  6.28it/s]
Model reward: (36.769999999552965, 0.6400000005960464)
Avg Policy Reward on real env:   35.650 ± 1.789
  4%|███▏                                                                          | 17/413 [00:00<00:02, 152.33it/s]
Model reward: (0.9899999998509884, 0.030000000447034835)
Avg Policy Reward on real env:   0.980 ± 0.024
mean mean reward: 45.20284823969969, mean last reward: 28.93999999895692, score: 334.6028482292689
[I 2024-06-29 17:54:17,476] Trial 33 finished with value: 334.6028482292689 and parameters: {'init_sample_trajectories': 13, 'batch_size': 17, 'eps': 7.970542667721637e-07, 'default_model': 0.3018062778790568, 'env_noise_weight': 0.6749382399110803}. Best is trial 11 with value: 422.5128829635655.
  2%|█▍                                                                              | 7/404 [00:01<01:00,  6.58it/s]
Model reward: (36.28999999910593, 1.280000001192093)
Avg Policy Reward on real env:   36.290 ± 0.599
  1%|▉                                                                               | 5/404 [00:00<01:11,  5.60it/s]
Model reward: (35.96999999880791, 0.9600000008940697)
Avg Policy Reward on real env:   36.850 ± 0.820
  1%|▌                                                                               | 3/404 [00:00<01:21,  4.91it/s]
Model reward: (36.52999999932945, 1.210619677161202)
Avg Policy Reward on real env:   36.530 ± 0.665
  1%|█▏                                                                              | 6/404 [00:01<01:10,  5.68it/s]
Model reward: (36.84999999962747, 0.5366563150997496)
Avg Policy Reward on real env:   36.050 ± 1.302
  2%|█▌                                                                              | 8/404 [00:00<00:11, 34.01it/s]
Model reward: (1.0, 0.0)
Avg Policy Reward on real env:   0.970 ± 0.060
mean mean reward: 49.25441269777368, mean last reward: 29.337999999299644, score: 342.6344126907701
[I 2024-06-29 17:54:21,947] Trial 34 finished with value: 342.6344126907701 and parameters: {'init_sample_trajectories': 4, 'batch_size': 43, 'eps': 1.6509526761365451e-06, 'default_model': 0.05668204757080869, 'env_noise_weight': 0.8316544494093007}. Best is trial 11 with value: 422.5128829635655.
  4%|███▍                                                                           | 18/415 [00:01<00:32, 12.25it/s]
Model reward: (36.04999999888241, 1.609968945299249)
Avg Policy Reward on real env:   36.370 ± 0.909
  3%|██▎                                                                            | 12/415 [00:01<01:03,  6.34it/s]
Model reward: (36.44999999925494, 1.3386560437012414)
Avg Policy Reward on real env:   37.010 ± 0.367
  2%|█▎                                                                              | 7/415 [00:01<01:08,  6.00it/s]
Model reward: (36.44999999925494, 1.5178932782944703)
Avg Policy Reward on real env:   36.450 ± 1.073
  3%|██                                                                             | 11/415 [00:01<01:03,  6.37it/s]
Model reward: (36.68999999947846, 1.189285500893089)
Avg Policy Reward on real env:   35.890 ± 1.928
  5%|███▌                                                                          | 19/415 [00:00<00:02, 163.56it/s]
Model reward: (0.9949999999254941, 0.015000000223517416)
Avg Policy Reward on real env:   0.980 ± 0.033
mean mean reward: 45.717898211141396, mean last reward: 29.33999999932945, score: 339.1178982044359
[I 2024-06-29 17:54:28,929] Trial 35 finished with value: 339.1178982044359 and parameters: {'init_sample_trajectories': 15, 'batch_size': 15, 'eps': 2.8138834357045773e-06, 'default_model': 0.2183128830905925, 'env_noise_weight': 0.950291684204606}. Best is trial 11 with value: 422.5128829635655.
  0%|▍                                                                               | 2/423 [00:00<01:39,  4.23it/s]
Model reward: (36.28999999910593, 1.175755077630933)
Avg Policy Reward on real env:   36.450 ± 1.678
  0%|▍                                                                               | 2/423 [00:00<01:41,  4.15it/s]
Model reward: (36.92999999970198, 0.39191835921031093)
Avg Policy Reward on real env:   36.610 ± 0.784
  0%|▏                                                                               | 1/423 [00:00<02:19,  3.02it/s]
Model reward: (36.28999999910593, 1.280000001192093)
Avg Policy Reward on real env:   36.530 ± 0.977
  0%|▍                                                                               | 2/423 [00:00<01:41,  4.16it/s]
Model reward: (36.52999999932945, 0.6645299096523377)
Avg Policy Reward on real env:   36.610 ± 1.120
  0%|▍                                                                               | 2/423 [00:00<00:15, 27.19it/s]
Model reward: (0.9899999998509884, 0.030000000447034835)
Avg Policy Reward on real env:   0.995 ± 0.015
mean mean reward: 29.370999999381603, mean last reward: 29.438999999463555, score: 323.76099999401714
[I 2024-06-29 17:54:31,378] Trial 36 finished with value: 323.76099999401714 and parameters: {'init_sample_trajectories': 23, 'batch_size': 145, 'eps': 5.743922905457883e-07, 'default_model': 0.0023975271885044195, 'env_noise_weight': 0.8817762831689746}. Best is trial 11 with value: 422.5128829635655.
  0%|▏                                                                               | 1/444 [00:00<02:24,  3.07it/s]
Model reward: (36.209999999031425, 1.0150862041813344)
Avg Policy Reward on real env:   36.450 ± 1.012
  0%|▎                                                                               | 2/444 [00:00<01:05,  6.75it/s]
Model reward: (0.9799999997019768, 0.024494897792834196)
Avg Policy Reward on real env:   0.990 ± 0.020
  0%|▏                                                                               | 1/444 [00:00<02:45,  2.68it/s]
Model reward: (36.60999999940395, 0.6974238316160343)
Avg Policy Reward on real env:   36.690 ± 0.625
  0%|▎                                                                               | 2/444 [00:00<01:06,  6.68it/s]
Model reward: (0.9899999998509884, 0.02000000029802322)
Avg Policy Reward on real env:   0.985 ± 0.023
  0%|▎                                                                               | 2/444 [00:00<00:14, 30.15it/s]
Model reward: (0.9949999999254941, 0.015000000223517416)
Avg Policy Reward on real env:   0.975 ± 0.040
mean mean reward: 19.889833332815517, mean last reward: 15.21799999959767, score: 172.0698333287922
[I 2024-06-29 17:54:33,073] Trial 37 finished with value: 172.0698333287922 and parameters: {'init_sample_trajectories': 44, 'batch_size': 236, 'eps': 1.4829994281949186e-07, 'default_model': 0.2735363493201156, 'env_noise_weight': 0.4559663602683497}. Best is trial 11 with value: 422.5128829635655.
 30%|███████████████████████▏                                                      | 128/430 [00:04<00:11, 26.83it/s]
Model reward: (36.369999999180436, 0.9765244501681555)
Avg Policy Reward on real env:   36.370 ± 1.157
 21%|████████████████▉                                                              | 92/430 [00:05<00:21, 15.56it/s]
Model reward: (36.369999999180436, 1.1565465846611949)
Avg Policy Reward on real env:   36.770 ± 0.733
 12%|█████████▏                                                                     | 50/430 [00:05<00:45,  8.39it/s]
Model reward: (36.84999999962747, 0.5366563150997496)
Avg Policy Reward on real env:   36.770 ± 0.960
 23%|██████████████████▏                                                            | 99/430 [00:05<00:19, 16.75it/s]
Model reward: (36.84999999962747, 0.6449806204645689)
Avg Policy Reward on real env:   37.170 ± 0.240
 31%|████████████████████████▍                                                     | 135/430 [00:04<00:09, 31.73it/s]
Model reward: (36.12999999895692, 1.8998947356954818)
Avg Policy Reward on real env:   35.890 ± 1.388
mean mean reward: 52.559902438107066, mean last reward: 36.593999999389055, score: 418.4999024319976
