[I 2024-06-29 18:04:58,626] Trial 94 finished with value: 341.05996476447285 and parameters: {'init_sample_trajectories': 2, 'batch_size': 20, 'eps': 4.6566079530781445e-07, 'default_model': 0.14043343423736412, 'env_noise_weight': 0.982125296724669}. Best is trial 84 with value: 423.16743395518154.
 68%|█████████████████████████████████████████████████████                         | 277/407 [00:04<00:02, 57.74it/s]
Model reward: (35.96999999880791, 1.4400000013411043)
Avg Policy Reward on real env:   36.370 ± 1.657
 42%|████████████████████████████████▌                                             | 170/407 [00:06<00:08, 28.15it/s]
Model reward: (36.209999999031425, 1.5200000014156103)
Avg Policy Reward on real env:   35.890 ± 1.242
 28%|█████████████████████▋                                                        | 113/407 [00:05<00:15, 19.06it/s]
Model reward: (36.60999999940395, 1.1200000010430813)
Avg Policy Reward on real env:   35.730 ± 1.406
 45%|██████████████████████████████████▉                                           | 182/407 [00:05<00:07, 30.51it/s]
Model reward: (35.8899999987334, 1.6414627638233865)
Avg Policy Reward on real env:   35.570 ± 1.733
 71%|███████████████████████████████████████████████████████▌                      | 290/407 [00:05<00:02, 49.68it/s]
Model reward: (36.52999999932945, 0.908625336174267)
Avg Policy Reward on real env:   36.930 ± 0.640
mean mean reward: 53.97401219423043, mean last reward: 36.097999998927115, score: 414.9540121835016
[I 2024-06-29 18:05:27,940] Trial 95 finished with value: 414.9540121835016 and parameters: {'init_sample_trajectories': 7, 'batch_size': 1, 'eps': 7.615843887616762e-07, 'default_model': 0.6842938298603827, 'env_noise_weight': 0.8865553772314347}. Best is trial 84 with value: 423.16743395518154.
  5%|███▊                                                                           | 20/415 [00:02<00:57,  6.90it/s]
Model reward: (36.60999999940395, 0.7838367184206217)
Avg Policy Reward on real env:   36.210 ± 0.880
  4%|██▊                                                                            | 15/415 [00:02<01:02,  6.43it/s]
Model reward: (36.44999999925494, 0.9465727661775031)
Avg Policy Reward on real env:   36.370 ± 1.451
  2%|█▉                                                                             | 10/415 [00:01<01:04,  6.26it/s]
Model reward: (36.769999999552965, 0.9600000008940696)
Avg Policy Reward on real env:   36.210 ± 1.242
  3%|██▍                                                                            | 13/415 [00:02<01:02,  6.42it/s]
Model reward: (36.28999999910593, 1.175755077630933)
Avg Policy Reward on real env:   36.530 ± 0.977
  5%|████▏                                                                          | 22/415 [00:00<00:05, 73.83it/s]
Model reward: (2.6299999974668027, 1.2357588734869622)
Avg Policy Reward on real env:   1.750 ± 0.356
mean mean reward: 49.1870074337766, mean last reward: 29.413999998867514, score: 343.32700742245174
[I 2024-06-29 18:05:37,715] Trial 96 finished with value: 343.32700742245174 and parameters: {'init_sample_trajectories': 15, 'batch_size': 13, 'eps': 3.787867842661222e-07, 'default_model': 0.07927101892294984, 'env_noise_weight': 0.839970528267899}. Best is trial 84 with value: 423.16743395518154.
  2%|█▉                                                                             | 10/405 [00:01<00:58,  6.72it/s]
Model reward: (36.369999999180436, 0.8352245214907075)
Avg Policy Reward on real env:   36.530 ± 1.157
  1%|█▏                                                                              | 6/405 [00:01<01:08,  5.84it/s]
Model reward: (36.52999999932945, 0.8352245214907075)
Avg Policy Reward on real env:   36.850 ± 0.738
  1%|▌                                                                               | 3/405 [00:00<01:20,  4.99it/s]
Model reward: (36.369999999180436, 0.5600000005215406)
Avg Policy Reward on real env:   36.370 ± 0.977
  2%|█▍                                                                              | 7/405 [00:01<01:07,  5.89it/s]
Model reward: (36.60999999940395, 0.598665182441381)
Avg Policy Reward on real env:   36.690 ± 0.625
  2%|█▉                                                                             | 10/405 [00:00<00:09, 42.66it/s]
Model reward: (0.9899999998509884, 0.02000000029802322)
Avg Policy Reward on real env:   0.975 ± 0.060
mean mean reward: 49.441753246111844, mean last reward: 29.48299999944866, score: 344.2717532405984
[I 2024-06-29 18:05:42,879] Trial 97 finished with value: 344.2717532405984 and parameters: {'init_sample_trajectories': 5, 'batch_size': 31, 'eps': 1.0807518142931282e-06, 'default_model': 0.020212514166387162, 'env_noise_weight': 0.9454449222137637}. Best is trial 84 with value: 423.16743395518154.
  8%|██████▏                                                                        | 32/411 [00:04<00:48,  7.76it/s]
Model reward: (36.44999999925494, 1.2393546719406123)
Avg Policy Reward on real env:   36.610 ± 0.784
  5%|████▏                                                                          | 22/411 [00:03<00:59,  6.57it/s]
Model reward: (36.68999999947846, 0.5122499394716978)
Avg Policy Reward on real env:   36.450 ± 0.800
  3%|██▎                                                                            | 12/411 [00:01<01:02,  6.43it/s]
Model reward: (36.52999999932945, 0.6645299096523377)
Avg Policy Reward on real env:   37.090 ± 0.320
  5%|████▏                                                                          | 22/411 [00:03<01:00,  6.47it/s]
Model reward: (36.68999999947846, 0.7200000006705523)
Avg Policy Reward on real env:   36.450 ± 1.290
  9%|██████▉                                                                        | 36/411 [00:05<00:53,  7.08it/s]
Model reward: (36.84999999962747, 0.9633275672005522)
Avg Policy Reward on real env:   36.370 ± 0.909
mean mean reward: 55.034328915682885, mean last reward: 36.593999999389055, score: 420.9743289095734
[I 2024-06-29 18:06:01,450] Trial 98 finished with value: 420.9743289095734 and parameters: {'init_sample_trajectories': 11, 'batch_size': 8, 'eps': 2.0491661317519284e-06, 'default_model': 0.18565720670456143, 'env_noise_weight': 0.9970616936947807}. Best is trial 84 with value: 423.16743395518154.
  1%|█                                                                               | 6/437 [00:01<01:14,  5.77it/s]
Model reward: (36.84999999962747, 0.5366563150997496)
Avg Policy Reward on real env:   36.930 ± 0.392
  1%|▋                                                                               | 4/437 [00:00<01:20,  5.35it/s]
Model reward: (36.44999999925494, 0.6196773359703062)
Avg Policy Reward on real env:   36.690 ± 0.720
  0%|▎                                                                               | 2/437 [00:00<01:40,  4.34it/s]
Model reward: (36.44999999925494, 1.38564064734558)
Avg Policy Reward on real env:   36.610 ± 0.480
  1%|▋                                                                               | 4/437 [00:00<01:20,  5.37it/s]
Model reward: (36.12999999895692, 0.890842298882465)
Avg Policy Reward on real env:   36.210 ± 1.189
  2%|█▎                                                                              | 7/437 [00:00<00:04, 99.47it/s]
Model reward: (0.9849999997764826, 0.022912878816207696)
Avg Policy Reward on real env:   0.995 ± 0.015
mean mean reward: 45.415707737506544, mean last reward: 29.48699999950826, score: 340.2857077325891
[I 2024-06-29 18:06:05,120] Trial 99 finished with value: 340.2857077325891 and parameters: {'init_sample_trajectories': 37, 'batch_size': 43, 'eps': 3.862243908289033e-06, 'default_model': 0.10370772993062483, 'env_noise_weight': 0.9153642177266038}. Best is trial 84 with value: 423.16743395518154.
Best hyperparameters:  {'init_sample_trajectories': 0, 'batch_size': 7, 'eps': 1.9908870331765223e-07, 'default_model': 0.08329231349702726, 'env_noise_weight': 0.9153182656744037}
Best performance:  423.16743395518154