[I 2024-06-29 17:59:41,217] Trial 66 finished with value: 262.9421113559206 and parameters: {'init_sample_trajectories': 14, 'batch_size': 20, 'eps': 1.4204276832621708e-06, 'default_model': 0.942874896552104, 'env_noise_weight': 0.8856448579416125}. Best is trial 52 with value: 423.09252625679056.
  6%|████▋                                                                          | 24/403 [00:01<00:21, 17.64it/s]
Model reward: (36.28999999910593, 1.2289833208035572)
Avg Policy Reward on real env:   36.610 ± 0.784
  4%|███▎                                                                           | 17/403 [00:02<00:59,  6.46it/s]
Model reward: (36.60999999940395, 0.598665182441381)
Avg Policy Reward on real env:   36.370 ± 0.909
  2%|█▉                                                                             | 10/403 [00:01<01:03,  6.20it/s]
Model reward: (36.44999999925494, 0.876356092824436)
Avg Policy Reward on real env:   36.370 ± 1.040
  4%|███▌                                                                           | 18/403 [00:02<01:00,  6.39it/s]
Model reward: (36.60999999940395, 0.7838367184206217)
Avg Policy Reward on real env:   36.450 ± 1.012
  6%|█████                                                                          | 26/403 [00:00<00:06, 57.07it/s]
Model reward: (2.8849999967962505, 1.4725912518141104)
Avg Policy Reward on real env:   2.310 ± 1.641
mean mean reward: 44.73192993344783, mean last reward: 29.62199999883771, score: 340.9519299218249
[I 2024-06-29 17:59:50,739] Trial 67 finished with value: 340.9519299218249 and parameters: {'init_sample_trajectories': 3, 'batch_size': 11, 'eps': 3.1677650362603027e-09, 'default_model': 0.42238287009130016, 'env_noise_weight': 0.9282400811477739}. Best is trial 52 with value: 423.09252625679056.
  0%|▍                                                                               | 2/422 [00:00<01:43,  4.06it/s]
Model reward: (36.44999999925494, 1.1865917590404058)
Avg Policy Reward on real env:   36.370 ± 1.211
  0%|▍                                                                               | 2/422 [00:00<00:53,  7.89it/s]
Model reward: (1.0, 0.0)
Avg Policy Reward on real env:   0.990 ± 0.020
  0%|▍                                                                               | 2/422 [00:00<01:57,  3.56it/s]
Model reward: (36.52999999932945, 0.8352245214907075)
Avg Policy Reward on real env:   36.130 ± 1.900
  0%|▍                                                                               | 2/422 [00:00<00:52,  7.99it/s]
Model reward: (0.9899999998509884, 0.02000000029802322)
Avg Policy Reward on real env:   0.985 ± 0.032
  0%|▍                                                                               | 2/422 [00:00<00:20, 20.30it/s]
Model reward: (0.974999999627471, 0.06020797379113018)
Avg Policy Reward on real env:   0.980 ± 0.033
mean mean reward: 19.953999999562903, mean last reward: 15.09099999949336, score: 170.8639999944965
[I 2024-06-29 17:59:52,740] Trial 68 finished with value: 170.8639999944965 and parameters: {'init_sample_trajectories': 22, 'batch_size': 202, 'eps': 6.989422330877219e-07, 'default_model': 0.02991587399065567, 'env_noise_weight': 0.8152310717222327}. Best is trial 52 with value: 423.09252625679056.
  2%|█▌                                                                              | 9/457 [00:01<01:14,  6.02it/s]
Model reward: (36.52999999932945, 0.9765244501681555)
Avg Policy Reward on real env:   36.770 ± 0.531
  1%|█                                                                               | 6/457 [00:01<01:19,  5.65it/s]
Model reward: (36.60999999940395, 0.598665182441381)
Avg Policy Reward on real env:   36.770 ± 0.640
  0%|▎                                                                               | 2/457 [00:00<01:46,  4.29it/s]
Model reward: (36.60999999940395, 0.598665182441381)
Avg Policy Reward on real env:   36.290 ± 0.784
  1%|▉                                                                               | 5/457 [00:00<01:21,  5.55it/s]
Model reward: (36.68999999947846, 0.8039900504384453)
Avg Policy Reward on real env:   36.930 ± 0.392
  2%|█▋                                                                            | 10/457 [00:00<00:03, 111.91it/s]
Model reward: (0.9849999997764826, 0.032015621664234176)
Avg Policy Reward on real env:   0.990 ± 0.020
mean mean reward: 45.422494371712084, mean last reward: 29.549999999552966, score: 340.92249436724177
[I 2024-06-29 17:59:57,374] Trial 69 finished with value: 340.92249436724177 and parameters: {'init_sample_trajectories': 57, 'batch_size': 28, 'eps': 1.7994257419427879e-06, 'default_model': 0.0015336512000121562, 'env_noise_weight': 0.7765687271873055}. Best is trial 52 with value: 423.09252625679056.
  1%|▋                                                                               | 4/478 [00:00<01:14,  6.35it/s]
Model reward: (36.52999999932945, 1.210619677161202)
Avg Policy Reward on real env:   36.370 ± 1.312
  1%|▌                                                                               | 3/478 [00:00<01:38,  4.82it/s]
Model reward: (36.52999999932945, 0.5600000005215406)
Avg Policy Reward on real env:   36.610 ± 0.933
  0%|▏                                                                               | 1/478 [00:00<02:36,  3.04it/s]
Model reward: (36.52999999932945, 0.7547184912674147)
Avg Policy Reward on real env:   36.450 ± 0.876
  1%|▌                                                                               | 3/478 [00:00<01:37,  4.86it/s]
Model reward: (36.60999999940395, 0.6974238316160343)
Avg Policy Reward on real env:   36.770 ± 0.531
  1%|▊                                                                               | 5/478 [00:00<00:05, 80.04it/s]
Model reward: (0.9899999998509884, 0.02000000029802322)
Avg Policy Reward on real env:   0.990 ± 0.020
mean mean reward: 44.05429999931715, mean last reward: 29.437999999448657, score: 338.43429999380373
[I 2024-06-29 18:00:00,256] Trial 70 finished with value: 338.43429999380373 and parameters: {'init_sample_trajectories': 78, 'batch_size': 52, 'eps': 3.531406924511383e-07, 'default_model': 0.9955739554701079, 'env_noise_weight': 0.993227676413288}. Best is trial 52 with value: 423.09252625679056.
  6%|████▉                                                                          | 25/403 [00:04<01:01,  6.17it/s]
Model reward: (36.369999999180436, 0.5600000005215406)
Avg Policy Reward on real env:   36.530 ± 0.977
  4%|███▎                                                                           | 17/403 [00:02<00:59,  6.48it/s]
Model reward: (35.96999999880791, 0.890842298882465)
Avg Policy Reward on real env:   36.690 ± 0.625
  2%|█▊                                                                              | 9/403 [00:01<01:03,  6.17it/s]
Model reward: (35.72999999858439, 1.0998181678136871)
Avg Policy Reward on real env:   36.770 ± 0.531
  4%|███▌                                                                           | 18/403 [00:02<00:59,  6.45it/s]
Model reward: (36.60999999940395, 0.7838367184206217)
Avg Policy Reward on real env:   36.450 ± 1.012
  7%|█████▎                                                                         | 27/403 [00:03<00:46,  8.03it/s]
Model reward: (36.04999999888241, 1.5283978553868554)
Avg Policy Reward on real env:   36.450 ± 0.800
mean mean reward: 54.969087527218996, mean last reward: 36.57799999937415, score: 420.74908752096053
[I 2024-06-29 18:00:15,307] Trial 71 finished with value: 420.74908752096053 and parameters: {'init_sample_trajectories': 3, 'batch_size': 11, 'eps': 2.5189197160887096e-07, 'default_model': 0.060781850039837396, 'env_noise_weight': 0.9991002312091339}. Best is trial 52 with value: 423.09252625679056.
  8%|█████▉                                                                         | 30/400 [00:04<00:54,  6.73it/s]
Model reward: (36.68999999947846, 0.8039900504384453)
Avg Policy Reward on real env:   36.210 ± 1.076
  5%|████▏                                                                          | 21/400 [00:03<00:58,  6.52it/s]
Model reward: (35.56999999843538, 1.874459923963324)
Avg Policy Reward on real env:   36.930 ± 0.531
  4%|██▊                                                                            | 14/400 [00:02<01:00,  6.36it/s]
Model reward: (36.769999999552965, 0.8158431229346587)
Avg Policy Reward on real env:   36.530 ± 0.835
  5%|███▉                                                                           | 20/400 [00:03<00:58,  6.54it/s]
Model reward: (37.00999999977648, 0.5122499394716978)
Avg Policy Reward on real env:   36.610 ± 0.933
  9%|██████▉                                                                        | 35/400 [00:05<00:55,  6.63it/s]
Model reward: (36.84999999962747, 0.6449806204645689)
Avg Policy Reward on real env:   36.450 ± 0.876
mean mean reward: 56.22583843427117, mean last reward: 36.545999999344346, score: 421.68583842771466
[I 2024-06-29 18:00:34,287] Trial 72 finished with value: 421.68583842771466 and parameters: {'init_sample_trajectories': 0, 'batch_size': 9, 'eps': 9.578588211601834e-07, 'default_model': 0.06144229653694109, 'env_noise_weight': 0.9360498563033165}. Best is trial 52 with value: 423.09252625679056.
 11%|████████▉                                                                      | 45/400 [00:05<00:46,  7.60it/s]
Model reward: (36.769999999552965, 0.7332121118757914)
Avg Policy Reward on real env:   36.370 ± 1.100
  7%|█████▋                                                                         | 29/400 [00:04<00:55,  6.69it/s]
Model reward: (35.249999998137355, 1.8676188065279558)
Avg Policy Reward on real env:   36.290 ± 0.784
  4%|███▏                                                                           | 16/400 [00:02<01:00,  6.31it/s]
Model reward: (37.00999999977648, 0.3666060559378957)
Avg Policy Reward on real env:   36.050 ± 1.252
  8%|██████▎                                                                        | 32/400 [00:05<00:58,  6.30it/s]
Model reward: (36.44999999925494, 0.8000000007450581)
Avg Policy Reward on real env:   36.610 ± 0.784
 12%|█████████▋                                                                     | 49/400 [00:06<00:43,  8.09it/s]
Model reward: (36.84999999962747, 0.5366563150997496)
Avg Policy Reward on real env:   36.210 ± 0.880
mean mean reward: 56.45743449341429, mean last reward: 36.30599999912083, score: 419.5174344846226
[I 2024-06-29 18:00:59,039] Trial 73 finished with value: 419.5174344846226 and parameters: {'init_sample_trajectories': 0, 'batch_size': 6, 'eps': 8.182853343865285e-07, 'default_model': 0.11768171482802227, 'env_noise_weight': 0.9357561584590968}. Best is trial 52 with value: 423.09252625679056.
  4%|██▉                                                                            | 15/408 [00:01<00:35, 11.08it/s]
Model reward: (36.04999999888241, 1.1454256861288692)
Avg Policy Reward on real env:   36.770 ± 0.640
  2%|█▉                                                                             | 10/408 [00:01<01:03,  6.26it/s]
Model reward: (36.769999999552965, 0.9600000008940697)
Avg Policy Reward on real env:   36.690 ± 0.804
  2%|█▎                                                                              | 7/408 [00:01<01:08,  5.89it/s]
Model reward: (36.84999999962747, 0.7375635572703405)
Avg Policy Reward on real env:   36.290 ± 1.592
  3%|██▏                                                                            | 11/408 [00:01<01:03,  6.21it/s]
Model reward: (36.12999999895692, 1.024499878943396)
Avg Policy Reward on real env:   34.770 ± 2.247
  4%|███                                                                            | 16/408 [00:00<00:06, 62.10it/s]
Model reward: (0.9849999997764826, 0.022912878816207696)
Avg Policy Reward on real env:   0.970 ± 0.040
mean mean reward: 46.330864860991944, mean last reward: 29.097999999076126, score: 337.3108648517532
[I 2024-06-29 18:01:05,827] Trial 74 finished with value: 337.3108648517532 and parameters: {'init_sample_trajectories': 8, 'batch_size': 19, 'eps': 1.1472013109062868e-06, 'default_model': 0.07491993648515723, 'env_noise_weight': 0.8657735739224253}. Best is trial 52 with value: 423.09252625679056.
  2%|█▊                                                                              | 9/406 [00:01<00:53,  7.38it/s]
Model reward: (36.60999999940395, 0.9329523040441274)
Avg Policy Reward on real env:   36.770 ± 0.960
  1%|█▏                                                                              | 6/406 [00:01<01:10,  5.69it/s]
Model reward: (36.04999999888241, 1.6492422517830407)
Avg Policy Reward on real env:   36.530 ± 0.977
  1%|▌                                                                               | 3/406 [00:00<01:22,  4.91it/s]
Model reward: (36.44999999925494, 0.9465727661775032)
Avg Policy Reward on real env:   36.610 ± 0.784
  2%|█▍                                                                              | 7/406 [00:01<01:08,  5.85it/s]
Model reward: (36.60999999940395, 0.598665182441381)
Avg Policy Reward on real env:   36.690 ± 0.625
  2%|█▉                                                                             | 10/406 [00:00<00:08, 44.22it/s]
Model reward: (0.9699999995529651, 0.06000000089406967)
Avg Policy Reward on real env:   0.980 ± 0.024
mean mean reward: 48.60497402527813, mean last reward: 29.515999999493364, score: 343.76497402021175
[I 2024-06-29 18:01:10,754] Trial 75 finished with value: 343.76497402021175 and parameters: {'init_sample_trajectories': 6, 'batch_size': 31, 'eps': 5.760374739075918e-07, 'default_model': 0.2080949098901796, 'env_noise_weight': 0.9037826592894959}. Best is trial 52 with value: 423.09252625679056.
  2%|█▌                                                                              | 8/417 [00:00<00:35, 11.50it/s]
Model reward: (36.769999999552965, 0.8158431229346587)
Avg Policy Reward on real env:   36.370 ± 0.909
  1%|▉                                                                               | 5/417 [00:00<01:15,  5.43it/s]
Model reward: (36.44999999925494, 0.6196773359703062)
Avg Policy Reward on real env:   36.610 ± 0.599
  1%|▌                                                                               | 3/417 [00:00<01:25,  4.82it/s]
Model reward: (35.8899999987334, 1.134195751356928)
Avg Policy Reward on real env:   37.010 ± 0.367
  1%|█▏                                                                              | 6/417 [00:01<01:14,  5.48it/s]
Model reward: (36.769999999552965, 0.8158431229346587)
Avg Policy Reward on real env:   36.690 ± 0.625
  2%|█▌                                                                              | 8/417 [00:00<00:06, 64.99it/s]
Model reward: (0.9799999997019768, 0.033166248397769604)
Avg Policy Reward on real env:   0.990 ± 0.020
mean mean reward: 45.38427777711923, mean last reward: 29.533999999538064, score: 340.7242777724999
[I 2024-06-29 18:01:14,844] Trial 76 finished with value: 340.7242777724999 and parameters: {'init_sample_trajectories': 17, 'batch_size': 40, 'eps': 1.3054070485922156e-06, 'default_model': 0.16729384361303695, 'env_noise_weight': 0.3936263657013124}. Best is trial 52 with value: 423.09252625679056.
 60%|███████████████████████████████████████████████▏                              | 249/412 [00:05<00:03, 41.92it/s]
Model reward: (35.40999999828637, 1.826033955382759)
Avg Policy Reward on real env:   36.370 ± 1.211
 37%|████████████████████████████▌                                                 | 151/412 [00:06<00:10, 23.82it/s]
Model reward: (36.209999999031425, 1.6019987530520403)
Avg Policy Reward on real env:   36.610 ± 0.784
 22%|█████████████████                                                              | 89/412 [00:06<00:22, 14.47it/s]
Model reward: (36.60999999940395, 0.8616263699439727)
Avg Policy Reward on real env:   36.690 ± 0.804
 44%|██████████████████████████████████▍                                           | 182/412 [00:06<00:07, 29.19it/s]
Model reward: (35.8899999987334, 1.6414627638233865)
Avg Policy Reward on real env:   35.570 ± 1.733
 73%|████████████████████████████████████████████████████████▊                     | 300/412 [00:05<00:02, 51.03it/s]
Model reward: (36.12999999895692, 1.3481839649638114)
Avg Policy Reward on real env:   36.130 ± 0.891
mean mean reward: 55.45019512117, mean last reward: 36.27399999909103, score: 418.1901951120803
[I 2024-06-29 18:01:46,221] Trial 77 finished with value: 418.1901951120803 and parameters: {'init_sample_trajectories': 12, 'batch_size': 1, 'eps': 7.934334952388851e-06, 'default_model': 0.03111385887282151, 'env_noise_weight': 0.9683246035226389}. Best is trial 52 with value: 423.09252625679056.
  3%|██▎                                                                            | 12/402 [00:01<00:36, 10.58it/s]
Model reward: (36.60999999940395, 0.9991996806743209)
Avg Policy Reward on real env:   36.850 ± 0.400
  2%|█▌                                                                              | 8/402 [00:01<01:05,  5.98it/s]
Model reward: (36.68999999947846, 0.6248199746544414)
Avg Policy Reward on real env:   36.050 ± 1.302
  1%|▉                                                                               | 5/402 [00:00<01:15,  5.28it/s]
Model reward: (37.169999999925494, 0.24000000022351745)
Avg Policy Reward on real env:   37.010 ± 0.512
  2%|█▊                                                                              | 9/402 [00:01<01:04,  6.07it/s]
Model reward: (36.209999999031425, 1.0150862041813344)
Avg Policy Reward on real env:   36.370 ± 0.755
  3%|██▋                                                                           | 14/402 [00:00<00:03, 110.83it/s]
Model reward: (1.0, 0.0)
Avg Policy Reward on real env:   0.980 ± 0.033
mean mean reward: 46.128346153072826, mean last reward: 29.45199999943376, score: 340.6483461474104
[I 2024-06-29 18:01:51,875] Trial 78 finished with value: 340.6483461474104 and parameters: {'init_sample_trajectories': 2, 'batch_size': 23, 'eps': 2.4618130548857805e-06, 'default_model': 0.10053665010749771, 'env_noise_weight': 0.8401495190221463}. Best is trial 52 with value: 423.09252625679056.
  0%|▍                                                                               | 2/408 [00:00<01:34,  4.28it/s]
Model reward: (36.60999999940395, 0.9329523040441277)
Avg Policy Reward on real env:   36.850 ± 0.537
  0%|▍                                                                               | 2/408 [00:00<01:37,  4.15it/s]
Model reward: (36.209999999031425, 0.9499473678477409)
Avg Policy Reward on real env:   36.290 ± 0.480
  0%|▏                                                                               | 1/408 [00:00<02:13,  3.05it/s]
Model reward: (36.68999999947846, 0.6248199746544414)
Avg Policy Reward on real env:   36.770 ± 0.816
  0%|▍                                                                               | 2/408 [00:00<01:36,  4.19it/s]
Model reward: (36.28999999910593, 1.280000001192093)
Avg Policy Reward on real env:   36.370 ± 1.100
  1%|▌                                                                               | 3/408 [00:00<00:28, 14.35it/s]
Model reward: (0.9849999997764826, 0.032015621664234176)
Avg Policy Reward on real env:   0.995 ± 0.015
mean mean reward: 35.11945833265471, mean last reward: 29.454999999478456, score: 329.66945832743926
[I 2024-06-29 18:01:54,461] Trial 79 finished with value: 329.66945832743926 and parameters: {'init_sample_trajectories': 8, 'batch_size': 132, 'eps': 9.992610394863387e-07, 'default_model': 0.12604899066959518, 'env_noise_weight': 0.9335142539543657}. Best is trial 52 with value: 423.09252625679056.
  4%|███                                                                            | 16/420 [00:02<00:56,  7.13it/s]
Model reward: (36.12999999895692, 0.8158431229346587)
Avg Policy Reward on real env:   36.530 ± 0.977
  2%|█▉                                                                             | 10/420 [00:01<01:06,  6.18it/s]
Model reward: (36.60999999940395, 1.2289833208035572)
Avg Policy Reward on real env:   35.650 ± 2.117
  1%|█▏                                                                              | 6/420 [00:01<01:11,  5.81it/s]
Model reward: (37.00999999977648, 0.5122499394716978)
Avg Policy Reward on real env:   36.370 ± 1.100
  3%|██                                                                             | 11/420 [00:01<01:05,  6.24it/s]
Model reward: (36.68999999947846, 1.0150862041813344)
Avg Policy Reward on real env:   36.050 ± 1.486
  4%|███▎                                                                          | 18/420 [00:00<00:02, 137.51it/s]
Model reward: (0.9799999997019768, 0.033166248397769604)
Avg Policy Reward on real env:   0.995 ± 0.015
mean mean reward: 48.597400908046914, mean last reward: 29.11899999916553, score: 339.7874008997022
