[I 2024-06-26 15:36:45,449] Trial 21 finished with value: 16.19082337086909 and parameters: {'learning_rate': 0.039247936857018315, 'n_steps': 3, 'env_reward_weight': 0.8244355965868313}. Best is trial 20 with value: 140.575388430924.
/Users/kacper/micromamba/envs/stackelberg/lib/python3.10/site-packages/stable_baselines3/ppo/ppo.py:155: UserWarning: You have specified a mini-batch size of 64, but because the `RolloutBuffer` is of size `n_steps * n_envs = 308`, after every 4 untruncated mini-batches, there will be a truncated mini-batch of size 52
We recommend using a `batch_size` that is a factor of `n_steps * n_envs`.
Info: (n_steps=308 and n_envs=1)
  warnings.warn(
mean mean reward: 4.234352589149033, mean last reward: 0.9866666664679845, score: 14.101019253828879
[I 2024-06-26 15:37:34,278] Trial 22 finished with value: 14.101019253828879 and parameters: {'learning_rate': 0.11550559478427551, 'n_steps': 308, 'env_reward_weight': 0.6851372932332968}. Best is trial 20 with value: 140.575388430924.
/Users/kacper/micromamba/envs/stackelberg/lib/python3.10/site-packages/stable_baselines3/ppo/ppo.py:155: UserWarning: You have specified a mini-batch size of 64, but because the `RolloutBuffer` is of size `n_steps * n_envs = 86`, after every 1 untruncated mini-batches, there will be a truncated mini-batch of size 22
We recommend using a `batch_size` that is a factor of `n_steps * n_envs`.
Info: (n_steps=86 and n_envs=1)
  warnings.warn(
mean mean reward: 5.038881141015367, mean last reward: 7.2591666651889675, score: 77.63054779290505
[I 2024-06-26 15:38:23,302] Trial 23 finished with value: 77.63054779290505 and parameters: {'learning_rate': 0.17914418581965963, 'n_steps': 86, 'env_reward_weight': 0.8934546464298585}. Best is trial 20 with value: 140.575388430924.
/Users/kacper/micromamba/envs/stackelberg/lib/python3.10/site-packages/stable_baselines3/ppo/ppo.py:155: UserWarning: You have specified a mini-batch size of 64, but because the `RolloutBuffer` is of size `n_steps * n_envs = 224`, after every 3 untruncated mini-batches, there will be a truncated mini-batch of size 32
We recommend using a `batch_size` that is a factor of `n_steps * n_envs`.
Info: (n_steps=224 and n_envs=1)
  warnings.warn(
mean mean reward: 2.5451328010725014, mean last reward: 1.336666665847103, score: 15.91179945954353
[I 2024-06-26 15:39:10,150] Trial 24 finished with value: 15.91179945954353 and parameters: {'learning_rate': 0.05251099987837421, 'n_steps': 224, 'env_reward_weight': 0.506459595463721}. Best is trial 20 with value: 140.575388430924.
/Users/kacper/micromamba/envs/stackelberg/lib/python3.10/site-packages/stable_baselines3/ppo/ppo.py:155: UserWarning: You have specified a mini-batch size of 64, but because the `RolloutBuffer` is of size `n_steps * n_envs = 569`, after every 8 untruncated mini-batches, there will be a truncated mini-batch of size 57
We recommend using a `batch_size` that is a factor of `n_steps * n_envs`.
Info: (n_steps=569 and n_envs=1)
  warnings.warn(
mean mean reward: 10.381158697934127, mean last reward: 6.993333333171904, score: 80.31449202965317
[I 2024-06-26 15:40:03,694] Trial 25 finished with value: 80.31449202965317 and parameters: {'learning_rate': 0.046710588985495564, 'n_steps': 569, 'env_reward_weight': 0.6294836343109744}. Best is trial 20 with value: 140.575388430924.
/Users/kacper/micromamba/envs/stackelberg/lib/python3.10/site-packages/stable_baselines3/ppo/ppo.py:155: UserWarning: You have specified a mini-batch size of 64, but because the `RolloutBuffer` is of size `n_steps * n_envs = 55`, after every 0 untruncated mini-batches, there will be a truncated mini-batch of size 55
We recommend using a `batch_size` that is a factor of `n_steps * n_envs`.
Info: (n_steps=55 and n_envs=1)
  warnings.warn(
mean mean reward: 13.365922972872843, mean last reward: 18.982499998932084, score: 203.1909229621937
[I 2024-06-26 15:41:07,478] Trial 26 finished with value: 203.1909229621937 and parameters: {'learning_rate': 0.004947001124271128, 'n_steps': 55, 'env_reward_weight': 0.860122201086962}. Best is trial 26 with value: 203.1909229621937.
mean mean reward: 4.170660690127181, mean last reward: 0.9916666665424904, score: 14.087327355552084
[I 2024-06-26 15:41:47,481] Trial 27 finished with value: 14.087327355552084 and parameters: {'learning_rate': 0.47552580760661545, 'n_steps': 64, 'env_reward_weight': 0.9410750062897038}. Best is trial 26 with value: 203.1909229621937.
/Users/kacper/micromamba/envs/stackelberg/lib/python3.10/site-packages/stable_baselines3/ppo/ppo.py:155: UserWarning: You have specified a mini-batch size of 64, but because the `RolloutBuffer` is of size `n_steps * n_envs = 206`, after every 3 untruncated mini-batches, there will be a truncated mini-batch of size 14
We recommend using a `batch_size` that is a factor of `n_steps * n_envs`.
Info: (n_steps=206 and n_envs=1)
  warnings.warn(
mean mean reward: 3.0367330673067854, mean last reward: 1.3433333324889343, score: 16.470066392196127
[I 2024-06-26 15:42:46,724] Trial 28 finished with value: 16.470066392196127 and parameters: {'learning_rate': 0.09654886793356932, 'n_steps': 206, 'env_reward_weight': 0.8386299133411986}. Best is trial 26 with value: 203.1909229621937.
/Users/kacper/micromamba/envs/stackelberg/lib/python3.10/site-packages/stable_baselines3/ppo/ppo.py:155: UserWarning: You have specified a mini-batch size of 64, but because the `RolloutBuffer` is of size `n_steps * n_envs = 90`, after every 1 untruncated mini-batches, there will be a truncated mini-batch of size 26
We recommend using a `batch_size` that is a factor of `n_steps * n_envs`.
Info: (n_steps=90 and n_envs=1)
  warnings.warn(
mean mean reward: 4.1324667990370925, mean last reward: 6.766666666294138, score: 71.79913346197847
[I 2024-06-26 15:43:34,467] Trial 29 finished with value: 71.79913346197847 and parameters: {'learning_rate': 0.17316054773774153, 'n_steps': 90, 'env_reward_weight': 0.04945905133989048}. Best is trial 26 with value: 203.1909229621937.
/Users/kacper/micromamba/envs/stackelberg/lib/python3.10/site-packages/stable_baselines3/ppo/ppo.py:155: UserWarning: You have specified a mini-batch size of 64, but because the `RolloutBuffer` is of size `n_steps * n_envs = 138`, after every 2 untruncated mini-batches, there will be a truncated mini-batch of size 10
We recommend using a `batch_size` that is a factor of `n_steps * n_envs`.
Info: (n_steps=138 and n_envs=1)
  warnings.warn(
mean mean reward: 5.437407037119814, mean last reward: 7.826666664580505, score: 83.70407368292486
[I 2024-06-26 15:44:12,901] Trial 30 finished with value: 83.70407368292486 and parameters: {'learning_rate': 0.002116701111788938, 'n_steps': 138, 'env_reward_weight': 0.7992044477061194}. Best is trial 26 with value: 203.1909229621937.
/Users/kacper/micromamba/envs/stackelberg/lib/python3.10/site-packages/stable_baselines3/ppo/ppo.py:155: UserWarning: You have specified a mini-batch size of 64, but because the `RolloutBuffer` is of size `n_steps * n_envs = 6`, after every 0 untruncated mini-batches, there will be a truncated mini-batch of size 6
We recommend using a `batch_size` that is a factor of `n_steps * n_envs`.
Info: (n_steps=6 and n_envs=1)
  warnings.warn(
mean mean reward: 2.2133432930355195, mean last reward: 0.9933333332339923, score: 12.146676625375443
[I 2024-06-26 15:47:41,230] Trial 31 finished with value: 12.146676625375443 and parameters: {'learning_rate': 0.03424378107386161, 'n_steps': 6, 'env_reward_weight': 0.691173526005197}. Best is trial 26 with value: 203.1909229621937.
/Users/kacper/micromamba/envs/stackelberg/lib/python3.10/site-packages/stable_baselines3/ppo/ppo.py:155: UserWarning: You have specified a mini-batch size of 64, but because the `RolloutBuffer` is of size `n_steps * n_envs = 1009`, after every 15 untruncated mini-batches, there will be a truncated mini-batch of size 49
We recommend using a `batch_size` that is a factor of `n_steps * n_envs`.
Info: (n_steps=1009 and n_envs=1)
  warnings.warn(
mean mean reward: 1.7068625493111167, mean last reward: 0.9891666665052375, score: 11.598529214363491
[I 2024-06-26 15:48:19,051] Trial 32 finished with value: 11.598529214363491 and parameters: {'learning_rate': 0.06666243816809117, 'n_steps': 1009, 'env_reward_weight': 0.9268418716767157}. Best is trial 26 with value: 203.1909229621937.
/Users/kacper/micromamba/envs/stackelberg/lib/python3.10/site-packages/stable_baselines3/ppo/ppo.py:155: UserWarning: You have specified a mini-batch size of 64, but because the `RolloutBuffer` is of size `n_steps * n_envs = 383`, after every 5 untruncated mini-batches, there will be a truncated mini-batch of size 63
We recommend using a `batch_size` that is a factor of `n_steps * n_envs`.
Info: (n_steps=383 and n_envs=1)
  warnings.warn(
mean mean reward: 4.134588312416289, mean last reward: 0.9891666665052373, score: 14.026254977468662
[I 2024-06-26 15:48:51,082] Trial 33 finished with value: 14.026254977468662 and parameters: {'learning_rate': 0.02953542352657194, 'n_steps': 383, 'env_reward_weight': 0.8501379940036673}. Best is trial 26 with value: 203.1909229621937.
/Users/kacper/micromamba/envs/stackelberg/lib/python3.10/site-packages/stable_baselines3/ppo/ppo.py:155: UserWarning: You have specified a mini-batch size of 64, but because the `RolloutBuffer` is of size `n_steps * n_envs = 281`, after every 4 untruncated mini-batches, there will be a truncated mini-batch of size 25
We recommend using a `batch_size` that is a factor of `n_steps * n_envs`.
Info: (n_steps=281 and n_envs=1)
  warnings.warn(
mean mean reward: 4.262201194725634, mean last reward: 7.318333331433435, score: 77.44553450905998
[I 2024-06-26 15:49:41,773] Trial 34 finished with value: 77.44553450905998 and parameters: {'learning_rate': 0.1074404666995967, 'n_steps': 281, 'env_reward_weight': 0.618601747686429}. Best is trial 26 with value: 203.1909229621937.
/Users/kacper/micromamba/envs/stackelberg/lib/python3.10/site-packages/stable_baselines3/ppo/ppo.py:155: UserWarning: You have specified a mini-batch size of 64, but because the `RolloutBuffer` is of size `n_steps * n_envs = 157`, after every 2 untruncated mini-batches, there will be a truncated mini-batch of size 29
We recommend using a `batch_size` that is a factor of `n_steps * n_envs`.
Info: (n_steps=157 and n_envs=1)
  warnings.warn(
mean mean reward: 6.914455510662303, mean last reward: 1.179999999453624, score: 18.714455505198544
[I 2024-06-26 15:50:35,408] Trial 35 finished with value: 18.714455505198544 and parameters: {'learning_rate': 0.1640796959260571, 'n_steps': 157, 'env_reward_weight': 0.7422630222959236}. Best is trial 26 with value: 203.1909229621937.
/Users/kacper/micromamba/envs/stackelberg/lib/python3.10/site-packages/stable_baselines3/ppo/ppo.py:155: UserWarning: You have specified a mini-batch size of 64, but because the `RolloutBuffer` is of size `n_steps * n_envs = 61`, after every 0 untruncated mini-batches, there will be a truncated mini-batch of size 61
We recommend using a `batch_size` that is a factor of `n_steps * n_envs`.
Info: (n_steps=61 and n_envs=1)
  warnings.warn(
mean mean reward: 12.935395084896868, mean last reward: 19.14166666480402, score: 204.35206173293707
[I 2024-06-26 15:51:33,719] Trial 36 finished with value: 204.35206173293707 and parameters: {'learning_rate': 0.0367498952935224, 'n_steps': 61, 'env_reward_weight': 0.995153124171227}. Best is trial 36 with value: 204.35206173293707.
/Users/kacper/micromamba/envs/stackelberg/lib/python3.10/site-packages/stable_baselines3/ppo/ppo.py:155: UserWarning: You have specified a mini-batch size of 64, but because the `RolloutBuffer` is of size `n_steps * n_envs = 65`, after every 1 untruncated mini-batches, there will be a truncated mini-batch of size 1
We recommend using a `batch_size` that is a factor of `n_steps * n_envs`.
Info: (n_steps=65 and n_envs=1)
  warnings.warn(
mean mean reward: 4.2219422306064, mean last reward: 12.901666666381061, score: 133.238608894417
[I 2024-06-26 15:52:35,137] Trial 37 finished with value: 133.238608894417 and parameters: {'learning_rate': 0.22556602441334977, 'n_steps': 65, 'env_reward_weight': 0.9934106247486445}. Best is trial 36 with value: 204.35206173293707.
/Users/kacper/micromamba/envs/stackelberg/lib/python3.10/site-packages/stable_baselines3/ppo/ppo.py:155: UserWarning: You have specified a mini-batch size of 64, but because the `RolloutBuffer` is of size `n_steps * n_envs = 175`, after every 2 untruncated mini-batches, there will be a truncated mini-batch of size 47
We recommend using a `batch_size` that is a factor of `n_steps * n_envs`.
Info: (n_steps=175 and n_envs=1)
  warnings.warn(
mean mean reward: 6.405132801433257, mean last reward: 1.6083333313465118, score: 22.488466114898376
[I 2024-06-26 15:53:21,368] Trial 38 finished with value: 22.488466114898376 and parameters: {'learning_rate': 0.4122810573832022, 'n_steps': 175, 'env_reward_weight': 0.9451900796389193}. Best is trial 36 with value: 204.35206173293707.
/Users/kacper/micromamba/envs/stackelberg/lib/python3.10/site-packages/stable_baselines3/ppo/ppo.py:155: UserWarning: You have specified a mini-batch size of 64, but because the `RolloutBuffer` is of size `n_steps * n_envs = 87`, after every 1 untruncated mini-batches, there will be a truncated mini-batch of size 23
We recommend using a `batch_size` that is a factor of `n_steps * n_envs`.
Info: (n_steps=87 and n_envs=1)
  warnings.warn(
mean mean reward: 4.141168658101404, mean last reward: 1.2516666660706202, score: 16.657835318807606
[I 2024-06-26 15:54:11,966] Trial 39 finished with value: 16.657835318807606 and parameters: {'learning_rate': 0.1440153598870309, 'n_steps': 87, 'env_reward_weight': 0.9516538203284718}. Best is trial 36 with value: 204.35206173293707.
/Users/kacper/micromamba/envs/stackelberg/lib/python3.10/site-packages/stable_baselines3/ppo/ppo.py:155: UserWarning: You have specified a mini-batch size of 64, but because the `RolloutBuffer` is of size `n_steps * n_envs = 265`, after every 4 untruncated mini-batches, there will be a truncated mini-batch of size 9
We recommend using a `batch_size` that is a factor of `n_steps * n_envs`.
Info: (n_steps=265 and n_envs=1)
  warnings.warn(
mean mean reward: 5.825013279611837, mean last reward: 1.505833331681788, score: 20.883346596429718
[I 2024-06-26 15:54:59,418] Trial 40 finished with value: 20.883346596429718 and parameters: {'learning_rate': 0.28649438164860375, 'n_steps': 265, 'env_reward_weight': 0.8742435681954629}. Best is trial 36 with value: 204.35206173293707.
/Users/kacper/micromamba/envs/stackelberg/lib/python3.10/site-packages/stable_baselines3/ppo/ppo.py:155: UserWarning: You have specified a mini-batch size of 64, but because the `RolloutBuffer` is of size `n_steps * n_envs = 42`, after every 0 untruncated mini-batches, there will be a truncated mini-batch of size 42
We recommend using a `batch_size` that is a factor of `n_steps * n_envs`.
Info: (n_steps=42 and n_envs=1)
  warnings.warn(
mean mean reward: 8.364727754615851, mean last reward: 7.169166665834685, score: 80.0563944129627
[I 2024-06-26 15:55:47,209] Trial 41 finished with value: 80.0563944129627 and parameters: {'learning_rate': 0.030940158604816036, 'n_steps': 42, 'env_reward_weight': 0.8206494037384269}. Best is trial 36 with value: 204.35206173293707.
/Users/kacper/micromamba/envs/stackelberg/lib/python3.10/site-packages/stable_baselines3/ppo/ppo.py:155: UserWarning: You have specified a mini-batch size of 64, but because the `RolloutBuffer` is of size `n_steps * n_envs = 367`, after every 5 untruncated mini-batches, there will be a truncated mini-batch of size 47
We recommend using a `batch_size` that is a factor of `n_steps * n_envs`.
Info: (n_steps=367 and n_envs=1)
  warnings.warn(
mean mean reward: 5.23646414288818, mean last reward: 12.791666666232048, score: 133.15313080520866
[I 2024-06-26 15:56:46,260] Trial 42 finished with value: 133.15313080520866 and parameters: {'learning_rate': 0.060074221358596205, 'n_steps': 367, 'env_reward_weight': 0.9940382822724008}. Best is trial 36 with value: 204.35206173293707.
/Users/kacper/micromamba/envs/stackelberg/lib/python3.10/site-packages/stable_baselines3/ppo/ppo.py:155: UserWarning: You have specified a mini-batch size of 64, but because the `RolloutBuffer` is of size `n_steps * n_envs = 125`, after every 1 untruncated mini-batches, there will be a truncated mini-batch of size 61
We recommend using a `batch_size` that is a factor of `n_steps * n_envs`.
Info: (n_steps=125 and n_envs=1)
  warnings.warn(
mean mean reward: 6.184990037498554, mean last reward: 7.395833331967393, score: 80.14332335717248
[I 2024-06-26 15:57:32,487] Trial 43 finished with value: 80.14332335717248 and parameters: {'learning_rate': 0.02458431393644715, 'n_steps': 125, 'env_reward_weight': 0.567678545526116}. Best is trial 36 with value: 204.35206173293707.
/Users/kacper/micromamba/envs/stackelberg/lib/python3.10/site-packages/stable_baselines3/ppo/ppo.py:155: UserWarning: You have specified a mini-batch size of 64, but because the `RolloutBuffer` is of size `n_steps * n_envs = 536`, after every 8 untruncated mini-batches, there will be a truncated mini-batch of size 24
We recommend using a `batch_size` that is a factor of `n_steps * n_envs`.
Info: (n_steps=536 and n_envs=1)
  warnings.warn(
mean mean reward: 3.301221779173371, mean last reward: 0.9908333331967394, score: 13.209555111140766
[I 2024-06-26 15:58:09,425] Trial 44 finished with value: 13.209555111140766 and parameters: {'learning_rate': 0.11874973693828035, 'n_steps': 536, 'env_reward_weight': 0.17674131923936448}. Best is trial 36 with value: 204.35206173293707.
/Users/kacper/micromamba/envs/stackelberg/lib/python3.10/site-packages/stable_baselines3/ppo/ppo.py:155: UserWarning: You have specified a mini-batch size of 64, but because the `RolloutBuffer` is of size `n_steps * n_envs = 711`, after every 11 untruncated mini-batches, there will be a truncated mini-batch of size 7
We recommend using a `batch_size` that is a factor of `n_steps * n_envs`.
Info: (n_steps=711 and n_envs=1)
  warnings.warn(
mean mean reward: 6.196716466871094, mean last reward: 6.86833333298564, score: 74.88004979672749
[I 2024-06-26 15:58:57,175] Trial 45 finished with value: 74.88004979672749 and parameters: {'learning_rate': 0.08400927125187879, 'n_steps': 711, 'env_reward_weight': 0.7293224270303951}. Best is trial 36 with value: 204.35206173293707.
/Users/kacper/micromamba/envs/stackelberg/lib/python3.10/site-packages/stable_baselines3/ppo/ppo.py:155: UserWarning: You have specified a mini-batch size of 64, but because the `RolloutBuffer` is of size `n_steps * n_envs = 110`, after every 1 untruncated mini-batches, there will be a truncated mini-batch of size 46
We recommend using a `batch_size` that is a factor of `n_steps * n_envs`.
Info: (n_steps=110 and n_envs=1)
  warnings.warn(
mean mean reward: 5.940166001173496, mean last reward: 13.295833331594865, score: 138.89849931712217
[I 2024-06-26 15:59:36,927] Trial 46 finished with value: 138.89849931712217 and parameters: {'learning_rate': 0.004276759665052334, 'n_steps': 110, 'env_reward_weight': 0.7781095565988072}. Best is trial 36 with value: 204.35206173293707.
/Users/kacper/micromamba/envs/stackelberg/lib/python3.10/site-packages/stable_baselines3/ppo/ppo.py:155: UserWarning: You have specified a mini-batch size of 64, but because the `RolloutBuffer` is of size `n_steps * n_envs = 120`, after every 1 untruncated mini-batches, there will be a truncated mini-batch of size 56
We recommend using a `batch_size` that is a factor of `n_steps * n_envs`.
Info: (n_steps=120 and n_envs=1)
  warnings.warn(
mean mean reward: 8.640590967976575, mean last reward: 7.184999999155601, score: 80.4905909595326
[I 2024-06-26 16:00:22,577] Trial 47 finished with value: 80.4905909595326 and parameters: {'learning_rate': 0.006532013123509982, 'n_steps': 120, 'env_reward_weight': 0.900099260554747}. Best is trial 36 with value: 204.35206173293707.
/Users/kacper/micromamba/envs/stackelberg/lib/python3.10/site-packages/stable_baselines3/ppo/ppo.py:155: UserWarning: You have specified a mini-batch size of 64, but because the `RolloutBuffer` is of size `n_steps * n_envs = 180`, after every 2 untruncated mini-batches, there will be a truncated mini-batch of size 52
We recommend using a `batch_size` that is a factor of `n_steps * n_envs`.
Info: (n_steps=180 and n_envs=1)
  warnings.warn(
mean mean reward: 10.996294820181788, mean last reward: 12.669166665772595, score: 137.68796147790772
[I 2024-06-26 16:01:30,336] Trial 48 finished with value: 137.68796147790772 and parameters: {'learning_rate': 0.07074430205709611, 'n_steps': 180, 'env_reward_weight': 0.7785701894927656}. Best is trial 36 with value: 204.35206173293707.
/Users/kacper/micromamba/envs/stackelberg/lib/python3.10/site-packages/stable_baselines3/ppo/ppo.py:155: UserWarning: You have specified a mini-batch size of 64, but because the `RolloutBuffer` is of size `n_steps * n_envs = 32`, after every 0 untruncated mini-batches, there will be a truncated mini-batch of size 32
We recommend using a `batch_size` that is a factor of `n_steps * n_envs`.
Info: (n_steps=32 and n_envs=1)
  warnings.warn(
mean mean reward: 6.76934262793808, mean last reward: 7.35249999879549, score: 80.29434261589299
[I 2024-06-26 16:02:21,619] Trial 49 finished with value: 80.29434261589299 and parameters: {'learning_rate': 0.012581322390404713, 'n_steps': 32, 'env_reward_weight': 0.9589219766824211}. Best is trial 36 with value: 204.35206173293707.
Best hyperparameters:  {'learning_rate': 0.0367498952935224, 'n_steps': 61, 'env_reward_weight': 0.995153124171227}
Best performance:  204.35206173293707