[I 2024-06-26 17:26:55,404] Trial 37 finished with value: 164.1555053036731 and parameters: {'learning_rate': 3.1188705475873134e-05, 'n_steps': 288, 'batch_size': 175, 'n_epochs': 6, 'clip_range': 0.29399593065833357, 'ent_coef': 0.019993248953822016, 'vf_coef': 0.7768582670525139, 'max_grad_norm': 0.3687396231618778, 'gae_lambda': 0.8763047127085751, 'env_reward_weight': 0.9847711376982706}. Best is trial 4 with value: 394.16505318492176.
/Users/kacper/micromamba/envs/stackelberg/lib/python3.10/site-packages/stable_baselines3/ppo/ppo.py:155: UserWarning: You have specified a mini-batch size of 103, but because the `RolloutBuffer` is of size `n_steps * n_envs = 67`, after every 0 untruncated mini-batches, there will be a truncated mini-batch of size 67
We recommend using a `batch_size` that is a factor of `n_steps * n_envs`.
Info: (n_steps=67 and n_envs=1)
  warnings.warn(
mean mean reward: 17.96310106246435, mean last reward: 15.855999998375774, score: 176.52310104622208
[I 2024-06-26 17:28:26,600] Trial 38 finished with value: 176.52310104622208 and parameters: {'learning_rate': 0.007814681530677603, 'n_steps': 67, 'batch_size': 103, 'n_epochs': 17, 'clip_range': 0.3178602498409107, 'ent_coef': 0.031080884811518255, 'vf_coef': 0.35334069346016156, 'max_grad_norm': 0.5161451436592122, 'gae_lambda': 0.8626298284958022, 'env_reward_weight': 0.7788768158181814}. Best is trial 4 with value: 394.16505318492176.
mean mean reward: 17.770420211406147, mean last reward: 29.22799999922514, score: 310.05042020365755
[I 2024-06-26 17:29:45,589] Trial 39 finished with value: 310.05042020365755 and parameters: {'learning_rate': 0.006783063245255287, 'n_steps': 413, 'batch_size': 59, 'n_epochs': 11, 'clip_range': 0.285121379342879, 'ent_coef': 0.05220104776143268, 'vf_coef': 0.25232133948885493, 'max_grad_norm': 0.7378971835917622, 'gae_lambda': 0.9470973264294285, 'env_reward_weight': 0.053551814765550154}. Best is trial 4 with value: 394.16505318492176.
/Users/kacper/micromamba/envs/stackelberg/lib/python3.10/site-packages/stable_baselines3/ppo/ppo.py:155: UserWarning: You have specified a mini-batch size of 169, but because the `RolloutBuffer` is of size `n_steps * n_envs = 181`, after every 1 untruncated mini-batches, there will be a truncated mini-batch of size 12
We recommend using a `batch_size` that is a factor of `n_steps * n_envs`.
Info: (n_steps=181 and n_envs=1)
  warnings.warn(
mean mean reward: 25.78849467953389, mean last reward: 36.60999999940395, score: 391.8884946735734
[I 2024-06-26 17:31:07,447] Trial 40 finished with value: 391.8884946735734 and parameters: {'learning_rate': 0.004422582701331397, 'n_steps': 181, 'batch_size': 169, 'n_epochs': 9, 'clip_range': 0.34257227949871527, 'ent_coef': 0.010520163197520062, 'vf_coef': 0.17654901485402835, 'max_grad_norm': 0.40916229737250465, 'gae_lambda': 0.983221990948137, 'env_reward_weight': 0.35093551039912685}. Best is trial 4 with value: 394.16505318492176.
/Users/kacper/micromamba/envs/stackelberg/lib/python3.10/site-packages/stable_baselines3/ppo/ppo.py:155: UserWarning: You have specified a mini-batch size of 170, but because the `RolloutBuffer` is of size `n_steps * n_envs = 198`, after every 1 untruncated mini-batches, there will be a truncated mini-batch of size 28
We recommend using a `batch_size` that is a factor of `n_steps * n_envs`.
Info: (n_steps=198 and n_envs=1)
  warnings.warn(
mean mean reward: 28.73072872240017, mean last reward: 29.099999999105933, score: 319.7307287134595
[I 2024-06-26 17:32:30,851] Trial 41 finished with value: 319.7307287134595 and parameters: {'learning_rate': 0.003985526879279554, 'n_steps': 198, 'batch_size': 170, 'n_epochs': 9, 'clip_range': 0.3364739976656827, 'ent_coef': 0.011076707525606206, 'vf_coef': 0.17554178979975368, 'max_grad_norm': 0.4441317476508588, 'gae_lambda': 0.9861099302882214, 'env_reward_weight': 0.3549906655657761}. Best is trial 4 with value: 394.16505318492176.
/Users/kacper/micromamba/envs/stackelberg/lib/python3.10/site-packages/stable_baselines3/ppo/ppo.py:155: UserWarning: You have specified a mini-batch size of 196, but because the `RolloutBuffer` is of size `n_steps * n_envs = 319`, after every 1 untruncated mini-batches, there will be a truncated mini-batch of size 123
We recommend using a `batch_size` that is a factor of `n_steps * n_envs`.
Info: (n_steps=319 and n_envs=1)
  warnings.warn(
mean mean reward: 27.776170211548504, mean last reward: 29.68999999910593, score: 324.6761702026078
[I 2024-06-26 17:33:47,129] Trial 42 finished with value: 324.6761702026078 and parameters: {'learning_rate': 0.0052711065688900195, 'n_steps': 319, 'batch_size': 196, 'n_epochs': 4, 'clip_range': 0.35428634867754427, 'ent_coef': 0.0012103583296125785, 'vf_coef': 0.16139828070881454, 'max_grad_norm': 0.4090187893319646, 'gae_lambda': 0.9256762975590019, 'env_reward_weight': 0.42106852934258016}. Best is trial 4 with value: 394.16505318492176.
/Users/kacper/micromamba/envs/stackelberg/lib/python3.10/site-packages/stable_baselines3/ppo/ppo.py:155: UserWarning: You have specified a mini-batch size of 120, but because the `RolloutBuffer` is of size `n_steps * n_envs = 146`, after every 1 untruncated mini-batches, there will be a truncated mini-batch of size 26
We recommend using a `batch_size` that is a factor of `n_steps * n_envs`.
Info: (n_steps=146 and n_envs=1)
  warnings.warn(
mean mean reward: 29.251765956481165, mean last reward: 29.9269999986887, score: 328.52176594336817
[I 2024-06-26 17:35:13,244] Trial 43 finished with value: 328.52176594336817 and parameters: {'learning_rate': 0.0031012296677060936, 'n_steps': 146, 'batch_size': 120, 'n_epochs': 8, 'clip_range': 0.2565065928543197, 'ent_coef': 0.019078634881041282, 'vf_coef': 0.3384194672899929, 'max_grad_norm': 0.3591418358521663, 'gae_lambda': 0.9757064308186585, 'env_reward_weight': 0.348046197680341}. Best is trial 4 with value: 394.16505318492176.
/Users/kacper/micromamba/envs/stackelberg/lib/python3.10/site-packages/stable_baselines3/ppo/ppo.py:155: UserWarning: You have specified a mini-batch size of 142, but because the `RolloutBuffer` is of size `n_steps * n_envs = 1587`, after every 11 untruncated mini-batches, there will be a truncated mini-batch of size 25
We recommend using a `batch_size` that is a factor of `n_steps * n_envs`.
Info: (n_steps=1587 and n_envs=1)
  warnings.warn(
mean mean reward: 15.519287232609187, mean last reward: 36.44999999925494, score: 380.0192872251586
[I 2024-06-26 17:36:13,735] Trial 44 finished with value: 380.0192872251586 and parameters: {'learning_rate': 0.0019313543237710316, 'n_steps': 1587, 'batch_size': 142, 'n_epochs': 6, 'clip_range': 0.3877506305558599, 'ent_coef': 0.024255421007978624, 'vf_coef': 0.23937953069620316, 'max_grad_norm': 0.49112387708349137, 'gae_lambda': 0.9911367671847869, 'env_reward_weight': 0.17415677724201356}. Best is trial 4 with value: 394.16505318492176.
/Users/kacper/micromamba/envs/stackelberg/lib/python3.10/site-packages/stable_baselines3/ppo/ppo.py:155: UserWarning: You have specified a mini-batch size of 101, but because the `RolloutBuffer` is of size `n_steps * n_envs = 470`, after every 4 untruncated mini-batches, there will be a truncated mini-batch of size 66
We recommend using a `batch_size` that is a factor of `n_steps * n_envs`.
Info: (n_steps=470 and n_envs=1)
  warnings.warn(
mean mean reward: 17.847388296252156, mean last reward: 23.04699999779463, score: 248.31738827419844
[I 2024-06-26 17:37:23,679] Trial 45 finished with value: 248.31738827419844 and parameters: {'learning_rate': 0.004940810064675869, 'n_steps': 470, 'batch_size': 101, 'n_epochs': 9, 'clip_range': 0.19558422803640368, 'ent_coef': 0.0068473749219975085, 'vf_coef': 0.15208842267114117, 'max_grad_norm': 0.5513477999041533, 'gae_lambda': 0.9073830886798759, 'env_reward_weight': 0.26167818279792154}. Best is trial 4 with value: 394.16505318492176.
/Users/kacper/micromamba/envs/stackelberg/lib/python3.10/site-packages/stable_baselines3/ppo/ppo.py:155: UserWarning: You have specified a mini-batch size of 210, but because the `RolloutBuffer` is of size `n_steps * n_envs = 555`, after every 2 untruncated mini-batches, there will be a truncated mini-batch of size 135
We recommend using a `batch_size` that is a factor of `n_steps * n_envs`.
Info: (n_steps=555 and n_envs=1)
  warnings.warn(
mean mean reward: 20.31048404112934, mean last reward: 22.765999998301268, score: 247.97048402414202
[I 2024-06-26 17:38:29,536] Trial 46 finished with value: 247.97048402414202 and parameters: {'learning_rate': 0.006757992772068378, 'n_steps': 555, 'batch_size': 210, 'n_epochs': 5, 'clip_range': 0.2809074637318333, 'ent_coef': 0.04046799658674406, 'vf_coef': 0.2256381728091006, 'max_grad_norm': 0.4163188861527969, 'gae_lambda': 0.9502102362812204, 'env_reward_weight': 0.4902674939617244}. Best is trial 4 with value: 394.16505318492176.
/Users/kacper/micromamba/envs/stackelberg/lib/python3.10/site-packages/stable_baselines3/ppo/ppo.py:155: UserWarning: You have specified a mini-batch size of 165, but because the `RolloutBuffer` is of size `n_steps * n_envs = 348`, after every 2 untruncated mini-batches, there will be a truncated mini-batch of size 18
We recommend using a `batch_size` that is a factor of `n_steps * n_envs`.
Info: (n_steps=348 and n_envs=1)
  warnings.warn(
mean mean reward: 22.54637233911161, mean last reward: 29.808999999091032, score: 320.6363723300219
[I 2024-06-26 17:39:41,930] Trial 47 finished with value: 320.6363723300219 and parameters: {'learning_rate': 0.0010322997147829344, 'n_steps': 348, 'batch_size': 165, 'n_epochs': 7, 'clip_range': 0.22156826506877844, 'ent_coef': 0.03335629928480209, 'vf_coef': 0.3893903398333722, 'max_grad_norm': 0.3838173155114981, 'gae_lambda': 0.8851015658056621, 'env_reward_weight': 0.39149462815976754}. Best is trial 4 with value: 394.16505318492176.
/Users/kacper/micromamba/envs/stackelberg/lib/python3.10/site-packages/stable_baselines3/ppo/ppo.py:155: UserWarning: You have specified a mini-batch size of 135, but because the `RolloutBuffer` is of size `n_steps * n_envs = 254`, after every 1 untruncated mini-batches, there will be a truncated mini-batch of size 119
We recommend using a `batch_size` that is a factor of `n_steps * n_envs`.
Info: (n_steps=254 and n_envs=1)
  warnings.warn(
mean mean reward: 22.36673404142657, mean last reward: 29.824999998807908, score: 320.61673402950566
[I 2024-06-26 17:40:56,475] Trial 48 finished with value: 320.61673402950566 and parameters: {'learning_rate': 0.0029661521964084586, 'n_steps': 254, 'batch_size': 135, 'n_epochs': 11, 'clip_range': 0.1598718862078904, 'ent_coef': 0.05978085439461445, 'vf_coef': 0.13759512411267272, 'max_grad_norm': 0.453311630880475, 'gae_lambda': 0.9710743839628045, 'env_reward_weight': 0.6304147705391883}. Best is trial 4 with value: 394.16505318492176.
/Users/kacper/micromamba/envs/stackelberg/lib/python3.10/site-packages/stable_baselines3/ppo/ppo.py:155: UserWarning: You have specified a mini-batch size of 41, but because the `RolloutBuffer` is of size `n_steps * n_envs = 144`, after every 3 untruncated mini-batches, there will be a truncated mini-batch of size 21
We recommend using a `batch_size` that is a factor of `n_steps * n_envs`.
Info: (n_steps=144 and n_envs=1)
  warnings.warn(
mean mean reward: 24.02808510512708, mean last reward: 36.545999999344346, score: 389.4880850985706
[I 2024-06-26 17:42:14,882] Trial 49 finished with value: 389.4880850985706 and parameters: {'learning_rate': 0.009828871258512156, 'n_steps': 144, 'batch_size': 41, 'n_epochs': 4, 'clip_range': 0.30150991147205514, 'ent_coef': 0.04928111354780792, 'vf_coef': 0.2700000073601223, 'max_grad_norm': 0.3405394875193724, 'gae_lambda': 0.9444199602274933, 'env_reward_weight': 0.535639545785261}. Best is trial 4 with value: 394.16505318492176.
/Users/kacper/micromamba/envs/stackelberg/lib/python3.10/site-packages/stable_baselines3/ppo/ppo.py:155: UserWarning: You have specified a mini-batch size of 41, but because the `RolloutBuffer` is of size `n_steps * n_envs = 138`, after every 3 untruncated mini-batches, there will be a truncated mini-batch of size 15
We recommend using a `batch_size` that is a factor of `n_steps * n_envs`.
Info: (n_steps=138 and n_envs=1)
  warnings.warn(
mean mean reward: 24.082132977545662, mean last reward: 22.75099999897182, score: 251.59213296726386
[I 2024-06-26 17:43:33,493] Trial 50 finished with value: 251.59213296726386 and parameters: {'learning_rate': 0.00932568095703912, 'n_steps': 138, 'batch_size': 41, 'n_epochs': 4, 'clip_range': 0.3160864944802771, 'ent_coef': 0.047784236752329914, 'vf_coef': 0.2760831488617614, 'max_grad_norm': 0.3383800133784007, 'gae_lambda': 0.9298453315723093, 'env_reward_weight': 0.5359367228573895}. Best is trial 4 with value: 394.16505318492176.
/Users/kacper/micromamba/envs/stackelberg/lib/python3.10/site-packages/stable_baselines3/ppo/ppo.py:155: UserWarning: You have specified a mini-batch size of 36, but because the `RolloutBuffer` is of size `n_steps * n_envs = 119`, after every 3 untruncated mini-batches, there will be a truncated mini-batch of size 11
We recommend using a `batch_size` that is a factor of `n_steps * n_envs`.
Info: (n_steps=119 and n_envs=1)
  warnings.warn(
mean mean reward: 26.96227127569113, mean last reward: 22.452999998703596, score: 251.49227126272712
[I 2024-06-26 17:44:54,864] Trial 51 finished with value: 251.49227126272712 and parameters: {'learning_rate': 0.004365704459594405, 'n_steps': 119, 'batch_size': 36, 'n_epochs': 3, 'clip_range': 0.2979750764463694, 'ent_coef': 0.055271650292508204, 'vf_coef': 0.20742864363744945, 'max_grad_norm': 0.3981538871794007, 'gae_lambda': 0.9425460681149439, 'env_reward_weight': 0.40604407898635525}. Best is trial 4 with value: 394.16505318492176.
/Users/kacper/micromamba/envs/stackelberg/lib/python3.10/site-packages/stable_baselines3/ppo/ppo.py:155: UserWarning: You have specified a mini-batch size of 65, but because the `RolloutBuffer` is of size `n_steps * n_envs = 261`, after every 4 untruncated mini-batches, there will be a truncated mini-batch of size 1
We recommend using a `batch_size` that is a factor of `n_steps * n_envs`.
Info: (n_steps=261 and n_envs=1)
  warnings.warn(
mean mean reward: 18.33450531803547, mean last reward: 15.178999999687075, score: 170.12450531490623
[I 2024-06-26 17:46:01,294] Trial 52 finished with value: 170.12450531490623 and parameters: {'learning_rate': 0.006205479056039494, 'n_steps': 261, 'batch_size': 65, 'n_epochs': 2, 'clip_range': 0.27707214103638445, 'ent_coef': 0.038878718248412374, 'vf_coef': 0.20061524835759326, 'max_grad_norm': 0.35461529198970165, 'gae_lambda': 0.9814816547426907, 'env_reward_weight': 0.3525086572262402}. Best is trial 4 with value: 394.16505318492176.
/Users/kacper/micromamba/envs/stackelberg/lib/python3.10/site-packages/stable_baselines3/ppo/ppo.py:155: UserWarning: You have specified a mini-batch size of 23, but because the `RolloutBuffer` is of size `n_steps * n_envs = 77`, after every 3 untruncated mini-batches, there will be a truncated mini-batch of size 8
We recommend using a `batch_size` that is a factor of `n_steps * n_envs`.
Info: (n_steps=77 and n_envs=1)
  warnings.warn(
mean mean reward: 30.997675530909696, mean last reward: 29.373999999389053, score: 324.73767552480024
[I 2024-06-26 17:47:38,542] Trial 53 finished with value: 324.73767552480024 and parameters: {'learning_rate': 0.001983696067330126, 'n_steps': 77, 'batch_size': 23, 'n_epochs': 4, 'clip_range': 0.338109009546984, 'ent_coef': 0.050683879289795154, 'vf_coef': 0.33011542212260486, 'max_grad_norm': 0.30112421254225175, 'gae_lambda': 0.962613145278141, 'env_reward_weight': 0.46235576761358116}. Best is trial 4 with value: 394.16505318492176.
/Users/kacper/micromamba/envs/stackelberg/lib/python3.10/site-packages/stable_baselines3/ppo/ppo.py:155: UserWarning: You have specified a mini-batch size of 112, but because the `RolloutBuffer` is of size `n_steps * n_envs = 442`, after every 3 untruncated mini-batches, there will be a truncated mini-batch of size 106
We recommend using a `batch_size` that is a factor of `n_steps * n_envs`.
Info: (n_steps=442 and n_envs=1)
  warnings.warn(
mean mean reward: 20.836771275442327, mean last reward: 36.44999999925494, score: 385.33677126799176
[I 2024-06-26 17:48:47,702] Trial 54 finished with value: 385.33677126799176 and parameters: {'learning_rate': 0.0032887676795087255, 'n_steps': 442, 'batch_size': 112, 'n_epochs': 6, 'clip_range': 0.24927464750453007, 'ent_coef': 0.06502436611222547, 'vf_coef': 0.6236062533436281, 'max_grad_norm': 0.4812108775422873, 'gae_lambda': 0.9464831891729791, 'env_reward_weight': 0.2439230160127733}. Best is trial 4 with value: 394.16505318492176.
/Users/kacper/micromamba/envs/stackelberg/lib/python3.10/site-packages/stable_baselines3/ppo/ppo.py:155: UserWarning: You have specified a mini-batch size of 97, but because the `RolloutBuffer` is of size `n_steps * n_envs = 212`, after every 2 untruncated mini-batches, there will be a truncated mini-batch of size 18
We recommend using a `batch_size` that is a factor of `n_steps * n_envs`.
Info: (n_steps=212 and n_envs=1)
  warnings.warn(
mean mean reward: 27.69262233939022, mean last reward: 36.14599999897182, score: 389.1526223291084
[I 2024-06-26 17:50:09,287] Trial 55 finished with value: 389.1526223291084 and parameters: {'learning_rate': 0.005076511153172102, 'n_steps': 212, 'batch_size': 97, 'n_epochs': 5, 'clip_range': 0.3618833325159967, 'ent_coef': 0.03491192610125403, 'vf_coef': 0.5018957691895671, 'max_grad_norm': 0.9461557114205763, 'gae_lambda': 0.9332821235715159, 'env_reward_weight': 0.6034146994961684}. Best is trial 4 with value: 394.16505318492176.
/Users/kacper/micromamba/envs/stackelberg/lib/python3.10/site-packages/stable_baselines3/ppo/ppo.py:155: UserWarning: You have specified a mini-batch size of 142, but because the `RolloutBuffer` is of size `n_steps * n_envs = 326`, after every 2 untruncated mini-batches, there will be a truncated mini-batch of size 42
We recommend using a `batch_size` that is a factor of `n_steps * n_envs`.
Info: (n_steps=326 and n_envs=1)
  warnings.warn(
mean mean reward: 23.96223936039241, mean last reward: 36.46599999926984, score: 388.62223935309083
[I 2024-06-26 17:51:30,719] Trial 56 finished with value: 388.62223935309083 and parameters: {'learning_rate': 0.007897780273270122, 'n_steps': 326, 'batch_size': 142, 'n_epochs': 15, 'clip_range': 0.3209412112043112, 'ent_coef': 0.027689971047071698, 'vf_coef': 0.25709683650358467, 'max_grad_norm': 0.3341362164950151, 'gae_lambda': 0.9184380447766198, 'env_reward_weight': 0.2770879038291173}. Best is trial 4 with value: 394.16505318492176.
/Users/kacper/micromamba/envs/stackelberg/lib/python3.10/site-packages/stable_baselines3/ppo/ppo.py:155: UserWarning: You have specified a mini-batch size of 129, but because the `RolloutBuffer` is of size `n_steps * n_envs = 156`, after every 1 untruncated mini-batches, there will be a truncated mini-batch of size 27
We recommend using a `batch_size` that is a factor of `n_steps * n_envs`.
Info: (n_steps=156 and n_envs=1)
  warnings.warn(
mean mean reward: 21.476281913650478, mean last reward: 36.46599999926984, score: 386.1362819063489
[I 2024-06-26 17:52:42,281] Trial 57 finished with value: 386.1362819063489 and parameters: {'learning_rate': 0.0006017819420113797, 'n_steps': 156, 'batch_size': 129, 'n_epochs': 3, 'clip_range': 0.3051714450950578, 'ent_coef': 0.04110928663793125, 'vf_coef': 0.12203504884569275, 'max_grad_norm': 0.38701200537879765, 'gae_lambda': 0.8425388653103637, 'env_reward_weight': 0.4264725055768015}. Best is trial 4 with value: 394.16505318492176.
/Users/kacper/micromamba/envs/stackelberg/lib/python3.10/site-packages/stable_baselines3/ppo/ppo.py:155: UserWarning: You have specified a mini-batch size of 79, but because the `RolloutBuffer` is of size `n_steps * n_envs = 589`, after every 7 untruncated mini-batches, there will be a truncated mini-batch of size 36
We recommend using a `batch_size` that is a factor of `n_steps * n_envs`.
Info: (n_steps=589 and n_envs=1)
  warnings.warn(
mean mean reward: 11.138494679327817, mean last reward: 15.66199999883771, score: 167.7584946677049
[I 2024-06-26 17:53:46,194] Trial 58 finished with value: 167.7584946677049 and parameters: {'learning_rate': 0.00027209057892086053, 'n_steps': 589, 'batch_size': 79, 'n_epochs': 7, 'clip_range': 0.11289905654255558, 'ent_coef': 0.01566901052558598, 'vf_coef': 0.14770752539959392, 'max_grad_norm': 0.4179259127578084, 'gae_lambda': 0.9951240202075337, 'env_reward_weight': 0.7034373200921047}. Best is trial 4 with value: 394.16505318492176.
/Users/kacper/micromamba/envs/stackelberg/lib/python3.10/site-packages/stable_baselines3/ppo/ppo.py:155: UserWarning: You have specified a mini-batch size of 104, but because the `RolloutBuffer` is of size `n_steps * n_envs = 251`, after every 2 untruncated mini-batches, there will be a truncated mini-batch of size 43
We recommend using a `batch_size` that is a factor of `n_steps * n_envs`.
Info: (n_steps=251 and n_envs=1)
  warnings.warn(
mean mean reward: 17.723595743263736, mean last reward: 16.33199999608099, score: 181.04359570407365
