[I 2024-06-29 17:55:00,626] Trial 38 finished with value: 418.4999024319976 and parameters: {'init_sample_trajectories': 30, 'batch_size': 2, 'eps': 1.1972682224658746e-06, 'default_model': 0.5495436597174028, 'env_noise_weight': 0.6508577533242426}. Best is trial 11 with value: 422.5128829635655.
  1%|▊                                                                               | 5/460 [00:00<01:21,  5.57it/s]
Model reward: (36.68999999947846, 0.6248199746544413)
Avg Policy Reward on real env:   36.530 ± 0.835
  1%|▌                                                                               | 3/460 [00:00<01:33,  4.89it/s]
Model reward: (37.00999999977648, 0.3666060559378957)
Avg Policy Reward on real env:   36.610 ± 0.599
  0%|▏                                                                               | 1/460 [00:00<02:26,  3.13it/s]
Model reward: (36.04999999888241, 1.3971399370270263)
Avg Policy Reward on real env:   35.330 ± 1.568
  1%|▌                                                                               | 3/460 [00:00<01:32,  4.92it/s]
Model reward: (36.52999999932945, 0.9765244501681555)
Avg Policy Reward on real env:   36.210 ± 1.076
  1%|▊                                                                               | 5/460 [00:00<00:05, 86.04it/s]
Model reward: (0.9799999997019768, 0.033166248397769604)
Avg Policy Reward on real env:   0.985 ± 0.032
mean mean reward: 45.28208333262863, mean last reward: 29.132999999150634, score: 336.61208332413497
[I 2024-06-29 17:55:03,734] Trial 39 finished with value: 336.61208332413497 and parameters: {'init_sample_trajectories': 60, 'batch_size': 51, 'eps': 1.948978785300644e-06, 'default_model': 0.1769870965122856, 'env_noise_weight': 0.9980677734317461}. Best is trial 11 with value: 422.5128829635655.
  2%|█▌                                                                              | 9/473 [00:00<00:34, 13.47it/s]
Model reward: (2.5349999975413082, 0.9967572397649074)
Avg Policy Reward on real env:   2.400 ± 0.924
  1%|▊                                                                               | 5/473 [00:00<01:23,  5.58it/s]
Model reward: (36.60999999940395, 0.6974238316160343)
Avg Policy Reward on real env:   36.530 ± 0.835
  0%|▎                                                                               | 2/473 [00:00<01:49,  4.30it/s]
Model reward: (36.68999999947846, 0.9499473678477407)
Avg Policy Reward on real env:   36.450 ± 0.800
  1%|▊                                                                               | 5/473 [00:00<01:23,  5.63it/s]
Model reward: (36.209999999031425, 1.292439554915959)
Avg Policy Reward on real env:   36.290 ± 1.061
  2%|█▋                                                                            | 10/473 [00:00<00:03, 117.13it/s]
Model reward: (0.9949999999254941, 0.015000000223517416)
Avg Policy Reward on real env:   0.980 ± 0.033
mean mean reward: 40.52428181706098, mean last reward: 22.529999998733402, score: 265.824281804395
[I 2024-06-29 17:55:07,226] Trial 40 finished with value: 265.824281804395 and parameters: {'init_sample_trajectories': 73, 'batch_size': 25, 'eps': 5.2501468061130955e-06, 'default_model': 0.6635956195732677, 'env_noise_weight': 0.7958122103442152}. Best is trial 11 with value: 422.5128829635655.
  7%|█████▊                                                                         | 30/411 [00:04<00:51,  7.34it/s]
Model reward: (36.769999999552965, 0.5306599669510795)
Avg Policy Reward on real env:   36.930 ± 0.531
  5%|███▊                                                                           | 20/411 [00:03<00:59,  6.62it/s]
Model reward: (36.84999999962747, 0.5366563150997496)
Avg Policy Reward on real env:   36.850 ± 0.537
  2%|█▉                                                                             | 10/411 [00:01<01:03,  6.28it/s]
Model reward: (36.52999999932945, 0.9086253361742671)
Avg Policy Reward on real env:   35.810 ± 1.329
  5%|████                                                                           | 21/411 [00:03<00:59,  6.53it/s]
Model reward: (36.28999999910593, 1.2289833208035572)
Avg Policy Reward on real env:   37.010 ± 0.367
  8%|██████▌                                                                        | 34/411 [00:04<00:48,  7.81it/s]
Model reward: (36.769999999552965, 0.8158431229346587)
Avg Policy Reward on real env:   36.530 ± 0.977
mean mean reward: 54.64949021002751, mean last reward: 36.62599999941885, score: 420.90949020421607
[I 2024-06-29 17:55:24,238] Trial 41 finished with value: 420.90949020421607 and parameters: {'init_sample_trajectories': 11, 'batch_size': 9, 'eps': 4.1899213303884575e-07, 'default_model': 0.12505036566760475, 'env_noise_weight': 0.8728999719054477}. Best is trial 11 with value: 422.5128829635655.
  6%|████▊                                                                          | 25/406 [00:03<00:53,  7.12it/s]
Model reward: (36.68999999947846, 0.8039900504384453)
Avg Policy Reward on real env:   35.970 ± 1.085
  4%|███▎                                                                           | 17/406 [00:02<00:59,  6.54it/s]
Model reward: (36.60999999940395, 0.598665182441381)
Avg Policy Reward on real env:   36.370 ± 0.909
  2%|█▉                                                                             | 10/406 [00:01<01:03,  6.24it/s]
Model reward: (35.8899999987334, 1.5615377051297459)
Avg Policy Reward on real env:   36.850 ± 0.645
  4%|███▎                                                                           | 17/406 [00:02<00:59,  6.53it/s]
Model reward: (36.28999999910593, 0.8616263699439728)
Avg Policy Reward on real env:   36.290 ± 1.422
  7%|█████▎                                                                         | 27/406 [00:03<00:53,  7.07it/s]
Model reward: (36.44999999925494, 1.0733126301994993)
Avg Policy Reward on real env:   36.610 ± 0.862
mean mean reward: 55.4223232591872, mean last reward: 36.41799999922514, score: 419.6023232514386
[I 2024-06-29 17:55:39,117] Trial 42 finished with value: 419.6023232514386 and parameters: {'init_sample_trajectories': 6, 'batch_size': 11, 'eps': 9.55403964410476e-09, 'default_model': 0.05067412804172759, 'env_noise_weight': 0.9531976318109583}. Best is trial 11 with value: 422.5128829635655.
  3%|██                                                                             | 11/412 [00:00<00:30, 13.33it/s]
Model reward: (36.60999999940395, 0.8616263699439727)
Avg Policy Reward on real env:   36.290 ± 1.422
  2%|█▎                                                                              | 7/412 [00:01<01:08,  5.96it/s]
Model reward: (36.209999999031425, 1.8607525376710419)
Avg Policy Reward on real env:   36.290 ± 0.933
  1%|▉                                                                               | 5/412 [00:00<01:13,  5.56it/s]
Model reward: (36.68999999947846, 0.3666060559378957)
Avg Policy Reward on real env:   36.290 ± 0.999
  2%|█▌                                                                              | 8/412 [00:01<01:06,  6.03it/s]
Model reward: (36.369999999180436, 0.908625336174267)
Avg Policy Reward on real env:   36.610 ± 0.599
  3%|██▎                                                                           | 12/412 [00:00<00:03, 117.14it/s]
Model reward: (0.9899999998509884, 0.02000000029802322)
Avg Policy Reward on real env:   0.995 ± 0.015
mean mean reward: 45.280404913899545, mean last reward: 29.294999999329445, score: 338.230404907194
[I 2024-06-29 17:55:44,052] Trial 43 finished with value: 338.230404907194 and parameters: {'init_sample_trajectories': 12, 'batch_size': 26, 'eps': 9.42223039239262e-07, 'default_model': 0.12925357311561153, 'env_noise_weight': 0.8776048848482578}. Best is trial 11 with value: 422.5128829635655.
  2%|█▍                                                                              | 7/404 [00:00<00:37, 10.45it/s]
Model reward: (36.04999999888241, 1.8330302796894784)
Avg Policy Reward on real env:   36.370 ± 0.977
  1%|▉                                                                               | 5/404 [00:00<01:12,  5.48it/s]
Model reward: (36.769999999552965, 0.8158431229346587)
Avg Policy Reward on real env:   36.130 ± 0.733
  1%|▌                                                                               | 3/404 [00:00<01:22,  4.86it/s]
Model reward: (36.60999999940395, 1.2289833208035572)
Avg Policy Reward on real env:   36.530 ± 0.665
  1%|█▏                                                                              | 6/404 [00:01<01:10,  5.65it/s]
Model reward: (36.44999999925494, 0.8000000007450582)
Avg Policy Reward on real env:   36.930 ± 0.392
  2%|█▌                                                                              | 8/404 [00:00<00:13, 28.38it/s]
Model reward: (1.0, 0.0)
Avg Policy Reward on real env:   0.995 ± 0.015
mean mean reward: 46.57820337240473, mean last reward: 29.390999999418852, score: 340.48820336659327
[I 2024-06-29 17:55:48,208] Trial 44 finished with value: 340.48820336659327 and parameters: {'init_sample_trajectories': 4, 'batch_size': 45, 'eps': 1.5585260536707115e-06, 'default_model': 0.043954232439839334, 'env_noise_weight': 0.5950116412629788}. Best is trial 11 with value: 422.5128829635655.
  0%|▏                                                                               | 1/419 [00:00<02:16,  3.05it/s]
Model reward: (36.369999999180436, 0.7547184912674146)
Avg Policy Reward on real env:   35.410 ± 1.755
  0%|▍                                                                               | 2/419 [00:00<00:57,  7.29it/s]
Model reward: (0.9799999997019768, 0.033166248397769604)
Avg Policy Reward on real env:   1.000 ± 0.000
  0%|▍                                                                               | 2/419 [00:00<02:00,  3.47it/s]
Model reward: (36.369999999180436, 0.8352245214907075)
Avg Policy Reward on real env:   36.450 ± 0.800
  0%|▏                                                                               | 1/419 [00:00<02:18,  3.02it/s]
Model reward: (35.649999998509884, 1.475127114540681)
Avg Policy Reward on real env:   36.210 ± 1.242
  0%|▍                                                                               | 2/419 [00:00<00:13, 30.18it/s]
Model reward: (0.9799999997019768, 0.04000000059604644)
Avg Policy Reward on real env:   0.985 ± 0.023
mean mean reward: 24.544833332691343, mean last reward: 22.010999999269842, score: 244.65483332538977
[I 2024-06-29 17:55:50,257] Trial 45 finished with value: 244.65483332538977 and parameters: {'init_sample_trajectories': 19, 'batch_size': 255, 'eps': 5.448011694610478e-07, 'default_model': 0.09325422651897891, 'env_noise_weight': 0.7188109860174614}. Best is trial 11 with value: 422.5128829635655.
  5%|████                                                                           | 21/411 [00:01<00:34, 11.41it/s]
Model reward: (37.00999999977648, 0.3666060559378957)
Avg Policy Reward on real env:   36.930 ± 0.392
  3%|██▍                                                                            | 13/411 [00:02<01:03,  6.29it/s]
Model reward: (36.68999999947846, 0.8039900504384453)
Avg Policy Reward on real env:   36.530 ± 0.755
  2%|█▌                                                                              | 8/411 [00:01<01:06,  6.09it/s]
Model reward: (36.44999999925494, 1.4310835069326657)
Avg Policy Reward on real env:   36.290 ± 1.061
  3%|██▍                                                                            | 13/411 [00:02<01:02,  6.39it/s]
Model reward: (36.52999999932945, 0.7547184912674146)
Avg Policy Reward on real env:   36.130 ± 1.526
  6%|████▍                                                                          | 23/411 [00:01<00:23, 16.48it/s]
Model reward: (36.52999999932945, 1.1565465846611949)
Avg Policy Reward on real env:   36.770 ± 0.531
mean mean reward: 48.6002287148846, mean last reward: 36.52999999932945, score: 413.9002287081791
[I 2024-06-29 17:55:59,655] Trial 46 finished with value: 413.9002287081791 and parameters: {'init_sample_trajectories': 11, 'batch_size': 13, 'eps': 6.6986566802132044e-06, 'default_model': 0.19579502932588144, 'env_noise_weight': 0.9633079858475879}. Best is trial 11 with value: 422.5128829635655.
  0%|▍                                                                               | 2/401 [00:00<01:09,  5.70it/s]
Model reward: (35.56999999843538, 1.4945233367734359)
Avg Policy Reward on real env:   35.810 ± 1.551
  0%|▍                                                                               | 2/401 [00:00<01:14,  5.35it/s]
Model reward: (36.52999999932945, 1.4510685731287776)
Avg Policy Reward on real env:   36.290 ± 2.141
  0%|▏                                                                               | 1/401 [00:00<02:14,  2.97it/s]
Model reward: (35.8899999987334, 1.826033955382759)
Avg Policy Reward on real env:   36.050 ± 1.088
  0%|▍                                                                               | 2/401 [00:00<01:36,  4.11it/s]
Model reward: (35.72999999858439, 1.0400000009685755)
Avg Policy Reward on real env:   36.370 ± 1.211
  0%|▍                                                                               | 2/401 [00:00<00:15, 26.44it/s]
Model reward: (0.9899999998509884, 0.02000000029802322)
Avg Policy Reward on real env:   0.980 ± 0.033
mean mean reward: 24.934499998819085, mean last reward: 29.099999999105933, score: 315.9344999898784
[I 2024-06-29 17:56:01,893] Trial 47 finished with value: 315.9344999898784 and parameters: {'init_sample_trajectories': 1, 'batch_size': 173, 'eps': 2.2426771744750145e-06, 'default_model': 0.1237212289146976, 'env_noise_weight': 0.8989530314268094}. Best is trial 11 with value: 422.5128829635655.
  1%|▉                                                                               | 5/433 [00:00<00:48,  8.83it/s]
Model reward: (35.32999999821186, 1.3948476632320685)
Avg Policy Reward on real env:   36.450 ± 0.620
  1%|▋                                                                               | 4/433 [00:00<01:25,  5.04it/s]
Model reward: (36.44999999925494, 0.7155417534663329)
Avg Policy Reward on real env:   36.610 ± 0.862
  1%|▌                                                                               | 3/433 [00:00<01:32,  4.67it/s]
Model reward: (36.60999999940395, 0.598665182441381)
Avg Policy Reward on real env:   36.450 ± 1.012
  1%|▋                                                                               | 4/433 [00:00<01:24,  5.07it/s]
Model reward: (36.12999999895692, 1.3481839649638114)
Avg Policy Reward on real env:   36.370 ± 1.657
  1%|▉                                                                               | 5/433 [00:00<00:10, 40.90it/s]
Model reward: (0.9899999998509884, 0.030000000447034835)
Avg Policy Reward on real env:   0.985 ± 0.023
mean mean reward: 45.876749999246876, mean last reward: 29.37299999937415, score: 339.6067499929884
[I 2024-06-29 17:56:05,423] Trial 48 finished with value: 339.6067499929884 and parameters: {'init_sample_trajectories': 33, 'batch_size': 62, 'eps': 3.762447249289959e-07, 'default_model': 0.03995838762081692, 'env_noise_weight': 0.2824989824416244}. Best is trial 11 with value: 422.5128829635655.
  1%|▊                                                                               | 4/408 [00:00<01:18,  5.17it/s]
Model reward: (36.92999999970198, 0.7332121118757914)
Avg Policy Reward on real env:   36.450 ± 1.678
  1%|▌                                                                               | 3/408 [00:00<01:25,  4.76it/s]
Model reward: (36.44999999925494, 1.5178932782944703)
Avg Policy Reward on real env:   36.850 ± 0.738
  0%|▍                                                                               | 2/408 [00:00<01:37,  4.17it/s]
Model reward: (35.809999998658895, 2.0489997578867913)
Avg Policy Reward on real env:   36.610 ± 0.999
  1%|▊                                                                               | 4/408 [00:00<01:08,  5.86it/s]
Model reward: (36.52999999932945, 0.9765244501681555)
Avg Policy Reward on real env:   36.050 ± 1.200
  1%|▉                                                                               | 5/408 [00:00<00:19, 20.89it/s]
Model reward: (0.9849999997764826, 0.04500000067055226)
Avg Policy Reward on real env:   0.995 ± 0.015
mean mean reward: 45.1200666658692, mean last reward: 29.390999999418852, score: 339.03006666005774
[I 2024-06-29 17:56:08,840] Trial 49 finished with value: 339.03006666005774 and parameters: {'init_sample_trajectories': 8, 'batch_size': 77, 'eps': 1.3703232669195654e-06, 'default_model': 0.09625714503114169, 'env_noise_weight': 0.53214493521344}. Best is trial 11 with value: 422.5128829635655.
  2%|█▌                                                                              | 8/417 [00:00<00:48,  8.38it/s]
Model reward: (36.68999999947846, 0.8039900504384453)
Avg Policy Reward on real env:   36.130 ± 1.085
  1%|▉                                                                               | 5/417 [00:00<01:13,  5.60it/s]
Model reward: (36.84999999962747, 0.9633275672005523)
Avg Policy Reward on real env:   36.370 ± 0.835
  1%|▌                                                                               | 3/417 [00:00<01:24,  4.93it/s]
Model reward: (36.209999999031425, 1.3879481271244252)
Avg Policy Reward on real env:   36.210 ± 1.015
  1%|█▏                                                                              | 6/417 [00:01<01:11,  5.76it/s]
Model reward: (35.8899999987334, 2.4278385471400634)
Avg Policy Reward on real env:   36.850 ± 0.537
  2%|█▋                                                                             | 9/417 [00:00<00:03, 109.05it/s]
Model reward: (0.9949999999254941, 0.015000000223517416)
Avg Policy Reward on real env:   0.990 ± 0.020
mean mean reward: 47.011134919879275, mean last reward: 29.30999999932945, score: 340.11113491317377
[I 2024-06-29 17:56:13,086] Trial 50 finished with value: 340.11113491317377 and parameters: {'init_sample_trajectories': 17, 'batch_size': 33, 'eps': 2.9473175097384586e-06, 'default_model': 0.2518068416364011, 'env_noise_weight': 0.8256148759372525}. Best is trial 11 with value: 422.5128829635655.
 67%|███████████████████████████████████████████████████▉                          | 273/410 [00:05<00:02, 46.26it/s]
Model reward: (36.769999999552965, 0.8158431229346587)
Avg Policy Reward on real env:   36.530 ± 1.100
 42%|████████████████████████████████▌                                             | 171/410 [00:05<00:08, 28.77it/s]
Model reward: (36.44999999925494, 1.1865917590404058)
Avg Policy Reward on real env:   36.290 ± 0.999
 24%|███████████████████                                                           | 100/410 [00:05<00:18, 17.02it/s]
Model reward: (36.28999999910593, 1.2289833208035572)
Avg Policy Reward on real env:   36.690 ± 0.720
 44%|██████████████████████████████████▌                                           | 182/410 [00:05<00:07, 30.42it/s]
Model reward: (35.8899999987334, 1.6414627638233865)
Avg Policy Reward on real env:   35.570 ± 1.733
 71%|███████████████████████████████████████████████████████▌                      | 292/410 [00:05<00:02, 49.05it/s]
Model reward: (36.60999999940395, 0.9991996806743209)
Avg Policy Reward on real env:   36.450 ± 0.620
mean mean reward: 55.77618292607913, mean last reward: 36.30599999912083, score: 418.83618291728743
[I 2024-06-29 17:56:43,485] Trial 51 finished with value: 418.83618291728743 and parameters: {'init_sample_trajectories': 10, 'batch_size': 1, 'eps': 3.49172348946405e-07, 'default_model': 0.1451562407458605, 'env_noise_weight': 0.8542056173066426}. Best is trial 11 with value: 422.5128829635655.
  8%|██████▎                                                                        | 32/400 [00:04<00:51,  7.15it/s]
Model reward: (36.84999999962747, 0.6449806204645689)
Avg Policy Reward on real env:   36.610 ± 0.862
  6%|████▌                                                                          | 23/400 [00:03<00:56,  6.65it/s]
Model reward: (36.28999999910593, 1.5919799008532387)
Avg Policy Reward on real env:   36.530 ± 1.211
  4%|██▊                                                                            | 14/400 [00:02<00:59,  6.45it/s]
Model reward: (36.769999999552965, 0.8158431229346587)
Avg Policy Reward on real env:   36.530 ± 0.835
  5%|████▏                                                                          | 21/400 [00:03<00:57,  6.57it/s]
Model reward: (35.8899999987334, 1.07628992476827)
Avg Policy Reward on real env:   36.770 ± 0.816
  9%|██████▉                                                                        | 35/400 [00:05<00:54,  6.75it/s]
Model reward: (36.68999999947846, 1.0150862041813344)
Avg Policy Reward on real env:   37.090 ± 0.320
mean mean reward: 56.03252626185696, mean last reward: 36.70599999949336, score: 423.09252625679056
