kacper@student-net-nw-3605 ~/Documents/dev/stackelberg-ml                                                 [16:41:35]
(stackelberg) > $ python pytuna-mal.py                                                       [±sample_efficiency ●●]
/Users/kacper/micromamba/envs/stackelberg/lib/python3.10/site-packages/pydantic/_internal/_fields.py:160: UserWarning: Field "model_save_name" has conflict with protected namespace "model_".

You may be able to resolve this warning by setting `model_config['protected_namespaces'] = ()`.
  warnings.warn(
/Users/kacper/micromamba/envs/stackelberg/lib/python3.10/site-packages/pydantic/_internal/_fields.py:160: UserWarning: Field "model_ppo_kwargs" has conflict with protected namespace "model_".

You may be able to resolve this warning by setting `model_config['protected_namespaces'] = ()`.
  warnings.warn(
[I 2024-06-26 16:42:29,283] A new study created in memory with name: no-name-7f3b0795-7d6c-41b5-a541-fac88a7a74e2
/Users/kacper/micromamba/envs/stackelberg/lib/python3.10/site-packages/gymnasium/core.py:311: UserWarning: WARN: env.num_states to get variables from other wrappers is deprecated and will be removed in v1.0, to get this variable you can do `env.unwrapped.num_states` for environment variables or `env.get_wrapper_attr('num_states')` that will search the reminding wrappers.
  logger.warn(
/Users/kacper/micromamba/envs/stackelberg/lib/python3.10/site-packages/gymnasium/core.py:311: UserWarning: WARN: env.num_actions to get variables from other wrappers is deprecated and will be removed in v1.0, to get this variable you can do `env.unwrapped.num_actions` for environment variables or `env.get_wrapper_attr('num_actions')` that will search the reminding wrappers.
  logger.warn(
/Users/kacper/micromamba/envs/stackelberg/lib/python3.10/site-packages/gymnasium/core.py:311: UserWarning: WARN: env.rewards to get variables from other wrappers is deprecated and will be removed in v1.0, to get this variable you can do `env.unwrapped.rewards` for environment variables or `env.get_wrapper_attr('rewards')` that will search the reminding wrappers.
  logger.warn(
/Users/kacper/micromamba/envs/stackelberg/lib/python3.10/site-packages/gymnasium/core.py:311: UserWarning: WARN: env.initial_state to get variables from other wrappers is deprecated and will be removed in v1.0, to get this variable you can do `env.unwrapped.initial_state` for environment variables or `env.get_wrapper_attr('initial_state')` that will search the reminding wrappers.
  logger.warn(
/Users/kacper/micromamba/envs/stackelberg/lib/python3.10/site-packages/gymnasium/core.py:311: UserWarning: WARN: env.final_state to get variables from other wrappers is deprecated and will be removed in v1.0, to get this variable you can do `env.unwrapped.final_state` for environment variables or `env.get_wrapper_attr('final_state')` that will search the reminding wrappers.
  logger.warn(
/Users/kacper/micromamba/envs/stackelberg/lib/python3.10/site-packages/gymnasium/core.py:311: UserWarning: WARN: env.max_ep_steps to get variables from other wrappers is deprecated and will be removed in v1.0, to get this variable you can do `env.unwrapped.max_ep_steps` for environment variables or `env.get_wrapper_attr('max_ep_steps')` that will search the reminding wrappers.
  logger.warn(
/Users/kacper/micromamba/envs/stackelberg/lib/python3.10/site-packages/stable_baselines3/ppo/ppo.py:155: UserWarning: You have specified a mini-batch size of 71, but because the `RolloutBuffer` is of size `n_steps * n_envs = 120`, after every 1 untruncated mini-batches, there will be a truncated mini-batch of size 49
We recommend using a `batch_size` that is a factor of `n_steps * n_envs`.
Info: (n_steps=120 and n_envs=1)
  warnings.warn(
/Users/kacper/micromamba/envs/stackelberg/lib/python3.10/site-packages/gymnasium/core.py:311: UserWarning: WARN: env.num_states to get variables from other wrappers is deprecated and will be removed in v1.0, to get this variable you can do `env.unwrapped.num_states` for environment variables or `env.get_wrapper_attr('num_states')` that will search the reminding wrappers.
  logger.warn(
/Users/kacper/micromamba/envs/stackelberg/lib/python3.10/site-packages/gymnasium/core.py:311: UserWarning: WARN: env.num_actions to get variables from other wrappers is deprecated and will be removed in v1.0, to get this variable you can do `env.unwrapped.num_actions` for environment variables or `env.get_wrapper_attr('num_actions')` that will search the reminding wrappers.
  logger.warn(
/Users/kacper/micromamba/envs/stackelberg/lib/python3.10/site-packages/gymnasium/core.py:311: UserWarning: WARN: env.max_ep_steps to get variables from other wrappers is deprecated and will be removed in v1.0, to get this variable you can do `env.unwrapped.max_ep_steps` for environment variables or `env.get_wrapper_attr('max_ep_steps')` that will search the reminding wrappers.
  logger.warn(
/Users/kacper/micromamba/envs/stackelberg/lib/python3.10/site-packages/gymnasium/core.py:311: UserWarning: WARN: env.rewards to get variables from other wrappers is deprecated and will be removed in v1.0, to get this variable you can do `env.unwrapped.rewards` for environment variables or `env.get_wrapper_attr('rewards')` that will search the reminding wrappers.
  logger.warn(
/Users/kacper/micromamba/envs/stackelberg/lib/python3.10/site-packages/gymnasium/core.py:311: UserWarning: WARN: env.initial_state to get variables from other wrappers is deprecated and will be removed in v1.0, to get this variable you can do `env.unwrapped.initial_state` for environment variables or `env.get_wrapper_attr('initial_state')` that will search the reminding wrappers.
  logger.warn(
/Users/kacper/micromamba/envs/stackelberg/lib/python3.10/site-packages/gymnasium/core.py:311: UserWarning: WARN: env.final_state to get variables from other wrappers is deprecated and will be removed in v1.0, to get this variable you can do `env.unwrapped.final_state` for environment variables or `env.get_wrapper_attr('final_state')` that will search the reminding wrappers.
  logger.warn(
/Users/kacper/micromamba/envs/stackelberg/lib/python3.10/site-packages/stable_baselines3/common/evaluation.py:67: UserWarning: Evaluation environment is not wrapped with a ``Monitor`` wrapper. This may result in reporting modified episode lengths and rewards, if other wrappers happen to modify these. Consider wrapping environment first with ``Monitor`` wrapper.
  warnings.warn(
/Users/kacper/micromamba/envs/stackelberg/lib/python3.10/site-packages/gymnasium/utils/passive_env_checker.py:181: DeprecationWarning: WARN: Current gymnasium version requires that `Env.reset` can be passed `options` to allow the environment initialisation to be passed additional information.
  logger.deprecation(
mean mean reward: 4.043723403372743, mean last reward: 14.978999999389051, score: 153.83372339726327
[I 2024-06-26 16:43:45,361] Trial 0 finished with value: 153.83372339726327 and parameters: {'learning_rate': 1.7507810875095622e-05, 'n_steps': 120, 'batch_size': 71, 'n_epochs': 8, 'clip_range': 0.3892959465245578, 'ent_coef': 0.023341246994056087, 'vf_coef': 0.544621805841926, 'max_grad_norm': 0.7135319823692458, 'gae_lambda': 0.8742216463855113, 'env_reward_weight': 0.08658920531980152}. Best is trial 0 with value: 153.83372339726327.
/Users/kacper/micromamba/envs/stackelberg/lib/python3.10/site-packages/stable_baselines3/ppo/ppo.py:155: UserWarning: You have specified a mini-batch size of 182, but because the `RolloutBuffer` is of size `n_steps * n_envs = 1164`, after every 6 untruncated mini-batches, there will be a truncated mini-batch of size 72
We recommend using a `batch_size` that is a factor of `n_steps * n_envs`.
Info: (n_steps=1164 and n_envs=1)
  warnings.warn(
mean mean reward: 4.402893615689208, mean last reward: 22.36399999961257, score: 228.04289361181492
[I 2024-06-26 16:44:39,475] Trial 1 finished with value: 228.04289361181492 and parameters: {'learning_rate': 7.094988821951155e-05, 'n_steps': 1164, 'batch_size': 182, 'n_epochs': 5, 'clip_range': 0.21896084784538344, 'ent_coef': 0.05489006313943057, 'vf_coef': 0.8730454887545638, 'max_grad_norm': 0.574042616452832, 'gae_lambda': 0.86489498039315, 'env_reward_weight': 0.9229598564625825}. Best is trial 1 with value: 228.04289361181492.
/Users/kacper/micromamba/envs/stackelberg/lib/python3.10/site-packages/stable_baselines3/ppo/ppo.py:155: UserWarning: You have specified a mini-batch size of 111, but because the `RolloutBuffer` is of size `n_steps * n_envs = 1524`, after every 13 untruncated mini-batches, there will be a truncated mini-batch of size 81
We recommend using a `batch_size` that is a factor of `n_steps * n_envs`.
Info: (n_steps=1524 and n_envs=1)
  warnings.warn(
mean mean reward: 8.079377658134922, mean last reward: 15.803999998420476, score: 166.11937764233969
[I 2024-06-26 16:45:46,163] Trial 2 finished with value: 166.11937764233969 and parameters: {'learning_rate': 0.00037875308029509567, 'n_steps': 1524, 'batch_size': 111, 'n_epochs': 14, 'clip_range': 0.15054730251115767, 'ent_coef': 0.0024491488201301872, 'vf_coef': 0.7726736584139124, 'max_grad_norm': 0.7328180322183565, 'gae_lambda': 0.9741472651874504, 'env_reward_weight': 0.7183174710703945}. Best is trial 1 with value: 228.04289361181492.
/Users/kacper/micromamba/envs/stackelberg/lib/python3.10/site-packages/stable_baselines3/ppo/ppo.py:155: UserWarning: You have specified a mini-batch size of 184, but because the `RolloutBuffer` is of size `n_steps * n_envs = 1395`, after every 7 untruncated mini-batches, there will be a truncated mini-batch of size 107
We recommend using a `batch_size` that is a factor of `n_steps * n_envs`.
Info: (n_steps=1395 and n_envs=1)
  warnings.warn(
mean mean reward: 7.969638296522675, mean last reward: 22.087999999299647, score: 228.84963828951916
[I 2024-06-26 16:46:52,486] Trial 3 finished with value: 228.84963828951916 and parameters: {'learning_rate': 5.0167523354210496e-05, 'n_steps': 1395, 'batch_size': 184, 'n_epochs': 20, 'clip_range': 0.19498218956494187, 'ent_coef': 0.004310589812450793, 'vf_coef': 0.3924328364236045, 'max_grad_norm': 0.6603809282480467, 'gae_lambda': 0.879857867921192, 'env_reward_weight': 0.9249396932904115}. Best is trial 3 with value: 228.84963828951916.
/Users/kacper/micromamba/envs/stackelberg/lib/python3.10/site-packages/stable_baselines3/ppo/ppo.py:155: UserWarning: You have specified a mini-batch size of 89, but because the `RolloutBuffer` is of size `n_steps * n_envs = 85`, after every 0 untruncated mini-batches, there will be a truncated mini-batch of size 85
We recommend using a `batch_size` that is a factor of `n_steps * n_envs`.
Info: (n_steps=85 and n_envs=1)
  warnings.warn(
mean mean reward: 27.585053190435183, mean last reward: 36.657999999448656, score: 394.16505318492176
[I 2024-06-26 16:48:14,234] Trial 4 finished with value: 394.16505318492176 and parameters: {'learning_rate': 0.0011832021438644362, 'n_steps': 85, 'batch_size': 89, 'n_epochs': 6, 'clip_range': 0.12470588633494409, 'ent_coef': 0.03000296284565982, 'vf_coef': 0.17102790869909007, 'max_grad_norm': 0.5595668320089084, 'gae_lambda': 0.9808900462385477, 'env_reward_weight': 0.31209157294719686}. Best is trial 4 with value: 394.16505318492176.
/Users/kacper/micromamba/envs/stackelberg/lib/python3.10/site-packages/stable_baselines3/ppo/ppo.py:155: UserWarning: You have specified a mini-batch size of 19, but because the `RolloutBuffer` is of size `n_steps * n_envs = 407`, after every 21 untruncated mini-batches, there will be a truncated mini-batch of size 8
We recommend using a `batch_size` that is a factor of `n_steps * n_envs`.
Info: (n_steps=407 and n_envs=1)
  warnings.warn(
mean mean reward: 6.728420211987848, mean last reward: 1.215999999344349, score: 18.888420205431338
[I 2024-06-26 16:50:08,364] Trial 5 finished with value: 18.888420205431338 and parameters: {'learning_rate': 0.004968118745684284, 'n_steps': 407, 'batch_size': 19, 'n_epochs': 10, 'clip_range': 0.2934411096993188, 'ent_coef': 0.05223540533204083, 'vf_coef': 0.35678604867647024, 'max_grad_norm': 0.5102494272587252, 'gae_lambda': 0.8578348062643272, 'env_reward_weight': 0.009072625774713225}. Best is trial 4 with value: 394.16505318492176.
/Users/kacper/micromamba/envs/stackelberg/lib/python3.10/site-packages/stable_baselines3/ppo/ppo.py:155: UserWarning: You have specified a mini-batch size of 69, but because the `RolloutBuffer` is of size `n_steps * n_envs = 2000`, after every 28 untruncated mini-batches, there will be a truncated mini-batch of size 68
We recommend using a `batch_size` that is a factor of `n_steps * n_envs`.
Info: (n_steps=2000 and n_envs=1)
  warnings.warn(
mean mean reward: 7.586494679339229, mean last reward: 15.683999998569487, score: 164.4264946650341
[I 2024-06-26 16:51:23,453] Trial 6 finished with value: 164.4264946650341 and parameters: {'learning_rate': 0.00011302549983873953, 'n_steps': 2000, 'batch_size': 69, 'n_epochs': 14, 'clip_range': 0.19349645554366252, 'ent_coef': 0.06027872877938342, 'vf_coef': 0.2483049208016476, 'max_grad_norm': 0.9009737858939173, 'gae_lambda': 0.8915768816345013, 'env_reward_weight': 0.8359840981289436}. Best is trial 4 with value: 394.16505318492176.
/Users/kacper/micromamba/envs/stackelberg/lib/python3.10/site-packages/stable_baselines3/ppo/ppo.py:155: UserWarning: You have specified a mini-batch size of 231, but because the `RolloutBuffer` is of size `n_steps * n_envs = 894`, after every 3 untruncated mini-batches, there will be a truncated mini-batch of size 201
We recommend using a `batch_size` that is a factor of `n_steps * n_envs`.
Info: (n_steps=894 and n_envs=1)
  warnings.warn(
mean mean reward: 12.491781913415391, mean last reward: 15.631999998539687, score: 168.81178189881226
[I 2024-06-26 16:52:21,975] Trial 7 finished with value: 168.81178189881226 and parameters: {'learning_rate': 0.0002875415071900146, 'n_steps': 894, 'batch_size': 231, 'n_epochs': 7, 'clip_range': 0.3774776954206879, 'ent_coef': 0.016421162555389203, 'vf_coef': 0.9536114050881032, 'max_grad_norm': 0.7923347721282639, 'gae_lambda': 0.980187320798715, 'env_reward_weight': 0.5928153577639886}. Best is trial 4 with value: 394.16505318492176.
/Users/kacper/micromamba/envs/stackelberg/lib/python3.10/site-packages/stable_baselines3/ppo/ppo.py:155: UserWarning: You have specified a mini-batch size of 51, but because the `RolloutBuffer` is of size `n_steps * n_envs = 1093`, after every 21 untruncated mini-batches, there will be a truncated mini-batch of size 22
We recommend using a `batch_size` that is a factor of `n_steps * n_envs`.
Info: (n_steps=1093 and n_envs=1)
  warnings.warn(
mean mean reward: 10.968101062411245, mean last reward: 22.169999999403952, score: 232.66810105645078
[I 2024-06-26 16:53:39,154] Trial 8 finished with value: 232.66810105645078 and parameters: {'learning_rate': 0.005555716045499784, 'n_steps': 1093, 'batch_size': 51, 'n_epochs': 10, 'clip_range': 0.1682900552861366, 'ent_coef': 0.007744066065703482, 'vf_coef': 0.36279925987178474, 'max_grad_norm': 0.4251303149589987, 'gae_lambda': 0.9725435337280036, 'env_reward_weight': 0.39135418053089405}. Best is trial 4 with value: 394.16505318492176.
/Users/kacper/micromamba/envs/stackelberg/lib/python3.10/site-packages/stable_baselines3/ppo/ppo.py:155: UserWarning: You have specified a mini-batch size of 63, but because the `RolloutBuffer` is of size `n_steps * n_envs = 478`, after every 7 untruncated mini-batches, there will be a truncated mini-batch of size 37
We recommend using a `batch_size` that is a factor of `n_steps * n_envs`.
Info: (n_steps=478 and n_envs=1)
  warnings.warn(
mean mean reward: 14.660175530236373, mean last reward: 23.269999997988343, score: 247.3601755101198
[I 2024-06-26 16:55:07,189] Trial 9 finished with value: 247.3601755101198 and parameters: {'learning_rate': 0.0005330407422676725, 'n_steps': 478, 'batch_size': 63, 'n_epochs': 18, 'clip_range': 0.207731846571944, 'ent_coef': 0.03713640681762318, 'vf_coef': 0.9732269435454005, 'max_grad_norm': 0.9681707245020426, 'gae_lambda': 0.8165156511882891, 'env_reward_weight': 0.21519474448756298}. Best is trial 4 with value: 394.16505318492176.
/Users/kacper/micromamba/envs/stackelberg/lib/python3.10/site-packages/stable_baselines3/ppo/ppo.py:155: UserWarning: You have specified a mini-batch size of 127, but because the `RolloutBuffer` is of size `n_steps * n_envs = 674`, after every 5 untruncated mini-batches, there will be a truncated mini-batch of size 39
We recommend using a `batch_size` that is a factor of `n_steps * n_envs`.
Info: (n_steps=674 and n_envs=1)
  warnings.warn(
mean mean reward: 15.58875531783248, mean last reward: 36.27399999909103, score: 378.32875530874276
[I 2024-06-26 16:56:06,197] Trial 10 finished with value: 378.32875530874276 and parameters: {'learning_rate': 0.001237410520111579, 'n_steps': 674, 'batch_size': 127, 'n_epochs': 1, 'clip_range': 0.12347050768281861, 'ent_coef': 0.09369029646758462, 'vf_coef': 0.10055917777797889, 'max_grad_norm': 0.32889411718175765, 'gae_lambda': 0.9333611874587876, 'env_reward_weight': 0.3756401110323572}. Best is trial 4 with value: 394.16505318492176.
/Users/kacper/micromamba/envs/stackelberg/lib/python3.10/site-packages/stable_baselines3/ppo/ppo.py:155: UserWarning: You have specified a mini-batch size of 132, but because the `RolloutBuffer` is of size `n_steps * n_envs = 658`, after every 4 untruncated mini-batches, there will be a truncated mini-batch of size 130
We recommend using a `batch_size` that is a factor of `n_steps * n_envs`.
Info: (n_steps=658 and n_envs=1)
  warnings.warn(
mean mean reward: 12.511696807142108, mean last reward: 36.16199999898672, score: 374.13169679700934
[I 2024-06-26 16:57:01,121] Trial 11 finished with value: 374.13169679700934 and parameters: {'learning_rate': 0.0013097249154643237, 'n_steps': 658, 'batch_size': 132, 'n_epochs': 1, 'clip_range': 0.1044730905096915, 'ent_coef': 0.0978818665758208, 'vf_coef': 0.12721412385734812, 'max_grad_norm': 0.331875785086545, 'gae_lambda': 0.9410509809848884, 'env_reward_weight': 0.3717107686591708}. Best is trial 4 with value: 394.16505318492176.
/Users/kacper/micromamba/envs/stackelberg/lib/python3.10/site-packages/stable_baselines3/ppo/ppo.py:155: UserWarning: You have specified a mini-batch size of 110, but because the `RolloutBuffer` is of size `n_steps * n_envs = 64`, after every 0 untruncated mini-batches, there will be a truncated mini-batch of size 64
We recommend using a `batch_size` that is a factor of `n_steps * n_envs`.
Info: (n_steps=64 and n_envs=1)
  warnings.warn(
mean mean reward: 20.57061170085908, mean last reward: 29.497999998554587, score: 315.550611686405
[I 2024-06-26 16:58:09,257] Trial 12 finished with value: 315.550611686405 and parameters: {'learning_rate': 0.0014702980773769342, 'n_steps': 64, 'batch_size': 110, 'n_epochs': 1, 'clip_range': 0.10245166258687129, 'ent_coef': 0.09658698218260789, 'vf_coef': 0.1075974159936158, 'max_grad_norm': 0.30969008648355717, 'gae_lambda': 0.9318495545881622, 'env_reward_weight': 0.3815808233475497}. Best is trial 4 with value: 394.16505318492176.
/Users/kacper/micromamba/envs/stackelberg/lib/python3.10/site-packages/stable_baselines3/ppo/ppo.py:155: UserWarning: You have specified a mini-batch size of 161, but because the `RolloutBuffer` is of size `n_steps * n_envs = 739`, after every 4 untruncated mini-batches, there will be a truncated mini-batch of size 95
We recommend using a `batch_size` that is a factor of `n_steps * n_envs`.
Info: (n_steps=739 and n_envs=1)
  warnings.warn(
mean mean reward: 20.776074466941918, mean last reward: 29.662999998927113, score: 317.40607445621305
[I 2024-06-26 16:59:15,956] Trial 13 finished with value: 317.40607445621305 and parameters: {'learning_rate': 0.0015325194788858938, 'n_steps': 739, 'batch_size': 161, 'n_epochs': 4, 'clip_range': 0.2700544692684445, 'ent_coef': 0.07573532908304084, 'vf_coef': 0.23566635817502923, 'max_grad_norm': 0.47077393367053355, 'gae_lambda': 0.9320452033282951, 'env_reward_weight': 0.21211378384323182}. Best is trial 4 with value: 394.16505318492176.
/Users/kacper/micromamba/envs/stackelberg/lib/python3.10/site-packages/stable_baselines3/ppo/ppo.py:155: UserWarning: You have specified a mini-batch size of 100, but because the `RolloutBuffer` is of size `n_steps * n_envs = 321`, after every 3 untruncated mini-batches, there will be a truncated mini-batch of size 21
We recommend using a `batch_size` that is a factor of `n_steps * n_envs`.
Info: (n_steps=321 and n_envs=1)
  warnings.warn(
mean mean reward: 17.95643084979279, mean last reward: 29.723999998643997, score: 315.19643083623276
[I 2024-06-26 17:00:21,920] Trial 14 finished with value: 315.19643083623276 and parameters: {'learning_rate': 0.009828408445191603, 'n_steps': 321, 'batch_size': 100, 'n_epochs': 4, 'clip_range': 0.1447181489657692, 'ent_coef': 0.03750554958230076, 'vf_coef': 0.59003716355964, 'max_grad_norm': 0.5871753062374405, 'gae_lambda': 0.9525197815110797, 'env_reward_weight': 0.5576125695704542}. Best is trial 4 with value: 394.16505318492176.
/Users/kacper/micromamba/envs/stackelberg/lib/python3.10/site-packages/stable_baselines3/ppo/ppo.py:155: UserWarning: You have specified a mini-batch size of 154, but because the `RolloutBuffer` is of size `n_steps * n_envs = 627`, after every 4 untruncated mini-batches, there will be a truncated mini-batch of size 11
We recommend using a `batch_size` that is a factor of `n_steps * n_envs`.
Info: (n_steps=627 and n_envs=1)
  warnings.warn(
mean mean reward: 18.577888296546934, mean last reward: 30.037999998927113, score: 318.95788828581806
